# JRE version: OpenJDK Runtime Environment (17.0.6) (build 17.0.6+0-b2043.56-10027231)
# Java VM: OpenJDK 64-Bit Server VM (17.0.6+0-b2043.56-10027231, mixed mode, tiered, compressed oops, compressed class ptrs, g1 gc, windows-amd64)
GC Precious Log:
 CPUs: 4 total, 4 available
 Memory: 14264M
 Large Page Support: Disabled
 NUMA Support: Disabled
 Compressed Oops: Enabled (32-bit)
 Heap Region Size: 1M
 Heap Min Capacity: 8M
 Heap Initial Capacity: 224M
 Heap Max Capacity: 2G
 Pre-touch: Disabled
 Parallel Workers: 4
 Concurrent Workers: 1
 Concurrent Refinement Workers: 4
 Periodic GC: Disabled
Heap:
 garbage-first heap   total 229376K, used 92298K [0x0000000080000000, 0x0000000100000000)
  region size 1024K, 1 young (1024K), 1 survivors (1024K)
 Metaspace       used 94795K, committed 95488K, reserved 1138688K
  class space    used 12896K, committed 13184K, reserved 1048576K
GC Heap History (20 events):
Event: 9.375 GC heap after
{Heap after GC invocations=26 (full 0):
 garbage-first heap   total 135168K, used 62978K [0x0000000080000000, 0x0000000100000000)
  region size 1024K, 6 young (6144K), 6 survivors (6144K)
 Metaspace       used 77741K, committed 78336K, reserved 1122304K
  class space    used 10586K, committed 10880K, reserved 1048576K
}
Event: 9.965 GC heap before
{Heap before GC invocations=26 (full 0):
 garbage-first heap   total 135168K, used 104962K [0x0000000080000000, 0x0000000100000000)
  region size 1024K, 47 young (48128K), 6 survivors (6144K)
 Metaspace       used 81778K, committed 82432K, reserved 1122304K
  class space    used 11133K, committed 11456K, reserved 1048576K
}
Event: 9.975 GC heap after
{Heap after GC invocations=27 (full 0):
 garbage-first heap   total 135168K, used 66922K [0x0000000080000000, 0x0000000100000000)
  region size 1024K, 4 young (4096K), 4 survivors (4096K)
 Metaspace       used 81778K, committed 82432K, reserved 1122304K
  class space    used 11133K, committed 11456K, reserved 1048576K
}
Event: 10.202 GC heap before
{Heap before GC invocations=27 (full 0):
 garbage-first heap   total 135168K, used 105834K [0x0000000080000000, 0x0000000100000000)
  region size 1024K, 42 young (43008K), 4 survivors (4096K)
 Metaspace       used 81942K, committed 82624K, reserved 1122304K
  class space    used 11148K, committed 11456K, reserved 1048576K
}
Event: 10.213 GC heap after
{Heap after GC invocations=28 (full 0):
 garbage-first heap   total 135168K, used 73238K [0x0000000080000000, 0x0000000100000000)
  region size 1024K, 6 young (6144K), 6 survivors (6144K)
 Metaspace       used 81942K, committed 82624K, reserved 1122304K
  class space    used 11148K, committed 11456K, reserved 1048576K
}
Event: 10.895 GC heap before
{Heap before GC invocations=29 (full 0):
 garbage-first heap   total 135168K, used 106006K [0x0000000080000000, 0x0000000100000000)
  region size 1024K, 39 young (39936K), 6 survivors (6144K)
 Metaspace       used 84353K, committed 84992K, reserved 1130496K
  class space    used 11597K, committed 11904K, reserved 1048576K
}
Event: 10.903 GC heap after
{Heap after GC invocations=30 (full 0):
 garbage-first heap   total 135168K, used 78587K [0x0000000080000000, 0x0000000100000000)
  region size 1024K, 5 young (5120K), 5 survivors (5120K)
 Metaspace       used 84353K, committed 84992K, reserved 1130496K
  class space    used 11597K, committed 11904K, reserved 1048576K
}
Event: 10.915 GC heap before
{Heap before GC invocations=30 (full 0):
 garbage-first heap   total 135168K, used 79611K [0x0000000080000000, 0x0000000100000000)
  region size 1024K, 6 young (6144K), 5 survivors (5120K)
 Metaspace       used 84354K, committed 84992K, reserved 1130496K
  class space    used 11597K, committed 11904K, reserved 1048576K
}
Event: 10.922 GC heap after
{Heap after GC invocations=31 (full 0):
 garbage-first heap   total 162816K, used 79045K [0x0000000080000000, 0x0000000100000000)
  region size 1024K, 1 young (1024K), 1 survivors (1024K)
 Metaspace       used 84354K, committed 84992K, reserved 1130496K
  class space    used 11597K, committed 11904K, reserved 1048576K
}
Event: 11.679 GC heap before
{Heap before GC invocations=31 (full 0):
 garbage-first heap   total 162816K, used 128197K [0x0000000080000000, 0x0000000100000000)
  region size 1024K, 50 young (51200K), 1 survivors (1024K)
 Metaspace       used 84903K, committed 85504K, reserved 1130496K
  class space    used 11632K, committed 11904K, reserved 1048576K
}
Event: 11.687 GC heap after
{Heap after GC invocations=32 (full 0):
 garbage-first heap   total 162816K, used 83141K [0x0000000080000000, 0x0000000100000000)
  region size 1024K, 5 young (5120K), 5 survivors (5120K)
 Metaspace       used 84903K, committed 85504K, reserved 1130496K
  class space    used 11632K, committed 11904K, reserved 1048576K
}
Event: 12.229 GC heap before
{Heap before GC invocations=33 (full 0):
 garbage-first heap   total 162816K, used 128197K [0x0000000080000000, 0x0000000100000000)
  region size 1024K, 50 young (51200K), 5 survivors (5120K)
 Metaspace       used 85379K, committed 86016K, reserved 1130496K
  class space    used 11659K, committed 11968K, reserved 1048576K
}
Event: 12.236 GC heap after
{Heap after GC invocations=34 (full 0):
 garbage-first heap   total 162816K, used 86391K [0x0000000080000000, 0x0000000100000000)
  region size 1024K, 5 young (5120K), 5 survivors (5120K)
 Metaspace       used 85379K, committed 86016K, reserved 1130496K
  class space    used 11659K, committed 11968K, reserved 1048576K
}
Event: 12.269 GC heap before
{Heap before GC invocations=34 (full 0):
 garbage-first heap   total 162816K, used 87415K [0x0000000080000000, 0x0000000100000000)
  region size 1024K, 7 young (7168K), 5 survivors (5120K)
 Metaspace       used 85632K, committed 86272K, reserved 1130496K
  class space    used 11717K, committed 12032K, reserved 1048576K
}
Event: 12.274 GC heap after
{Heap after GC invocations=35 (full 0):
 garbage-first heap   total 162816K, used 86019K [0x0000000080000000, 0x0000000100000000)
  region size 1024K, 1 young (1024K), 1 survivors (1024K)
 Metaspace       used 85632K, committed 86272K, reserved 1130496K
  class space    used 11717K, committed 12032K, reserved 1048576K
}
Event: 12.757 GC heap before
{Heap before GC invocations=35 (full 0):
 garbage-first heap   total 162816K, used 130051K [0x0000000080000000, 0x0000000100000000)
  region size 1024K, 45 young (46080K), 1 survivors (1024K)
 Metaspace       used 88547K, committed 89216K, reserved 1130496K
  class space    used 12068K, committed 12352K, reserved 1048576K
}
Event: 12.761 GC heap after
{Heap after GC invocations=36 (full 0):
 garbage-first heap   total 162816K, used 88778K [0x0000000080000000, 0x0000000100000000)
  region size 1024K, 4 young (4096K), 4 survivors (4096K)
 Metaspace       used 88547K, committed 89216K, reserved 1130496K
  class space    used 12068K, committed 12352K, reserved 1048576K
}
Event: 13.277 GC heap before
{Heap before GC invocations=37 (full 0):
 garbage-first heap   total 162816K, used 130762K [0x0000000080000000, 0x0000000100000000)
  region size 1024K, 46 young (47104K), 4 survivors (4096K)
 Metaspace       used 94591K, committed 95296K, reserved 1138688K
  class space    used 12860K, committed 13184K, reserved 1048576K
}
Event: 13.284 GC heap after
{Heap after GC invocations=38 (full 0):
 garbage-first heap   total 162816K, used 93357K [0x0000000080000000, 0x0000000100000000)
  region size 1024K, 5 young (5120K), 5 survivors (5120K)
 Metaspace       used 94591K, committed 95296K, reserved 1138688K
  class space    used 12860K, committed 13184K, reserved 1048576K
}
Event: 13.315 GC heap before
{Heap before GC invocations=38 (full 0):
 garbage-first heap   total 162816K, used 95405K [0x0000000080000000, 0x0000000100000000)
  region size 1024K, 7 young (7168K), 5 survivors (5120K)
 Metaspace       used 94795K, committed 95488K, reserved 1138688K
  class space    used 12896K, committed 13184K, reserved 1048576K
}

