# JRE version: OpenJDK Runtime Environment (17.0.6) (build 17.0.6+0-b2043.56-10027231)
# Java VM: OpenJDK 64-Bit Server VM (17.0.6+0-b2043.56-10027231, mixed mode, tiered, compressed oops, compressed class ptrs, g1 gc, windows-amd64)
GC Precious Log:
 CPUs: 4 total, 4 available
 Memory: 14264M
 Large Page Support: Disabled
 NUMA Support: Disabled
 Compressed Oops: Enabled (32-bit)
 Heap Region Size: 1M
 Heap Min Capacity: 8M
 Heap Initial Capacity: 224M
 Heap Max Capacity: 2G
 Pre-touch: Disabled
 Parallel Workers: 4
 Concurrent Workers: 1
 Concurrent Refinement Workers: 4
 Periodic GC: Disabled
Heap:
 garbage-first heap   total 444416K, used 122579K [0x0000000080000000, 0x0000000100000000)
  region size 1024K, 4 young (4096K), 4 survivors (4096K)
 Metaspace       used 147032K, committed 148352K, reserved 1179648K
  class space    used 19064K, committed 19648K, reserved 1048576K
GC Heap History (20 events):
Event: 5620.509 GC heap after
{Heap after GC invocations=70 (full 0):
 garbage-first heap   total 444416K, used 120407K [0x0000000080000000, 0x0000000100000000)
  region size 1024K, 2 young (2048K), 2 survivors (2048K)
 Metaspace       used 145093K, committed 145984K, reserved 1179648K
  class space    used 18848K, committed 19264K, reserved 1048576K
}
Event: 5620.714 GC heap before
{Heap before GC invocations=70 (full 0):
 garbage-first heap   total 444416K, used 144983K [0x0000000080000000, 0x0000000100000000)
  region size 1024K, 28 young (28672K), 2 survivors (2048K)
 Metaspace       used 145115K, committed 145984K, reserved 1179648K
  class space    used 18848K, committed 19264K, reserved 1048576K
}
Event: 5620.721 GC heap after
{Heap after GC invocations=71 (full 0):
 garbage-first heap   total 444416K, used 124139K [0x0000000080000000, 0x0000000100000000)
  region size 1024K, 6 young (6144K), 6 survivors (6144K)
 Metaspace       used 145115K, committed 145984K, reserved 1179648K
  class space    used 18848K, committed 19264K, reserved 1048576K
}
Event: 5712.487 GC heap before
{Heap before GC invocations=72 (full 0):
 garbage-first heap   total 444416K, used 406763K [0x0000000080000000, 0x0000000100000000)
  region size 1024K, 237 young (242688K), 6 survivors (6144K)
 Metaspace       used 145783K, committed 146816K, reserved 1179648K
  class space    used 18909K, committed 19392K, reserved 1048576K
}
Event: 5712.502 GC heap after
{Heap after GC invocations=73 (full 0):
 garbage-first heap   total 444416K, used 138016K [0x0000000080000000, 0x0000000100000000)
  region size 1024K, 20 young (20480K), 20 survivors (20480K)
 Metaspace       used 145783K, committed 146816K, reserved 1179648K
  class space    used 18909K, committed 19392K, reserved 1048576K
}
Event: 5712.505 GC heap before
{Heap before GC invocations=73 (full 0):
 garbage-first heap   total 444416K, used 139040K [0x0000000080000000, 0x0000000100000000)
  region size 1024K, 21 young (21504K), 20 survivors (20480K)
 Metaspace       used 145783K, committed 146816K, reserved 1179648K
  class space    used 18909K, committed 19392K, reserved 1048576K
}
Event: 5712.520 GC heap after
{Heap after GC invocations=74 (full 0):
 garbage-first heap   total 444416K, used 133001K [0x0000000080000000, 0x0000000100000000)
  region size 1024K, 2 young (2048K), 2 survivors (2048K)
 Metaspace       used 145783K, committed 146816K, reserved 1179648K
  class space    used 18909K, committed 19392K, reserved 1048576K
}
Event: 5712.576 GC heap before
{Heap before GC invocations=74 (full 0):
 garbage-first heap   total 444416K, used 141193K [0x0000000080000000, 0x0000000100000000)
  region size 1024K, 12 young (12288K), 2 survivors (2048K)
 Metaspace       used 145801K, committed 146816K, reserved 1179648K
  class space    used 18909K, committed 19392K, reserved 1048576K
}
Event: 5712.584 GC heap after
{Heap after GC invocations=75 (full 0):
 garbage-first heap   total 444416K, used 138633K [0x0000000080000000, 0x0000000100000000)
  region size 1024K, 7 young (7168K), 7 survivors (7168K)
 Metaspace       used 145801K, committed 146816K, reserved 1179648K
  class space    used 18909K, committed 19392K, reserved 1048576K
}
Event: 5810.585 GC heap before
{Heap before GC invocations=76 (full 0):
 garbage-first heap   total 444416K, used 393609K [0x0000000080000000, 0x0000000100000000)
  region size 1024K, 214 young (219136K), 7 survivors (7168K)
 Metaspace       used 146235K, committed 147200K, reserved 1179648K
  class space    used 18920K, committed 19392K, reserved 1048576K
}
Event: 5810.593 GC heap after
{Heap after GC invocations=77 (full 0):
 garbage-first heap   total 444416K, used 141065K [0x0000000080000000, 0x0000000100000000)
  region size 1024K, 8 young (8192K), 8 survivors (8192K)
 Metaspace       used 146235K, committed 147200K, reserved 1179648K
  class space    used 18920K, committed 19392K, reserved 1048576K
}
Event: 5810.737 GC heap before
{Heap before GC invocations=77 (full 0):
 garbage-first heap   total 444416K, used 154377K [0x0000000080000000, 0x0000000100000000)
  region size 1024K, 21 young (21504K), 8 survivors (8192K)
 Metaspace       used 146346K, committed 147456K, reserved 1179648K
  class space    used 18945K, committed 19456K, reserved 1048576K
}
Event: 5810.747 GC heap after
{Heap after GC invocations=78 (full 0):
 garbage-first heap   total 444416K, used 130915K [0x0000000080000000, 0x0000000100000000)
  region size 1024K, 3 young (3072K), 3 survivors (3072K)
 Metaspace       used 146346K, committed 147456K, reserved 1179648K
  class space    used 18945K, committed 19456K, reserved 1048576K
}
Event: 5810.850 GC heap before
{Heap before GC invocations=78 (full 0):
 garbage-first heap   total 444416K, used 144227K [0x0000000080000000, 0x0000000100000000)
  region size 1024K, 17 young (17408K), 3 survivors (3072K)
 Metaspace       used 146367K, committed 147456K, reserved 1179648K
  class space    used 18945K, committed 19456K, reserved 1048576K
}
Event: 5810.855 GC heap after
{Heap after GC invocations=79 (full 0):
 garbage-first heap   total 444416K, used 132505K [0x0000000080000000, 0x0000000100000000)
  region size 1024K, 5 young (5120K), 5 survivors (5120K)
 Metaspace       used 146367K, committed 147456K, reserved 1179648K
  class space    used 18945K, committed 19456K, reserved 1048576K
}
Event: 5992.150 GC heap before
{Heap before GC invocations=80 (full 0):
 garbage-first heap   total 444416K, used 381337K [0x0000000080000000, 0x0000000100000000)
  region size 1024K, 210 young (215040K), 5 survivors (5120K)
 Metaspace       used 146954K, committed 148224K, reserved 1179648K
  class space    used 19050K, committed 19648K, reserved 1048576K
}
Event: 5992.163 GC heap after
{Heap after GC invocations=81 (full 0):
 garbage-first heap   total 444416K, used 135011K [0x0000000080000000, 0x0000000100000000)
  region size 1024K, 15 young (15360K), 15 survivors (15360K)
 Metaspace       used 146954K, committed 148224K, reserved 1179648K
  class space    used 19050K, committed 19648K, reserved 1048576K
}
Event: 5992.173 GC heap before
{Heap before GC invocations=81 (full 0):
 garbage-first heap   total 444416K, used 141155K [0x0000000080000000, 0x0000000100000000)
  region size 1024K, 21 young (21504K), 15 survivors (15360K)
 Metaspace       used 146954K, committed 148224K, reserved 1179648K
  class space    used 19050K, committed 19648K, reserved 1048576K
}
Event: 5992.191 GC heap after
{Heap after GC invocations=82 (full 0):
 garbage-first heap   total 444416K, used 121640K [0x0000000080000000, 0x0000000100000000)
  region size 1024K, 3 young (3072K), 3 survivors (3072K)
 Metaspace       used 146954K, committed 148224K, reserved 1179648K
  class space    used 19050K, committed 19648K, reserved 1048576K
}
Event: 5992.333 GC heap before
{Heap before GC invocations=82 (full 0):
 garbage-first heap   total 444416K, used 149288K [0x0000000080000000, 0x0000000100000000)
  region size 1024K, 32 young (32768K), 3 survivors (3072K)
 Metaspace       used 147032K, committed 148352K, reserved 1179648K
  class space    used 19064K, committed 19648K, reserved 1048576K
}

