# JRE version: OpenJDK Runtime Environment (17.0.6) (build 17.0.6+0-b2043.56-10027231)
# Java VM: OpenJDK 64-Bit Server VM (17.0.6+0-b2043.56-10027231, mixed mode, tiered, compressed oops, compressed class ptrs, g1 gc, windows-amd64)
GC Precious Log:
 CPUs: 4 total, 4 available
 Memory: 14264M
 Large Page Support: Disabled
 NUMA Support: Disabled
 Compressed Oops: Enabled (32-bit)
 Heap Region Size: 1M
 Heap Min Capacity: 8M
 Heap Initial Capacity: 224M
 Heap Max Capacity: 2G
 Pre-touch: Disabled
 Parallel Workers: 4
 Concurrent Workers: 1
 Concurrent Refinement Workers: 4
 Periodic GC: Disabled
Heap:
 garbage-first heap   total 437248K, used 128561K [0x0000000080000000, 0x0000000100000000)
  region size 1024K, 10 young (10240K), 2 survivors (2048K)
 Metaspace       used 135456K, committed 136768K, reserved 1171456K
  class space    used 17866K, committed 18432K, reserved 1048576K
GC Heap History (20 events):
Event: 730.911 GC heap before
{Heap before GC invocations=45 (full 0):
 garbage-first heap   total 437248K, used 127610K [0x0000000080000000, 0x0000000100000000)
  region size 1024K, 21 young (21504K), 6 survivors (6144K)
 Metaspace       used 106244K, committed 107200K, reserved 1146880K
  class space    used 13983K, committed 14464K, reserved 1048576K
}
Event: 730.921 GC heap after
{Heap after GC invocations=46 (full 0):
 garbage-first heap   total 437248K, used 111246K [0x0000000080000000, 0x0000000100000000)
  region size 1024K, 3 young (3072K), 3 survivors (3072K)
 Metaspace       used 106244K, committed 107200K, reserved 1146880K
  class space    used 13983K, committed 14464K, reserved 1048576K
}
Event: 731.256 GC heap before
{Heap before GC invocations=46 (full 0):
 garbage-first heap   total 437248K, used 141966K [0x0000000080000000, 0x0000000100000000)
  region size 1024K, 35 young (35840K), 3 survivors (3072K)
 Metaspace       used 106321K, committed 107264K, reserved 1146880K
  class space    used 13983K, committed 14464K, reserved 1048576K
}
Event: 731.270 GC heap after
{Heap after GC invocations=47 (full 0):
 garbage-first heap   total 437248K, used 126989K [0x0000000080000000, 0x0000000100000000)
  region size 1024K, 21 young (21504K), 21 survivors (21504K)
 Metaspace       used 106321K, committed 107264K, reserved 1146880K
  class space    used 13983K, committed 14464K, reserved 1048576K
}
Event: 737.281 GC heap before
{Heap before GC invocations=48 (full 0):
 garbage-first heap   total 437248K, used 278541K [0x0000000080000000, 0x0000000100000000)
  region size 1024K, 155 young (158720K), 21 survivors (21504K)
 Metaspace       used 114713K, committed 115584K, reserved 1155072K
  class space    used 15009K, committed 15424K, reserved 1048576K
}
Event: 737.301 GC heap after
{Heap after GC invocations=49 (full 0):
 garbage-first heap   total 437248K, used 120527K [0x0000000080000000, 0x0000000100000000)
  region size 1024K, 12 young (12288K), 12 survivors (12288K)
 Metaspace       used 114713K, committed 115584K, reserved 1155072K
  class space    used 15009K, committed 15424K, reserved 1048576K
}
Event: 737.489 GC heap before
{Heap before GC invocations=49 (full 0):
 garbage-first heap   total 437248K, used 131791K [0x0000000080000000, 0x0000000100000000)
  region size 1024K, 21 young (21504K), 12 survivors (12288K)
 Metaspace       used 114812K, committed 115712K, reserved 1155072K
  class space    used 15017K, committed 15424K, reserved 1048576K
}
Event: 737.501 GC heap after
{Heap after GC invocations=50 (full 0):
 garbage-first heap   total 437248K, used 119662K [0x0000000080000000, 0x0000000100000000)
  region size 1024K, 3 young (3072K), 3 survivors (3072K)
 Metaspace       used 114812K, committed 115712K, reserved 1155072K
  class space    used 15017K, committed 15424K, reserved 1048576K
}
Event: 741.450 GC heap before
{Heap before GC invocations=50 (full 0):
 garbage-first heap   total 437248K, used 178030K [0x0000000080000000, 0x0000000100000000)
  region size 1024K, 62 young (63488K), 3 survivors (3072K)
 Metaspace       used 117731K, committed 118656K, reserved 1155072K
  class space    used 15299K, committed 15744K, reserved 1048576K
}
Event: 741.461 GC heap after
{Heap after GC invocations=51 (full 0):
 garbage-first heap   total 437248K, used 126624K [0x0000000080000000, 0x0000000100000000)
  region size 1024K, 10 young (10240K), 10 survivors (10240K)
 Metaspace       used 117731K, committed 118656K, reserved 1155072K
  class space    used 15299K, committed 15744K, reserved 1048576K
}
Event: 745.702 GC heap before
{Heap before GC invocations=52 (full 0):
 garbage-first heap   total 437248K, used 309920K [0x0000000080000000, 0x0000000100000000)
  region size 1024K, 168 young (172032K), 10 survivors (10240K)
 Metaspace       used 134002K, committed 134976K, reserved 1171456K
  class space    used 17659K, committed 18112K, reserved 1048576K
}
Event: 745.720 GC heap after
{Heap after GC invocations=53 (full 0):
 garbage-first heap   total 437248K, used 128657K [0x0000000080000000, 0x0000000100000000)
  region size 1024K, 12 young (12288K), 12 survivors (12288K)
 Metaspace       used 134002K, committed 134976K, reserved 1171456K
  class space    used 17659K, committed 18112K, reserved 1048576K
}
Event: 1125.594 GC heap before
{Heap before GC invocations=53 (full 0):
 garbage-first heap   total 437248K, used 136849K [0x0000000080000000, 0x0000000100000000)
  region size 1024K, 21 young (21504K), 12 survivors (12288K)
 Metaspace       used 134034K, committed 134976K, reserved 1171456K
  class space    used 17659K, committed 18112K, reserved 1048576K
}
Event: 1125.604 GC heap after
{Heap after GC invocations=54 (full 0):
 garbage-first heap   total 437248K, used 126531K [0x0000000080000000, 0x0000000100000000)
  region size 1024K, 2 young (2048K), 2 survivors (2048K)
 Metaspace       used 134034K, committed 134976K, reserved 1171456K
  class space    used 17659K, committed 18112K, reserved 1048576K
}
Event: 1200.170 GC heap before
{Heap before GC invocations=54 (full 0):
 garbage-first heap   total 437248K, used 177731K [0x0000000080000000, 0x0000000100000000)
  region size 1024K, 53 young (54272K), 2 survivors (2048K)
 Metaspace       used 134253K, committed 135232K, reserved 1171456K
  class space    used 17671K, committed 18112K, reserved 1048576K
}
Event: 1200.177 GC heap after
{Heap after GC invocations=55 (full 0):
 garbage-first heap   total 437248K, used 130627K [0x0000000080000000, 0x0000000100000000)
  region size 1024K, 6 young (6144K), 6 survivors (6144K)
 Metaspace       used 134253K, committed 135232K, reserved 1171456K
  class space    used 17671K, committed 18112K, reserved 1048576K
}
Event: 1213.668 GC heap before
{Heap before GC invocations=56 (full 0):
 garbage-first heap   total 437248K, used 331331K [0x0000000080000000, 0x0000000100000000)
  region size 1024K, 187 young (191488K), 6 survivors (6144K)
 Metaspace       used 135103K, committed 136192K, reserved 1171456K
  class space    used 17774K, committed 18304K, reserved 1048576K
}
Event: 1213.678 GC heap after
{Heap after GC invocations=57 (full 0):
 garbage-first heap   total 437248K, used 130100K [0x0000000080000000, 0x0000000100000000)
  region size 1024K, 7 young (7168K), 7 survivors (7168K)
 Metaspace       used 135103K, committed 136192K, reserved 1171456K
  class space    used 17774K, committed 18304K, reserved 1048576K
}
Event: 1214.146 GC heap before
{Heap before GC invocations=57 (full 0):
 garbage-first heap   total 437248K, used 144436K [0x0000000080000000, 0x0000000100000000)
  region size 1024K, 21 young (21504K), 7 survivors (7168K)
 Metaspace       used 135369K, committed 136512K, reserved 1171456K
  class space    used 17845K, committed 18368K, reserved 1048576K
}
Event: 1214.154 GC heap after
{Heap after GC invocations=58 (full 0):
 garbage-first heap   total 437248K, used 121393K [0x0000000080000000, 0x0000000100000000)
  region size 1024K, 2 young (2048K), 2 survivors (2048K)
 Metaspace       used 135369K, committed 136512K, reserved 1171456K
  class space    used 17845K, committed 18368K, reserved 1048576K
}

