# JRE version: OpenJDK Runtime Environment (17.0.6) (build 17.0.6+0-b2043.56-10027231)
# Java VM: OpenJDK 64-Bit Server VM (17.0.6+0-b2043.56-10027231, mixed mode, tiered, compressed oops, compressed class ptrs, g1 gc, windows-amd64)
GC Precious Log:
 CPUs: 4 total, 4 available
 Memory: 14264M
 Large Page Support: Disabled
 NUMA Support: Disabled
 Compressed Oops: Enabled (32-bit)
 Heap Region Size: 1M
 Heap Min Capacity: 8M
 Heap Initial Capacity: 224M
 Heap Max Capacity: 2G
 Pre-touch: Disabled
 Parallel Workers: 4
 Concurrent Workers: 1
 Concurrent Refinement Workers: 4
 Periodic GC: Disabled
Heap:
 garbage-first heap   total 365568K, used 256000K [0x0000000080000000, 0x0000000100000000)
  region size 1024K, 7 young (7168K), 7 survivors (7168K)
 Metaspace       used 142263K, committed 143296K, reserved 1179648K
  class space    used 18715K, committed 19200K, reserved 1048576K
GC Heap History (20 events):
Event: 79.314 GC heap after
{Heap after GC invocations=59 (full 0):
 garbage-first heap   total 275456K, used 137643K [0x0000000080000000, 0x0000000100000000)
  region size 1024K, 4 young (4096K), 4 survivors (4096K)
 Metaspace       used 139835K, committed 140864K, reserved 1171456K
  class space    used 18485K, committed 19008K, reserved 1048576K
}
Event: 79.714 GC heap before
{Heap before GC invocations=59 (full 0):
 garbage-first heap   total 275456K, used 235947K [0x0000000080000000, 0x0000000100000000)
  region size 1024K, 100 young (102400K), 4 survivors (4096K)
 Metaspace       used 139863K, committed 140864K, reserved 1171456K
  class space    used 18486K, committed 19008K, reserved 1048576K
}
Event: 79.719 GC heap after
{Heap after GC invocations=60 (full 0):
 garbage-first heap   total 275456K, used 138789K [0x0000000080000000, 0x0000000100000000)
  region size 1024K, 5 young (5120K), 5 survivors (5120K)
 Metaspace       used 139863K, committed 140864K, reserved 1171456K
  class space    used 18486K, committed 19008K, reserved 1048576K
}
Event: 80.105 GC heap before
{Heap before GC invocations=60 (full 0):
 garbage-first heap   total 275456K, used 237093K [0x0000000080000000, 0x0000000100000000)
  region size 1024K, 101 young (103424K), 5 survivors (5120K)
 Metaspace       used 139881K, committed 140864K, reserved 1171456K
  class space    used 18487K, committed 19008K, reserved 1048576K
}
Event: 80.109 GC heap after
{Heap after GC invocations=61 (full 0):
 garbage-first heap   total 275456K, used 137996K [0x0000000080000000, 0x0000000100000000)
  region size 1024K, 4 young (4096K), 4 survivors (4096K)
 Metaspace       used 139881K, committed 140864K, reserved 1171456K
  class space    used 18487K, committed 19008K, reserved 1048576K
}
Event: 80.557 GC heap before
{Heap before GC invocations=61 (full 0):
 garbage-first heap   total 275456K, used 238348K [0x0000000080000000, 0x0000000100000000)
  region size 1024K, 103 young (105472K), 4 survivors (4096K)
 Metaspace       used 140051K, committed 141056K, reserved 1171456K
  class space    used 18494K, committed 19008K, reserved 1048576K
}
Event: 80.564 GC heap after
{Heap after GC invocations=62 (full 0):
 garbage-first heap   total 275456K, used 138206K [0x0000000080000000, 0x0000000100000000)
  region size 1024K, 4 young (4096K), 4 survivors (4096K)
 Metaspace       used 140051K, committed 141056K, reserved 1171456K
  class space    used 18494K, committed 19008K, reserved 1048576K
}
Event: 81.918 GC heap before
{Heap before GC invocations=62 (full 0):
 garbage-first heap   total 275456K, used 242654K [0x0000000080000000, 0x0000000100000000)
  region size 1024K, 104 young (106496K), 4 survivors (4096K)
 Metaspace       used 141469K, committed 142528K, reserved 1179648K
  class space    used 18613K, committed 19136K, reserved 1048576K
}
Event: 81.931 GC heap after
{Heap after GC invocations=63 (full 0):
 garbage-first heap   total 275456K, used 147930K [0x0000000080000000, 0x0000000100000000)
  region size 1024K, 13 young (13312K), 13 survivors (13312K)
 Metaspace       used 141469K, committed 142528K, reserved 1179648K
  class space    used 18613K, committed 19136K, reserved 1048576K
}
Event: 82.492 GC heap before
{Heap before GC invocations=63 (full 0):
 garbage-first heap   total 275456K, used 212442K [0x0000000080000000, 0x0000000100000000)
  region size 1024K, 54 young (55296K), 13 survivors (13312K)
 Metaspace       used 141616K, committed 142656K, reserved 1179648K
  class space    used 18625K, committed 19136K, reserved 1048576K
}
Event: 82.502 GC heap after
{Heap after GC invocations=64 (full 0):
 garbage-first heap   total 275456K, used 172736K [0x0000000080000000, 0x0000000100000000)
  region size 1024K, 11 young (11264K), 11 survivors (11264K)
 Metaspace       used 141616K, committed 142656K, reserved 1179648K
  class space    used 18625K, committed 19136K, reserved 1048576K
}
Event: 82.879 GC heap before
{Heap before GC invocations=65 (full 0):
 garbage-first heap   total 365568K, used 244416K [0x0000000080000000, 0x0000000100000000)
  region size 1024K, 65 young (66560K), 11 survivors (11264K)
 Metaspace       used 141656K, committed 142720K, reserved 1179648K
  class space    used 18626K, committed 19136K, reserved 1048576K
}
Event: 82.902 GC heap after
{Heap after GC invocations=66 (full 0):
 garbage-first heap   total 365568K, used 195584K [0x0000000080000000, 0x0000000100000000)
  region size 1024K, 9 young (9216K), 9 survivors (9216K)
 Metaspace       used 141656K, committed 142720K, reserved 1179648K
  class space    used 18626K, committed 19136K, reserved 1048576K
}
Event: 82.955 GC heap before
{Heap before GC invocations=66 (full 0):
 garbage-first heap   total 365568K, used 204800K [0x0000000080000000, 0x0000000100000000)
  region size 1024K, 17 young (17408K), 9 survivors (9216K)
 Metaspace       used 141660K, committed 142720K, reserved 1179648K
  class space    used 18626K, committed 19136K, reserved 1048576K
}
Event: 82.973 GC heap after
{Heap after GC invocations=67 (full 0):
 garbage-first heap   total 365568K, used 196608K [0x0000000080000000, 0x0000000100000000)
  region size 1024K, 3 young (3072K), 3 survivors (3072K)
 Metaspace       used 141660K, committed 142720K, reserved 1179648K
  class space    used 18626K, committed 19136K, reserved 1048576K
}
Event: 83.333 GC heap before
{Heap before GC invocations=67 (full 0):
 garbage-first heap   total 365568K, used 280576K [0x0000000080000000, 0x0000000100000000)
  region size 1024K, 86 young (88064K), 3 survivors (3072K)
 Metaspace       used 141834K, committed 142848K, reserved 1179648K
  class space    used 18638K, committed 19136K, reserved 1048576K
}
Event: 83.371 GC heap after
{Heap after GC invocations=68 (full 0):
 garbage-first heap   total 365568K, used 218624K [0x0000000080000000, 0x0000000100000000)
  region size 1024K, 11 young (11264K), 11 survivors (11264K)
 Metaspace       used 141834K, committed 142848K, reserved 1179648K
  class space    used 18638K, committed 19136K, reserved 1048576K
}
Event: 84.266 GC heap before
{Heap before GC invocations=68 (full 0):
 garbage-first heap   total 365568K, used 285184K [0x0000000080000000, 0x0000000100000000)
  region size 1024K, 76 young (77824K), 11 survivors (11264K)
 Metaspace       used 141870K, committed 142912K, reserved 1179648K
  class space    used 18639K, committed 19136K, reserved 1048576K
}
Event: 84.302 GC heap after
{Heap after GC invocations=69 (full 0):
 garbage-first heap   total 365568K, used 244736K [0x0000000080000000, 0x0000000100000000)
  region size 1024K, 10 young (10240K), 10 survivors (10240K)
 Metaspace       used 141870K, committed 142912K, reserved 1179648K
  class space    used 18639K, committed 19136K, reserved 1048576K
}
Event: 84.626 GC heap before
{Heap before GC invocations=69 (full 0):
 garbage-first heap   total 365568K, used 287744K [0x0000000080000000, 0x0000000100000000)
  region size 1024K, 53 young (54272K), 10 survivors (10240K)
 Metaspace       used 142263K, committed 143296K, reserved 1179648K
  class space    used 18715K, committed 19200K, reserved 1048576K
}

