# JRE version: OpenJDK Runtime Environment (17.0.6) (build 17.0.6+0-b2043.56-10027231)
# Java VM: OpenJDK 64-Bit Server VM (17.0.6+0-b2043.56-10027231, mixed mode, tiered, compressed oops, compressed class ptrs, g1 gc, windows-amd64)
GC Precious Log:
 CPUs: 4 total, 4 available
 Memory: 14264M
 Large Page Support: Disabled
 NUMA Support: Disabled
 Compressed Oops: Enabled (32-bit)
 Heap Region Size: 1M
 Heap Min Capacity: 8M
 Heap Initial Capacity: 224M
 Heap Max Capacity: 2G
 Pre-touch: Disabled
 Parallel Workers: 4
 Concurrent Workers: 1
 Concurrent Refinement Workers: 4
 Periodic GC: Disabled
Heap:
 garbage-first heap   total 347136K, used 183276K [0x0000000080000000, 0x0000000100000000)
  region size 1024K, 77 young (78848K), 2 survivors (2048K)
 Metaspace       used 100801K, committed 101504K, reserved 1138688K
  class space    used 13208K, committed 13568K, reserved 1048576K
GC Heap History (20 events):
Event: 14.476 GC heap before
{Heap before GC invocations=47 (full 0):
 garbage-first heap   total 121856K, used 98289K [0x0000000080000000, 0x0000000100000000)
  region size 1024K, 31 young (31744K), 5 survivors (5120K)
 Metaspace       used 85682K, committed 86272K, reserved 1130496K
  class space    used 11685K, committed 11968K, reserved 1048576K
}
Event: 14.483 GC heap after
{Heap after GC invocations=48 (full 0):
 garbage-first heap   total 121856K, used 75941K [0x0000000080000000, 0x0000000100000000)
  region size 1024K, 3 young (3072K), 3 survivors (3072K)
 Metaspace       used 85682K, committed 86272K, reserved 1130496K
  class space    used 11685K, committed 11968K, reserved 1048576K
}
Event: 14.921 GC heap before
{Heap before GC invocations=49 (full 0):
 garbage-first heap   total 133120K, used 98469K [0x0000000080000000, 0x0000000100000000)
  region size 1024K, 26 young (26624K), 3 survivors (3072K)
 Metaspace       used 86341K, committed 86912K, reserved 1130496K
  class space    used 11773K, committed 12032K, reserved 1048576K
}
Event: 14.928 GC heap after
{Heap after GC invocations=50 (full 0):
 garbage-first heap   total 133120K, used 79814K [0x0000000080000000, 0x0000000100000000)
  region size 1024K, 4 young (4096K), 4 survivors (4096K)
 Metaspace       used 86341K, committed 86912K, reserved 1130496K
  class space    used 11773K, committed 12032K, reserved 1048576K
}
Event: 14.958 GC heap before
{Heap before GC invocations=50 (full 0):
 garbage-first heap   total 133120K, used 81862K [0x0000000080000000, 0x0000000100000000)
  region size 1024K, 6 young (6144K), 4 survivors (4096K)
 Metaspace       used 86351K, committed 86976K, reserved 1130496K
  class space    used 11773K, committed 12032K, reserved 1048576K
}
Event: 14.963 GC heap after
{Heap after GC invocations=51 (full 0):
 garbage-first heap   total 159744K, used 79373K [0x0000000080000000, 0x0000000100000000)
  region size 1024K, 1 young (1024K), 1 survivors (1024K)
 Metaspace       used 86351K, committed 86976K, reserved 1130496K
  class space    used 11773K, committed 12032K, reserved 1048576K
}
Event: 15.854 GC heap before
{Heap before GC invocations=51 (full 0):
 garbage-first heap   total 159744K, used 126477K [0x0000000080000000, 0x0000000100000000)
  region size 1024K, 47 young (48128K), 1 survivors (1024K)
 Metaspace       used 89279K, committed 89920K, reserved 1130496K
  class space    used 12125K, committed 12416K, reserved 1048576K
}
Event: 15.860 GC heap after
{Heap after GC invocations=52 (full 0):
 garbage-first heap   total 159744K, used 83737K [0x0000000080000000, 0x0000000100000000)
  region size 1024K, 5 young (5120K), 5 survivors (5120K)
 Metaspace       used 89279K, committed 89920K, reserved 1130496K
  class space    used 12125K, committed 12416K, reserved 1048576K
}
Event: 16.830 GC heap before
{Heap before GC invocations=53 (full 0):
 garbage-first heap   total 159744K, used 129817K [0x0000000080000000, 0x0000000100000000)
  region size 1024K, 48 young (49152K), 5 survivors (5120K)
 Metaspace       used 89671K, committed 90304K, reserved 1130496K
  class space    used 12125K, committed 12416K, reserved 1048576K
}
Event: 16.845 GC heap after
{Heap after GC invocations=54 (full 0):
 garbage-first heap   total 159744K, used 103095K [0x0000000080000000, 0x0000000100000000)
  region size 1024K, 6 young (6144K), 6 survivors (6144K)
 Metaspace       used 89671K, committed 90304K, reserved 1130496K
  class space    used 12125K, committed 12416K, reserved 1048576K
}
Event: 16.893 GC heap before
{Heap before GC invocations=54 (full 0):
 garbage-first heap   total 159744K, used 104119K [0x0000000080000000, 0x0000000100000000)
  region size 1024K, 7 young (7168K), 6 survivors (6144K)
 Metaspace       used 89869K, committed 90560K, reserved 1130496K
  class space    used 12144K, committed 12480K, reserved 1048576K
}
Event: 16.901 GC heap after
{Heap after GC invocations=55 (full 0):
 garbage-first heap   total 159744K, used 103199K [0x0000000080000000, 0x0000000100000000)
  region size 1024K, 1 young (1024K), 1 survivors (1024K)
 Metaspace       used 89869K, committed 90560K, reserved 1130496K
  class space    used 12144K, committed 12480K, reserved 1048576K
}
Event: 17.830 GC heap before
{Heap before GC invocations=55 (full 0):
 garbage-first heap   total 159744K, used 132895K [0x0000000080000000, 0x0000000100000000)
  region size 1024K, 23 young (23552K), 1 survivors (1024K)
 Metaspace       used 90678K, committed 91392K, reserved 1130496K
  class space    used 12224K, committed 12544K, reserved 1048576K
}
Event: 17.836 GC heap after
{Heap after GC invocations=56 (full 0):
 garbage-first heap   total 159744K, used 105381K [0x0000000080000000, 0x0000000100000000)
  region size 1024K, 3 young (3072K), 3 survivors (3072K)
 Metaspace       used 90678K, committed 91392K, reserved 1130496K
  class space    used 12224K, committed 12544K, reserved 1048576K
}
Event: 18.402 GC heap before
{Heap before GC invocations=57 (full 0):
 garbage-first heap   total 184320K, used 126885K [0x0000000080000000, 0x0000000100000000)
  region size 1024K, 24 young (24576K), 3 survivors (3072K)
 Metaspace       used 93415K, committed 94144K, reserved 1130496K
  class space    used 12562K, committed 12928K, reserved 1048576K
}
Event: 18.409 GC heap after
{Heap after GC invocations=58 (full 0):
 garbage-first heap   total 184320K, used 107789K [0x0000000080000000, 0x0000000100000000)
  region size 1024K, 3 young (3072K), 3 survivors (3072K)
 Metaspace       used 93415K, committed 94144K, reserved 1130496K
  class space    used 12562K, committed 12928K, reserved 1048576K
}
Event: 18.568 GC heap before
{Heap before GC invocations=58 (full 0):
 garbage-first heap   total 184320K, used 112909K [0x0000000080000000, 0x0000000100000000)
  region size 1024K, 9 young (9216K), 3 survivors (3072K)
 Metaspace       used 93507K, committed 94208K, reserved 1130496K
  class space    used 12569K, committed 12928K, reserved 1048576K
}
Event: 18.574 GC heap after
{Heap after GC invocations=59 (full 0):
 garbage-first heap   total 347136K, used 106946K [0x0000000080000000, 0x0000000100000000)
  region size 1024K, 1 young (1024K), 1 survivors (1024K)
 Metaspace       used 93507K, committed 94208K, reserved 1130496K
  class space    used 12569K, committed 12928K, reserved 1048576K
}
Event: 22.139 GC heap before
{Heap before GC invocations=59 (full 0):
 garbage-first heap   total 347136K, used 278978K [0x0000000080000000, 0x0000000100000000)
  region size 1024K, 147 young (150528K), 1 survivors (1024K)
 Metaspace       used 98302K, committed 98944K, reserved 1138688K
  class space    used 12947K, committed 13248K, reserved 1048576K
}
Event: 22.143 GC heap after
{Heap after GC invocations=60 (full 0):
 garbage-first heap   total 347136K, used 108524K [0x0000000080000000, 0x0000000100000000)
  region size 1024K, 2 young (2048K), 2 survivors (2048K)
 Metaspace       used 98302K, committed 98944K, reserved 1138688K
  class space    used 12947K, committed 13248K, reserved 1048576K
}

