# JRE version: OpenJDK Runtime Environment (17.0.6) (build 17.0.6+0-b2043.56-10027231)
# Java VM: OpenJDK 64-Bit Server VM (17.0.6+0-b2043.56-10027231, mixed mode, tiered, compressed oops, compressed class ptrs, g1 gc, windows-amd64)
GC Precious Log:
 CPUs: 4 total, 4 available
 Memory: 14264M
 Large Page Support: Disabled
 NUMA Support: Disabled
 Compressed Oops: Enabled (32-bit)
 Heap Region Size: 1M
 Heap Min Capacity: 8M
 Heap Initial Capacity: 224M
 Heap Max Capacity: 2G
 Pre-touch: Disabled
 Parallel Workers: 4
 Concurrent Workers: 1
 Concurrent Refinement Workers: 4
 Periodic GC: Disabled
Heap:
 garbage-first heap   total 200704K, used 103626K [0x0000000080000000, 0x0000000100000000)
  region size 1024K, 8 young (8192K), 8 survivors (8192K)
 Metaspace       used 103079K, committed 103808K, reserved 1138688K
  class space    used 14090K, committed 14464K, reserved 1048576K
GC Heap History (20 events):
Event: 7.815 GC heap after
{Heap after GC invocations=23 (full 0):
 garbage-first heap   total 114688K, used 55441K [0x0000000080000000, 0x0000000100000000)
  region size 1024K, 4 young (4096K), 4 survivors (4096K)
 Metaspace       used 62470K, committed 62976K, reserved 1105920K
  class space    used 8265K, committed 8512K, reserved 1048576K
}
Event: 8.178 GC heap before
{Heap before GC invocations=24 (full 0):
 garbage-first heap   total 114688K, used 80017K [0x0000000080000000, 0x0000000100000000)
  region size 1024K, 26 young (26624K), 4 survivors (4096K)
 Metaspace       used 64719K, committed 65216K, reserved 1105920K
  class space    used 8549K, committed 8768K, reserved 1048576K
}
Event: 8.184 GC heap after
{Heap after GC invocations=25 (full 0):
 garbage-first heap   total 114688K, used 52378K [0x0000000080000000, 0x0000000100000000)
  region size 1024K, 2 young (2048K), 2 survivors (2048K)
 Metaspace       used 64719K, committed 65216K, reserved 1105920K
  class space    used 8549K, committed 8768K, reserved 1048576K
}
Event: 8.225 GC heap before
{Heap before GC invocations=25 (full 0):
 garbage-first heap   total 114688K, used 55450K [0x0000000080000000, 0x0000000100000000)
  region size 1024K, 5 young (5120K), 2 survivors (2048K)
 Metaspace       used 64957K, committed 65472K, reserved 1105920K
  class space    used 8576K, committed 8768K, reserved 1048576K
}
Event: 8.228 GC heap after
{Heap after GC invocations=26 (full 0):
 garbage-first heap   total 114688K, used 52148K [0x0000000080000000, 0x0000000100000000)
  region size 1024K, 1 young (1024K), 1 survivors (1024K)
 Metaspace       used 64957K, committed 65472K, reserved 1105920K
  class space    used 8576K, committed 8768K, reserved 1048576K
}
Event: 8.451 GC heap before
{Heap before GC invocations=26 (full 0):
 garbage-first heap   total 114688K, used 72628K [0x0000000080000000, 0x0000000100000000)
  region size 1024K, 22 young (22528K), 1 survivors (1024K)
 Metaspace       used 66670K, committed 67264K, reserved 1114112K
  class space    used 8778K, committed 9088K, reserved 1048576K
}
Event: 8.454 GC heap after
{Heap after GC invocations=27 (full 0):
 garbage-first heap   total 200704K, used 54102K [0x0000000080000000, 0x0000000100000000)
  region size 1024K, 3 young (3072K), 3 survivors (3072K)
 Metaspace       used 66670K, committed 67264K, reserved 1114112K
  class space    used 8778K, committed 9088K, reserved 1048576K
}
Event: 9.282 GC heap before
{Heap before GC invocations=27 (full 0):
 garbage-first heap   total 200704K, used 128854K [0x0000000080000000, 0x0000000100000000)
  region size 1024K, 75 young (76800K), 3 survivors (3072K)
 Metaspace       used 71543K, committed 72192K, reserved 1114112K
  class space    used 9658K, committed 9984K, reserved 1048576K
}
Event: 9.291 GC heap after
{Heap after GC invocations=28 (full 0):
 garbage-first heap   total 200704K, used 59239K [0x0000000080000000, 0x0000000100000000)
  region size 1024K, 8 young (8192K), 8 survivors (8192K)
 Metaspace       used 71543K, committed 72192K, reserved 1114112K
  class space    used 9658K, committed 9984K, reserved 1048576K
}
Event: 10.573 GC heap before
{Heap before GC invocations=28 (full 0):
 garbage-first heap   total 200704K, used 143207K [0x0000000080000000, 0x0000000100000000)
  region size 1024K, 90 young (92160K), 8 survivors (8192K)
 Metaspace       used 80851K, committed 81472K, reserved 1122304K
  class space    used 11008K, committed 11328K, reserved 1048576K
}
Event: 10.587 GC heap after
{Heap after GC invocations=29 (full 0):
 garbage-first heap   total 200704K, used 65872K [0x0000000080000000, 0x0000000100000000)
  region size 1024K, 12 young (12288K), 12 survivors (12288K)
 Metaspace       used 80851K, committed 81472K, reserved 1122304K
  class space    used 11008K, committed 11328K, reserved 1048576K
}
Event: 11.497 GC heap before
{Heap before GC invocations=29 (full 0):
 garbage-first heap   total 200704K, used 148816K [0x0000000080000000, 0x0000000100000000)
  region size 1024K, 93 young (95232K), 12 survivors (12288K)
 Metaspace       used 84285K, committed 84928K, reserved 1130496K
  class space    used 11607K, committed 11904K, reserved 1048576K
}
Event: 11.515 GC heap after
{Heap after GC invocations=30 (full 0):
 garbage-first heap   total 200704K, used 77452K [0x0000000080000000, 0x0000000100000000)
  region size 1024K, 12 young (12288K), 12 survivors (12288K)
 Metaspace       used 84285K, committed 84928K, reserved 1130496K
  class space    used 11607K, committed 11904K, reserved 1048576K
}
Event: 12.377 GC heap before
{Heap before GC invocations=30 (full 0):
 garbage-first heap   total 200704K, used 150156K [0x0000000080000000, 0x0000000100000000)
  region size 1024K, 84 young (86016K), 12 survivors (12288K)
 Metaspace       used 85130K, committed 85760K, reserved 1130496K
  class space    used 11653K, committed 11968K, reserved 1048576K
}
Event: 12.391 GC heap after
{Heap after GC invocations=31 (full 0):
 garbage-first heap   total 200704K, used 83381K [0x0000000080000000, 0x0000000100000000)
  region size 1024K, 7 young (7168K), 7 survivors (7168K)
 Metaspace       used 85130K, committed 85760K, reserved 1130496K
  class space    used 11653K, committed 11968K, reserved 1048576K
}
Event: 13.146 GC heap before
{Heap before GC invocations=31 (full 0):
 garbage-first heap   total 200704K, used 154037K [0x0000000080000000, 0x0000000100000000)
  region size 1024K, 77 young (78848K), 7 survivors (7168K)
 Metaspace       used 88351K, committed 89024K, reserved 1130496K
  class space    used 12048K, committed 12352K, reserved 1048576K
}
Event: 13.158 GC heap after
{Heap after GC invocations=32 (full 0):
 garbage-first heap   total 200704K, used 88426K [0x0000000080000000, 0x0000000100000000)
  region size 1024K, 7 young (7168K), 7 survivors (7168K)
 Metaspace       used 88351K, committed 89024K, reserved 1130496K
  class space    used 12048K, committed 12352K, reserved 1048576K
}
Event: 14.025 GC heap before
{Heap before GC invocations=32 (full 0):
 garbage-first heap   total 200704K, used 156010K [0x0000000080000000, 0x0000000100000000)
  region size 1024K, 74 young (75776K), 7 survivors (7168K)
 Metaspace       used 96640K, committed 97280K, reserved 1138688K
  class space    used 13170K, committed 13440K, reserved 1048576K
}
Event: 14.041 GC heap after
{Heap after GC invocations=33 (full 0):
 garbage-first heap   total 200704K, used 96795K [0x0000000080000000, 0x0000000100000000)
  region size 1024K, 9 young (9216K), 9 survivors (9216K)
 Metaspace       used 96640K, committed 97280K, reserved 1138688K
  class space    used 13170K, committed 13440K, reserved 1048576K
}
Event: 14.901 GC heap before
{Heap before GC invocations=33 (full 0):
 garbage-first heap   total 200704K, used 157211K [0x0000000080000000, 0x0000000100000000)
  region size 1024K, 69 young (70656K), 9 survivors (9216K)
 Metaspace       used 103079K, committed 103808K, reserved 1138688K
  class space    used 14090K, committed 14464K, reserved 1048576K
}

