# JRE version: OpenJDK Runtime Environment (17.0.6) (build 17.0.6+0-b2043.56-10027231)
# Java VM: OpenJDK 64-Bit Server VM (17.0.6+0-b2043.56-10027231, mixed mode, tiered, compressed oops, compressed class ptrs, g1 gc, windows-amd64)
GC Precious Log:
 CPUs: 4 total, 4 available
 Memory: 14264M
 Large Page Support: Disabled
 NUMA Support: Disabled
 Compressed Oops: Enabled (32-bit)
 Heap Region Size: 1M
 Heap Min Capacity: 8M
 Heap Initial Capacity: 224M
 Heap Max Capacity: 2G
 Pre-touch: Disabled
 Parallel Workers: 4
 Concurrent Workers: 1
 Concurrent Refinement Workers: 4
 Periodic GC: Disabled
Heap:
 garbage-first heap   total 344064K, used 252084K [0x0000000080000000, 0x0000000100000000)
  region size 1024K, 137 young (140288K), 3 survivors (3072K)
 Metaspace       used 99270K, committed 100096K, reserved 1138688K
  class space    used 13303K, committed 13696K, reserved 1048576K
GC Heap History (20 events):
Event: 13.909 GC heap before
{Heap before GC invocations=22 (full 0):
 garbage-first heap   total 143360K, used 115308K [0x0000000080000000, 0x0000000100000000)
  region size 1024K, 52 young (53248K), 4 survivors (4096K)
 Metaspace       used 81988K, committed 82624K, reserved 1122304K
  class space    used 11156K, committed 11456K, reserved 1048576K
}
Event: 13.920 GC heap after
{Heap after GC invocations=23 (full 0):
 garbage-first heap   total 143360K, used 72447K [0x0000000080000000, 0x0000000100000000)
  region size 1024K, 7 young (7168K), 7 survivors (7168K)
 Metaspace       used 81988K, committed 82624K, reserved 1122304K
  class space    used 11156K, committed 11456K, reserved 1048576K
}
Event: 15.028 GC heap before
{Heap before GC invocations=23 (full 0):
 garbage-first heap   total 143360K, used 114431K [0x0000000080000000, 0x0000000100000000)
  region size 1024K, 49 young (50176K), 7 survivors (7168K)
 Metaspace       used 84441K, committed 85056K, reserved 1130496K
  class space    used 11603K, committed 11904K, reserved 1048576K
}
Event: 15.040 GC heap after
{Heap after GC invocations=24 (full 0):
 garbage-first heap   total 143360K, used 79949K [0x0000000080000000, 0x0000000100000000)
  region size 1024K, 7 young (7168K), 7 survivors (7168K)
 Metaspace       used 84441K, committed 85056K, reserved 1130496K
  class space    used 11603K, committed 11904K, reserved 1048576K
}
Event: 15.692 GC heap before
{Heap before GC invocations=25 (full 0):
 garbage-first heap   total 143360K, used 114765K [0x0000000080000000, 0x0000000100000000)
  region size 1024K, 42 young (43008K), 7 survivors (7168K)
 Metaspace       used 84731K, committed 85376K, reserved 1130496K
  class space    used 11613K, committed 11904K, reserved 1048576K
}
Event: 15.702 GC heap after
{Heap after GC invocations=26 (full 0):
 garbage-first heap   total 143360K, used 83154K [0x0000000080000000, 0x0000000100000000)
  region size 1024K, 5 young (5120K), 5 survivors (5120K)
 Metaspace       used 84731K, committed 85376K, reserved 1130496K
  class space    used 11613K, committed 11904K, reserved 1048576K
}
Event: 15.731 GC heap before
{Heap before GC invocations=26 (full 0):
 garbage-first heap   total 143360K, used 85202K [0x0000000080000000, 0x0000000100000000)
  region size 1024K, 7 young (7168K), 5 survivors (5120K)
 Metaspace       used 84739K, committed 85376K, reserved 1130496K
  class space    used 11613K, committed 11904K, reserved 1048576K
}
Event: 15.735 GC heap after
{Heap after GC invocations=27 (full 0):
 garbage-first heap   total 172032K, used 83361K [0x0000000080000000, 0x0000000100000000)
  region size 1024K, 1 young (1024K), 1 survivors (1024K)
 Metaspace       used 84739K, committed 85376K, reserved 1130496K
  class space    used 11613K, committed 11904K, reserved 1048576K
}
Event: 16.490 GC heap before
{Heap before GC invocations=27 (full 0):
 garbage-first heap   total 172032K, used 135585K [0x0000000080000000, 0x0000000100000000)
  region size 1024K, 53 young (54272K), 1 survivors (1024K)
 Metaspace       used 85408K, committed 86080K, reserved 1130496K
  class space    used 11657K, committed 11968K, reserved 1048576K
}
Event: 16.497 GC heap after
{Heap after GC invocations=28 (full 0):
 garbage-first heap   total 172032K, used 87819K [0x0000000080000000, 0x0000000100000000)
  region size 1024K, 6 young (6144K), 6 survivors (6144K)
 Metaspace       used 85408K, committed 86080K, reserved 1130496K
  class space    used 11657K, committed 11968K, reserved 1048576K
}
Event: 17.222 GC heap before
{Heap before GC invocations=29 (full 0):
 garbage-first heap   total 172032K, used 135947K [0x0000000080000000, 0x0000000100000000)
  region size 1024K, 54 young (55296K), 6 survivors (6144K)
 Metaspace       used 85644K, committed 86336K, reserved 1130496K
  class space    used 11684K, committed 12032K, reserved 1048576K
}
Event: 17.231 GC heap after
{Heap after GC invocations=30 (full 0):
 garbage-first heap   total 172032K, used 90985K [0x0000000080000000, 0x0000000100000000)
  region size 1024K, 5 young (5120K), 5 survivors (5120K)
 Metaspace       used 85644K, committed 86336K, reserved 1130496K
  class space    used 11684K, committed 12032K, reserved 1048576K
}
Event: 17.246 GC heap before
{Heap before GC invocations=30 (full 0):
 garbage-first heap   total 172032K, used 93033K [0x0000000080000000, 0x0000000100000000)
  region size 1024K, 8 young (8192K), 5 survivors (5120K)
 Metaspace       used 85646K, committed 86336K, reserved 1130496K
  class space    used 11684K, committed 12032K, reserved 1048576K
}
Event: 17.251 GC heap after
{Heap after GC invocations=31 (full 0):
 garbage-first heap   total 172032K, used 90402K [0x0000000080000000, 0x0000000100000000)
  region size 1024K, 1 young (1024K), 1 survivors (1024K)
 Metaspace       used 85646K, committed 86336K, reserved 1130496K
  class space    used 11684K, committed 12032K, reserved 1048576K
}
Event: 18.497 GC heap before
{Heap before GC invocations=31 (full 0):
 garbage-first heap   total 172032K, used 138530K [0x0000000080000000, 0x0000000100000000)
  region size 1024K, 49 young (50176K), 1 survivors (1024K)
 Metaspace       used 90926K, committed 91584K, reserved 1130496K
  class space    used 12346K, committed 12672K, reserved 1048576K
}
Event: 18.502 GC heap after
{Heap after GC invocations=32 (full 0):
 garbage-first heap   total 172032K, used 93346K [0x0000000080000000, 0x0000000100000000)
  region size 1024K, 4 young (4096K), 4 survivors (4096K)
 Metaspace       used 90926K, committed 91584K, reserved 1130496K
  class space    used 12346K, committed 12672K, reserved 1048576K
}
Event: 18.948 GC heap before
{Heap before GC invocations=32 (full 0):
 garbage-first heap   total 172032K, used 119970K [0x0000000080000000, 0x0000000100000000)
  region size 1024K, 23 young (23552K), 4 survivors (4096K)
 Metaspace       used 93053K, committed 93696K, reserved 1130496K
  class space    used 12638K, committed 12928K, reserved 1048576K
}
Event: 18.954 GC heap after
{Heap after GC invocations=33 (full 0):
 garbage-first heap   total 172032K, used 106222K [0x0000000080000000, 0x0000000100000000)
  region size 1024K, 7 young (7168K), 7 survivors (7168K)
 Metaspace       used 93053K, committed 93696K, reserved 1130496K
  class space    used 12638K, committed 12928K, reserved 1048576K
}
Event: 19.203 GC heap before
{Heap before GC invocations=33 (full 0):
 garbage-first heap   total 172032K, used 124654K [0x0000000080000000, 0x0000000100000000)
  region size 1024K, 11 young (11264K), 7 survivors (7168K)
 Metaspace       used 93356K, committed 94016K, reserved 1130496K
  class space    used 12672K, committed 12992K, reserved 1048576K
}
Event: 19.210 GC heap after
{Heap after GC invocations=34 (full 0):
 garbage-first heap   total 344064K, used 102580K [0x0000000080000000, 0x0000000100000000)
  region size 1024K, 3 young (3072K), 3 survivors (3072K)
 Metaspace       used 93356K, committed 94016K, reserved 1130496K
  class space    used 12672K, committed 12992K, reserved 1048576K
}

