# JRE version: OpenJDK Runtime Environment (17.0.6) (build 17.0.6+0-b2043.56-10027231)
# Java VM: OpenJDK 64-Bit Server VM (17.0.6+0-b2043.56-10027231, mixed mode, tiered, compressed oops, compressed class ptrs, g1 gc, windows-amd64)
GC Precious Log:
 CPUs: 4 total, 4 available
 Memory: 14264M
 Large Page Support: Disabled
 NUMA Support: Disabled
 Compressed Oops: Enabled (32-bit)
 Heap Region Size: 1M
 Heap Min Capacity: 8M
 Heap Initial Capacity: 224M
 Heap Max Capacity: 2G
 Pre-touch: Disabled
 Parallel Workers: 4
 Concurrent Workers: 1
 Concurrent Refinement Workers: 4
 Periodic GC: Disabled
Heap:
 garbage-first heap   total 281600K, used 107594K [0x0000000080000000, 0x0000000100000000)
  region size 1024K, 9 young (9216K), 9 survivors (9216K)
 Metaspace       used 108728K, committed 109504K, reserved 1146880K
  class space    used 14139K, committed 14464K, reserved 1048576K
GC Heap History (20 events):
Event: 5454.436 GC heap after
{Heap after GC invocations=53 (full 0):
 garbage-first heap   total 281600K, used 63773K [0x0000000080000000, 0x0000000100000000)
  region size 1024K, 1 young (1024K), 1 survivors (1024K)
 Metaspace       used 83910K, committed 84544K, reserved 1122304K
  class space    used 11326K, committed 11648K, reserved 1048576K
}
Event: 5456.654 GC heap before
{Heap before GC invocations=53 (full 0):
 garbage-first heap   total 281600K, used 207133K [0x0000000080000000, 0x0000000100000000)
  region size 1024K, 142 young (145408K), 1 survivors (1024K)
 Metaspace       used 89024K, committed 89664K, reserved 1130496K
  class space    used 11952K, committed 12224K, reserved 1048576K
}
Event: 5456.672 GC heap after
{Heap after GC invocations=54 (full 0):
 garbage-first heap   total 281600K, used 79824K [0x0000000080000000, 0x0000000100000000)
  region size 1024K, 17 young (17408K), 17 survivors (17408K)
 Metaspace       used 89024K, committed 89664K, reserved 1130496K
  class space    used 11952K, committed 12224K, reserved 1048576K
}
Event: 5459.968 GC heap before
{Heap before GC invocations=55 (full 0):
 garbage-first heap   total 281600K, used 207824K [0x0000000080000000, 0x0000000100000000)
  region size 1024K, 132 young (135168K), 17 survivors (17408K)
 Metaspace       used 95211K, committed 95936K, reserved 1138688K
  class space    used 12653K, committed 12992K, reserved 1048576K
}
Event: 5459.996 GC heap after
{Heap after GC invocations=56 (full 0):
 garbage-first heap   total 281600K, used 106664K [0x0000000080000000, 0x0000000100000000)
  region size 1024K, 17 young (17408K), 17 survivors (17408K)
 Metaspace       used 95211K, committed 95936K, reserved 1138688K
  class space    used 12653K, committed 12992K, reserved 1048576K
}
Event: 5460.007 GC heap before
{Heap before GC invocations=56 (full 0):
 garbage-first heap   total 281600K, used 107688K [0x0000000080000000, 0x0000000100000000)
  region size 1024K, 18 young (18432K), 17 survivors (17408K)
 Metaspace       used 95213K, committed 95936K, reserved 1138688K
  class space    used 12653K, committed 12992K, reserved 1048576K
}
Event: 5460.021 GC heap after
{Heap after GC invocations=57 (full 0):
 garbage-first heap   total 281600K, used 107520K [0x0000000080000000, 0x0000000100000000)
  region size 1024K, 2 young (2048K), 2 survivors (2048K)
 Metaspace       used 95213K, committed 95936K, reserved 1138688K
  class space    used 12653K, committed 12992K, reserved 1048576K
}
Event: 5460.035 GC heap before
{Heap before GC invocations=57 (full 0):
 garbage-first heap   total 281600K, used 108544K [0x0000000080000000, 0x0000000100000000)
  region size 1024K, 4 young (4096K), 2 survivors (2048K)
 Metaspace       used 95214K, committed 95936K, reserved 1138688K
  class space    used 12653K, committed 12992K, reserved 1048576K
}
Event: 5460.037 GC heap after
{Heap after GC invocations=58 (full 0):
 garbage-first heap   total 281600K, used 107988K [0x0000000080000000, 0x0000000100000000)
  region size 1024K, 3 young (3072K), 3 survivors (3072K)
 Metaspace       used 95214K, committed 95936K, reserved 1138688K
  class space    used 12653K, committed 12992K, reserved 1048576K
}
Event: 5461.222 GC heap before
{Heap before GC invocations=59 (full 0):
 garbage-first heap   total 281600K, used 202196K [0x0000000080000000, 0x0000000100000000)
  region size 1024K, 81 young (82944K), 3 survivors (3072K)
 Metaspace       used 99097K, committed 99776K, reserved 1138688K
  class space    used 12971K, committed 13312K, reserved 1048576K
}
Event: 5461.235 GC heap after
{Heap after GC invocations=60 (full 0):
 garbage-first heap   total 281600K, used 119710K [0x0000000080000000, 0x0000000100000000)
  region size 1024K, 11 young (11264K), 11 survivors (11264K)
 Metaspace       used 99097K, committed 99776K, reserved 1138688K
  class space    used 12971K, committed 13312K, reserved 1048576K
}
Event: 5461.248 GC heap before
{Heap before GC invocations=60 (full 0):
 garbage-first heap   total 281600K, used 120734K [0x0000000080000000, 0x0000000100000000)
  region size 1024K, 13 young (13312K), 11 survivors (11264K)
 Metaspace       used 99182K, committed 99904K, reserved 1138688K
  class space    used 12979K, committed 13312K, reserved 1048576K
}
Event: 5461.258 GC heap after
{Heap after GC invocations=61 (full 0):
 garbage-first heap   total 281600K, used 120548K [0x0000000080000000, 0x0000000100000000)
  region size 1024K, 2 young (2048K), 2 survivors (2048K)
 Metaspace       used 99182K, committed 99904K, reserved 1138688K
  class space    used 12979K, committed 13312K, reserved 1048576K
}
Event: 5462.066 GC heap before
{Heap before GC invocations=61 (full 0):
 garbage-first heap   total 281600K, used 160484K [0x0000000080000000, 0x0000000100000000)
  region size 1024K, 43 young (44032K), 2 survivors (2048K)
 Metaspace       used 99778K, committed 100544K, reserved 1138688K
  class space    used 13022K, committed 13376K, reserved 1048576K
}
Event: 5462.069 GC heap after
{Heap after GC invocations=62 (full 0):
 garbage-first heap   total 281600K, used 120324K [0x0000000080000000, 0x0000000100000000)
  region size 1024K, 2 young (2048K), 2 survivors (2048K)
 Metaspace       used 99778K, committed 100544K, reserved 1138688K
  class space    used 13022K, committed 13376K, reserved 1048576K
}
Event: 5463.423 GC heap before
{Heap before GC invocations=63 (full 0):
 garbage-first heap   total 281600K, used 193028K [0x0000000080000000, 0x0000000100000000)
  region size 1024K, 83 young (84992K), 2 survivors (2048K)
 Metaspace       used 102266K, committed 103040K, reserved 1146880K
  class space    used 13286K, committed 13632K, reserved 1048576K
}
Event: 5463.430 GC heap after
{Heap after GC invocations=64 (full 0):
 garbage-first heap   total 281600K, used 108887K [0x0000000080000000, 0x0000000100000000)
  region size 1024K, 6 young (6144K), 6 survivors (6144K)
 Metaspace       used 102266K, committed 103040K, reserved 1146880K
  class space    used 13286K, committed 13632K, reserved 1048576K
}
Event: 5463.557 GC heap before
{Heap before GC invocations=64 (full 0):
 garbage-first heap   total 281600K, used 115031K [0x0000000080000000, 0x0000000100000000)
  region size 1024K, 13 young (13312K), 6 survivors (6144K)
 Metaspace       used 102348K, committed 103040K, reserved 1146880K
  class space    used 13294K, committed 13632K, reserved 1048576K
}
Event: 5463.564 GC heap after
{Heap after GC invocations=65 (full 0):
 garbage-first heap   total 281600K, used 99913K [0x0000000080000000, 0x0000000100000000)
  region size 1024K, 2 young (2048K), 2 survivors (2048K)
 Metaspace       used 102348K, committed 103040K, reserved 1146880K
  class space    used 13294K, committed 13632K, reserved 1048576K
}
Event: 5465.652 GC heap before
{Heap before GC invocations=65 (full 0):
 garbage-first heap   total 281600K, used 200265K [0x0000000080000000, 0x0000000100000000)
  region size 1024K, 101 young (103424K), 2 survivors (2048K)
 Metaspace       used 108728K, committed 109504K, reserved 1146880K
  class space    used 14139K, committed 14464K, reserved 1048576K
}

