# JRE version: OpenJDK Runtime Environment (17.0.6) (build 17.0.6+0-b2043.56-10027231)
# Java VM: OpenJDK 64-Bit Server VM (17.0.6+0-b2043.56-10027231, mixed mode, tiered, compressed oops, compressed class ptrs, g1 gc, windows-amd64)
GC Precious Log:
 CPUs: 4 total, 4 available
 Memory: 14264M
 Large Page Support: Disabled
 NUMA Support: Disabled
 Compressed Oops: Enabled (32-bit)
 Heap Region Size: 1M
 Heap Min Capacity: 8M
 Heap Initial Capacity: 224M
 Heap Max Capacity: 2G
 Pre-touch: Disabled
 Parallel Workers: 4
 Concurrent Workers: 1
 Concurrent Refinement Workers: 4
 Periodic GC: Disabled
Heap:
 garbage-first heap   total 275456K, used 229121K [0x0000000080000000, 0x0000000100000000)
  region size 1024K, 61 young (62464K), 3 survivors (3072K)
 Metaspace       used 140719K, committed 141760K, reserved 1179648K
  class space    used 18265K, committed 18752K, reserved 1048576K
GC Heap History (20 events):
Event: 413.275 GC heap before
{Heap before GC invocations=53 (full 0):
 garbage-first heap   total 275456K, used 162587K [0x0000000080000000, 0x0000000100000000)
  region size 1024K, 13 young (13312K), 1 survivors (1024K)
 Metaspace       used 128611K, committed 129600K, reserved 1163264K
  class space    used 17118K, committed 17600K, reserved 1048576K
}
Event: 413.287 GC heap after
{Heap after GC invocations=54 (full 0):
 garbage-first heap   total 275456K, used 132779K [0x0000000080000000, 0x0000000100000000)
  region size 1024K, 1 young (1024K), 1 survivors (1024K)
 Metaspace       used 128611K, committed 129600K, reserved 1163264K
  class space    used 17118K, committed 17600K, reserved 1048576K
}
Event: 414.649 GC heap before
{Heap before GC invocations=54 (full 0):
 garbage-first heap   total 275456K, used 204459K [0x0000000080000000, 0x0000000100000000)
  region size 1024K, 72 young (73728K), 1 survivors (1024K)
 Metaspace       used 132174K, committed 133120K, reserved 1171456K
  class space    used 17424K, committed 17856K, reserved 1048576K
}
Event: 414.659 GC heap after
{Heap after GC invocations=55 (full 0):
 garbage-first heap   total 275456K, used 145408K [0x0000000080000000, 0x0000000100000000)
  region size 1024K, 9 young (9216K), 9 survivors (9216K)
 Metaspace       used 132174K, committed 133120K, reserved 1171456K
  class space    used 17424K, committed 17856K, reserved 1048576K
}
Event: 415.941 GC heap before
{Heap before GC invocations=55 (full 0):
 garbage-first heap   total 275456K, used 210943K [0x0000000080000000, 0x0000000100000000)
  region size 1024K, 74 young (75776K), 9 survivors (9216K)
 Metaspace       used 132901K, committed 133888K, reserved 1171456K
  class space    used 17467K, committed 17920K, reserved 1048576K
}
Event: 415.945 GC heap after
{Heap after GC invocations=56 (full 0):
 garbage-first heap   total 275456K, used 139449K [0x0000000080000000, 0x0000000100000000)
  region size 1024K, 1 young (1024K), 1 survivors (1024K)
 Metaspace       used 132901K, committed 133888K, reserved 1171456K
  class space    used 17467K, committed 17920K, reserved 1048576K
}
Event: 417.244 GC heap before
{Heap before GC invocations=56 (full 0):
 garbage-first heap   total 275456K, used 213177K [0x0000000080000000, 0x0000000100000000)
  region size 1024K, 74 young (75776K), 1 survivors (1024K)
 Metaspace       used 136747K, committed 137728K, reserved 1171456K
  class space    used 17943K, committed 18432K, reserved 1048576K
}
Event: 417.251 GC heap after
{Heap after GC invocations=57 (full 0):
 garbage-first heap   total 275456K, used 143891K [0x0000000080000000, 0x0000000100000000)
  region size 1024K, 6 young (6144K), 6 survivors (6144K)
 Metaspace       used 136747K, committed 137728K, reserved 1171456K
  class space    used 17943K, committed 18432K, reserved 1048576K
}
Event: 417.833 GC heap before
{Heap before GC invocations=57 (full 0):
 garbage-first heap   total 275456K, used 218643K [0x0000000080000000, 0x0000000100000000)
  region size 1024K, 78 young (79872K), 6 survivors (6144K)
 Metaspace       used 137752K, committed 138816K, reserved 1171456K
  class space    used 18050K, committed 18560K, reserved 1048576K
}
Event: 417.854 GC heap after
{Heap after GC invocations=58 (full 0):
 garbage-first heap   total 275456K, used 159138K [0x0000000080000000, 0x0000000100000000)
  region size 1024K, 10 young (10240K), 10 survivors (10240K)
 Metaspace       used 137752K, committed 138816K, reserved 1171456K
  class space    used 18050K, committed 18560K, reserved 1048576K
}
Event: 418.651 GC heap before
{Heap before GC invocations=58 (full 0):
 garbage-first heap   total 275456K, used 237986K [0x0000000080000000, 0x0000000100000000)
  region size 1024K, 70 young (71680K), 10 survivors (10240K)
 Metaspace       used 139089K, committed 140096K, reserved 1179648K
  class space    used 18177K, committed 18688K, reserved 1048576K
}
Event: 418.665 GC heap after
{Heap after GC invocations=59 (full 0):
 garbage-first heap   total 275456K, used 170403K [0x0000000080000000, 0x0000000100000000)
  region size 1024K, 6 young (6144K), 6 survivors (6144K)
 Metaspace       used 139089K, committed 140096K, reserved 1179648K
  class space    used 18177K, committed 18688K, reserved 1048576K
}
Event: 419.314 GC heap before
{Heap before GC invocations=59 (full 0):
 garbage-first heap   total 275456K, used 227747K [0x0000000080000000, 0x0000000100000000)
  region size 1024K, 60 young (61440K), 6 survivors (6144K)
 Metaspace       used 139851K, committed 140864K, reserved 1179648K
  class space    used 18223K, committed 18752K, reserved 1048576K
}
Event: 419.318 GC heap after
{Heap after GC invocations=60 (full 0):
 garbage-first heap   total 275456K, used 169925K [0x0000000080000000, 0x0000000100000000)
  region size 1024K, 2 young (2048K), 2 survivors (2048K)
 Metaspace       used 139851K, committed 140864K, reserved 1179648K
  class space    used 18223K, committed 18752K, reserved 1048576K
}
Event: 419.770 GC heap before
{Heap before GC invocations=60 (full 0):
 garbage-first heap   total 275456K, used 228293K [0x0000000080000000, 0x0000000100000000)
  region size 1024K, 59 young (60416K), 2 survivors (2048K)
 Metaspace       used 140235K, committed 141312K, reserved 1179648K
  class space    used 18253K, committed 18752K, reserved 1048576K
}
Event: 419.774 GC heap after
{Heap after GC invocations=61 (full 0):
 garbage-first heap   total 275456K, used 169593K [0x0000000080000000, 0x0000000100000000)
  region size 1024K, 2 young (2048K), 2 survivors (2048K)
 Metaspace       used 140235K, committed 141312K, reserved 1179648K
  class space    used 18253K, committed 18752K, reserved 1048576K
}
Event: 420.154 GC heap before
{Heap before GC invocations=61 (full 0):
 garbage-first heap   total 275456K, used 231033K [0x0000000080000000, 0x0000000100000000)
  region size 1024K, 62 young (63488K), 2 survivors (2048K)
 Metaspace       used 140347K, committed 141376K, reserved 1179648K
  class space    used 18261K, committed 18752K, reserved 1048576K
}
Event: 420.157 GC heap after
{Heap after GC invocations=62 (full 0):
 garbage-first heap   total 275456K, used 170386K [0x0000000080000000, 0x0000000100000000)
  region size 1024K, 2 young (2048K), 2 survivors (2048K)
 Metaspace       used 140347K, committed 141376K, reserved 1179648K
  class space    used 18261K, committed 18752K, reserved 1048576K
}
Event: 420.668 GC heap before
{Heap before GC invocations=62 (full 0):
 garbage-first heap   total 275456K, used 233874K [0x0000000080000000, 0x0000000100000000)
  region size 1024K, 64 young (65536K), 2 survivors (2048K)
 Metaspace       used 140593K, committed 141632K, reserved 1179648K
  class space    used 18263K, committed 18752K, reserved 1048576K
}
Event: 420.672 GC heap after
{Heap after GC invocations=63 (full 0):
 garbage-first heap   total 275456K, used 170753K [0x0000000080000000, 0x0000000100000000)
  region size 1024K, 3 young (3072K), 3 survivors (3072K)
 Metaspace       used 140593K, committed 141632K, reserved 1179648K
  class space    used 18263K, committed 18752K, reserved 1048576K
}

