# JRE version: OpenJDK Runtime Environment (17.0.6) (build 17.0.6+0-b2043.56-10027231)
# Java VM: OpenJDK 64-Bit Server VM (17.0.6+0-b2043.56-10027231, mixed mode, tiered, compressed oops, compressed class ptrs, g1 gc, windows-amd64)
GC Precious Log:
 CPUs: 4 total, 4 available
 Memory: 14264M
 Large Page Support: Disabled
 NUMA Support: Disabled
 Compressed Oops: Enabled (32-bit)
 Heap Region Size: 1M
 Heap Min Capacity: 8M
 Heap Initial Capacity: 224M
 Heap Max Capacity: 2G
 Pre-touch: Disabled
 Parallel Workers: 4
 Concurrent Workers: 1
 Concurrent Refinement Workers: 4
 Periodic GC: Disabled
Heap:
 garbage-first heap   total 525312K, used 283970K [0x0000000080000000, 0x0000000100000000)
  region size 1024K, 17 young (17408K), 17 survivors (17408K)
 Metaspace       used 161811K, committed 163456K, reserved 1196032K
  class space    used 20949K, committed 21696K, reserved 1048576K
GC Heap History (20 events):
Event: 2272.796 GC heap after
{Heap after GC invocations=113 (full 0):
 garbage-first heap   total 525312K, used 228523K [0x0000000080000000, 0x0000000100000000)
  region size 1024K, 2 young (2048K), 2 survivors (2048K)
 Metaspace       used 161617K, committed 163200K, reserved 1196032K
  class space    used 20934K, committed 21696K, reserved 1048576K
}
Event: 2274.582 GC heap before
{Heap before GC invocations=113 (full 0):
 garbage-first heap   total 525312K, used 454827K [0x0000000080000000, 0x0000000100000000)
  region size 1024K, 223 young (228352K), 2 survivors (2048K)
 Metaspace       used 161620K, committed 163264K, reserved 1196032K
  class space    used 20934K, committed 21696K, reserved 1048576K
}
Event: 2274.586 GC heap after
{Heap after GC invocations=114 (full 0):
 garbage-first heap   total 525312K, used 229613K [0x0000000080000000, 0x0000000100000000)
  region size 1024K, 3 young (3072K), 3 survivors (3072K)
 Metaspace       used 161620K, committed 163264K, reserved 1196032K
  class space    used 20934K, committed 21696K, reserved 1048576K
}
Event: 2276.479 GC heap before
{Heap before GC invocations=114 (full 0):
 garbage-first heap   total 525312K, used 456941K [0x0000000080000000, 0x0000000100000000)
  region size 1024K, 225 young (230400K), 3 survivors (3072K)
 Metaspace       used 161630K, committed 163264K, reserved 1196032K
  class space    used 20934K, committed 21696K, reserved 1048576K
}
Event: 2276.486 GC heap after
{Heap after GC invocations=115 (full 0):
 garbage-first heap   total 525312K, used 230768K [0x0000000080000000, 0x0000000100000000)
  region size 1024K, 5 young (5120K), 5 survivors (5120K)
 Metaspace       used 161630K, committed 163264K, reserved 1196032K
  class space    used 20934K, committed 21696K, reserved 1048576K
}
Event: 2277.236 GC heap before
{Heap before GC invocations=116 (full 0):
 garbage-first heap   total 525312K, used 459120K [0x0000000080000000, 0x0000000100000000)
  region size 1024K, 228 young (233472K), 5 survivors (5120K)
 Metaspace       used 161633K, committed 163264K, reserved 1196032K
  class space    used 20934K, committed 21696K, reserved 1048576K
}
Event: 2277.248 GC heap after
{Heap after GC invocations=117 (full 0):
 garbage-first heap   total 525312K, used 232025K [0x0000000080000000, 0x0000000100000000)
  region size 1024K, 6 young (6144K), 6 survivors (6144K)
 Metaspace       used 161633K, committed 163264K, reserved 1196032K
  class space    used 20934K, committed 21696K, reserved 1048576K
}
Event: 2277.308 GC heap before
{Heap before GC invocations=117 (full 0):
 garbage-first heap   total 525312K, used 251481K [0x0000000080000000, 0x0000000100000000)
  region size 1024K, 25 young (25600K), 6 survivors (6144K)
 Metaspace       used 161633K, committed 163264K, reserved 1196032K
  class space    used 20934K, committed 21696K, reserved 1048576K
}
Event: 2277.321 GC heap after
{Heap after GC invocations=118 (full 0):
 garbage-first heap   total 525312K, used 225013K [0x0000000080000000, 0x0000000100000000)
  region size 1024K, 2 young (2048K), 2 survivors (2048K)
 Metaspace       used 161633K, committed 163264K, reserved 1196032K
  class space    used 20934K, committed 21696K, reserved 1048576K
}
Event: 2277.980 GC heap before
{Heap before GC invocations=118 (full 0):
 garbage-first heap   total 525312K, used 460533K [0x0000000080000000, 0x0000000100000000)
  region size 1024K, 232 young (237568K), 2 survivors (2048K)
 Metaspace       used 161649K, committed 163264K, reserved 1196032K
  class space    used 20935K, committed 21696K, reserved 1048576K
}
Event: 2277.985 GC heap after
{Heap after GC invocations=119 (full 0):
 garbage-first heap   total 525312K, used 225643K [0x0000000080000000, 0x0000000100000000)
  region size 1024K, 3 young (3072K), 3 survivors (3072K)
 Metaspace       used 161649K, committed 163264K, reserved 1196032K
  class space    used 20935K, committed 21696K, reserved 1048576K
}
Event: 2278.210 GC heap before
{Heap before GC invocations=119 (full 0):
 garbage-first heap   total 525312K, used 264555K [0x0000000080000000, 0x0000000100000000)
  region size 1024K, 42 young (43008K), 3 survivors (3072K)
 Metaspace       used 161658K, committed 163264K, reserved 1196032K
  class space    used 20935K, committed 21696K, reserved 1048576K
}
Event: 2278.220 GC heap after
{Heap after GC invocations=120 (full 0):
 garbage-first heap   total 525312K, used 231896K [0x0000000080000000, 0x0000000100000000)
  region size 1024K, 9 young (9216K), 9 survivors (9216K)
 Metaspace       used 161658K, committed 163264K, reserved 1196032K
  class space    used 20935K, committed 21696K, reserved 1048576K
}
Event: 2279.021 GC heap before
{Heap before GC invocations=121 (full 0):
 garbage-first heap   total 525312K, used 447960K [0x0000000080000000, 0x0000000100000000)
  region size 1024K, 211 young (216064K), 9 survivors (9216K)
 Metaspace       used 161699K, committed 163328K, reserved 1196032K
  class space    used 20936K, committed 21696K, reserved 1048576K
}
Event: 2279.050 GC heap after
{Heap after GC invocations=122 (full 0):
 garbage-first heap   total 525312K, used 253028K [0x0000000080000000, 0x0000000100000000)
  region size 1024K, 27 young (27648K), 27 survivors (27648K)
 Metaspace       used 161699K, committed 163328K, reserved 1196032K
  class space    used 20936K, committed 21696K, reserved 1048576K
}
Event: 2279.059 GC heap before
{Heap before GC invocations=122 (full 0):
 garbage-first heap   total 525312K, used 254052K [0x0000000080000000, 0x0000000100000000)
  region size 1024K, 28 young (28672K), 27 survivors (27648K)
 Metaspace       used 161699K, committed 163328K, reserved 1196032K
  class space    used 20936K, committed 21696K, reserved 1048576K
}
Event: 2279.082 GC heap after
{Heap after GC invocations=123 (full 0):
 garbage-first heap   total 525312K, used 246739K [0x0000000080000000, 0x0000000100000000)
  region size 1024K, 2 young (2048K), 2 survivors (2048K)
 Metaspace       used 161699K, committed 163328K, reserved 1196032K
  class space    used 20936K, committed 21696K, reserved 1048576K
}
Event: 2279.442 GC heap before
{Heap before GC invocations=123 (full 0):
 garbage-first heap   total 525312K, used 426963K [0x0000000080000000, 0x0000000100000000)
  region size 1024K, 178 young (182272K), 2 survivors (2048K)
 Metaspace       used 161760K, committed 163392K, reserved 1196032K
  class space    used 20940K, committed 21696K, reserved 1048576K
}
Event: 2279.466 GC heap after
{Heap after GC invocations=124 (full 0):
 garbage-first heap   total 525312K, used 268001K [0x0000000080000000, 0x0000000100000000)
  region size 1024K, 23 young (23552K), 23 survivors (23552K)
 Metaspace       used 161760K, committed 163392K, reserved 1196032K
  class space    used 20940K, committed 21696K, reserved 1048576K
}
Event: 2279.821 GC heap before
{Heap before GC invocations=124 (full 0):
 garbage-first heap   total 525312K, used 427745K [0x0000000080000000, 0x0000000100000000)
  region size 1024K, 179 young (183296K), 23 survivors (23552K)
 Metaspace       used 161811K, committed 163456K, reserved 1196032K
  class space    used 20949K, committed 21696K, reserved 1048576K
}

