# JRE version: OpenJDK Runtime Environment (17.0.6) (build 17.0.6+0-b2043.56-10027231)
# Java VM: OpenJDK 64-Bit Server VM (17.0.6+0-b2043.56-10027231, mixed mode, tiered, compressed oops, compressed class ptrs, g1 gc, windows-amd64)
GC Precious Log:
 CPUs: 4 total, 4 available
 Memory: 14264M
 Large Page Support: Disabled
 NUMA Support: Disabled
 Compressed Oops: Enabled (32-bit)
 Heap Region Size: 1M
 Heap Min Capacity: 8M
 Heap Initial Capacity: 224M
 Heap Max Capacity: 2G
 Pre-touch: Disabled
 Parallel Workers: 4
 Concurrent Workers: 1
 Concurrent Refinement Workers: 4
 Periodic GC: Disabled
Heap:
 garbage-first heap   total 311296K, used 204288K [0x0000000080000000, 0x0000000100000000)
  region size 1024K, 9 young (9216K), 9 survivors (9216K)
 Metaspace       used 126532K, committed 127360K, reserved 1163264K
  class space    used 16585K, committed 16960K, reserved 1048576K
GC Heap History (20 events):
Event: 34.988 GC heap after
{Heap after GC invocations=57 (full 0):
 garbage-first heap   total 233472K, used 152506K [0x0000000080000000, 0x0000000100000000)
  region size 1024K, 4 young (4096K), 4 survivors (4096K)
 Metaspace       used 123569K, committed 124352K, reserved 1163264K
  class space    used 16187K, committed 16576K, reserved 1048576K
}
Event: 35.241 GC heap before
{Heap before GC invocations=57 (full 0):
 garbage-first heap   total 233472K, used 204730K [0x0000000080000000, 0x0000000100000000)
  region size 1024K, 55 young (56320K), 4 survivors (4096K)
 Metaspace       used 123572K, committed 124416K, reserved 1163264K
  class space    used 16187K, committed 16576K, reserved 1048576K
}
Event: 35.249 GC heap after
{Heap after GC invocations=58 (full 0):
 garbage-first heap   total 233472K, used 153588K [0x0000000080000000, 0x0000000100000000)
  region size 1024K, 5 young (5120K), 5 survivors (5120K)
 Metaspace       used 123572K, committed 124416K, reserved 1163264K
  class space    used 16187K, committed 16576K, reserved 1048576K
}
Event: 35.519 GC heap before
{Heap before GC invocations=58 (full 0):
 garbage-first heap   total 233472K, used 203764K [0x0000000080000000, 0x0000000100000000)
  region size 1024K, 54 young (55296K), 5 survivors (5120K)
 Metaspace       used 123577K, committed 124416K, reserved 1163264K
  class space    used 16187K, committed 16576K, reserved 1048576K
}
Event: 35.525 GC heap after
{Heap after GC invocations=59 (full 0):
 garbage-first heap   total 233472K, used 152821K [0x0000000080000000, 0x0000000100000000)
  region size 1024K, 3 young (3072K), 3 survivors (3072K)
 Metaspace       used 123577K, committed 124416K, reserved 1163264K
  class space    used 16187K, committed 16576K, reserved 1048576K
}
Event: 35.805 GC heap before
{Heap before GC invocations=59 (full 0):
 garbage-first heap   total 233472K, used 206069K [0x0000000080000000, 0x0000000100000000)
  region size 1024K, 55 young (56320K), 3 survivors (3072K)
 Metaspace       used 123586K, committed 124416K, reserved 1163264K
  class space    used 16188K, committed 16576K, reserved 1048576K
}
Event: 35.811 GC heap after
{Heap after GC invocations=60 (full 0):
 garbage-first heap   total 233472K, used 152523K [0x0000000080000000, 0x0000000100000000)
  region size 1024K, 3 young (3072K), 3 survivors (3072K)
 Metaspace       used 123586K, committed 124416K, reserved 1163264K
  class space    used 16188K, committed 16576K, reserved 1048576K
}
Event: 36.156 GC heap before
{Heap before GC invocations=60 (full 0):
 garbage-first heap   total 233472K, used 205771K [0x0000000080000000, 0x0000000100000000)
  region size 1024K, 55 young (56320K), 3 survivors (3072K)
 Metaspace       used 123607K, committed 124416K, reserved 1163264K
  class space    used 16191K, committed 16576K, reserved 1048576K
}
Event: 36.164 GC heap after
{Heap after GC invocations=61 (full 0):
 garbage-first heap   total 280576K, used 152701K [0x0000000080000000, 0x0000000100000000)
  region size 1024K, 3 young (3072K), 3 survivors (3072K)
 Metaspace       used 123607K, committed 124416K, reserved 1163264K
  class space    used 16191K, committed 16576K, reserved 1048576K
}
Event: 37.935 GC heap before
{Heap before GC invocations=61 (full 0):
 garbage-first heap   total 280576K, used 258173K [0x0000000080000000, 0x0000000100000000)
  region size 1024K, 96 young (98304K), 3 survivors (3072K)
 Metaspace       used 125745K, committed 126592K, reserved 1163264K
  class space    used 16485K, committed 16896K, reserved 1048576K
}
Event: 37.942 GC heap after
{Heap after GC invocations=62 (full 0):
 garbage-first heap   total 280576K, used 166906K [0x0000000080000000, 0x0000000100000000)
  region size 1024K, 7 young (7168K), 7 survivors (7168K)
 Metaspace       used 125745K, committed 126592K, reserved 1163264K
  class space    used 16485K, committed 16896K, reserved 1048576K
}
Event: 37.984 GC heap before
{Heap before GC invocations=62 (full 0):
 garbage-first heap   total 280576K, used 193530K [0x0000000080000000, 0x0000000100000000)
  region size 1024K, 18 young (18432K), 7 survivors (7168K)
 Metaspace       used 126090K, committed 126976K, reserved 1163264K
  class space    used 16540K, committed 16960K, reserved 1048576K
}
Event: 37.991 GC heap after
{Heap after GC invocations=63 (full 0):
 garbage-first heap   total 280576K, used 177449K [0x0000000080000000, 0x0000000100000000)
  region size 1024K, 10 young (10240K), 10 survivors (10240K)
 Metaspace       used 126090K, committed 126976K, reserved 1163264K
  class space    used 16540K, committed 16960K, reserved 1048576K
}
Event: 37.992 GC heap before
{Heap before GC invocations=63 (full 0):
 garbage-first heap   total 280576K, used 183593K [0x0000000080000000, 0x0000000100000000)
  region size 1024K, 10 young (10240K), 10 survivors (10240K)
 Metaspace       used 126090K, committed 126976K, reserved 1163264K
  class space    used 16540K, committed 16960K, reserved 1048576K
}
Event: 37.996 GC heap after
{Heap after GC invocations=64 (full 0):
 garbage-first heap   total 280576K, used 184085K [0x0000000080000000, 0x0000000100000000)
  region size 1024K, 5 young (5120K), 5 survivors (5120K)
 Metaspace       used 126090K, committed 126976K, reserved 1163264K
  class space    used 16540K, committed 16960K, reserved 1048576K
}
Event: 38.588 GC heap before
{Heap before GC invocations=65 (full 0):
 garbage-first heap   total 311296K, used 226069K [0x0000000080000000, 0x0000000100000000)
  region size 1024K, 57 young (58368K), 5 survivors (5120K)
 Metaspace       used 126494K, committed 127296K, reserved 1163264K
  class space    used 16584K, committed 16960K, reserved 1048576K
}
Event: 38.613 GC heap after
{Heap after GC invocations=66 (full 0):
 garbage-first heap   total 311296K, used 188657K [0x0000000080000000, 0x0000000100000000)
  region size 1024K, 8 young (8192K), 8 survivors (8192K)
 Metaspace       used 126494K, committed 127296K, reserved 1163264K
  class space    used 16584K, committed 16960K, reserved 1048576K
}
Event: 38.648 GC heap before
{Heap before GC invocations=66 (full 0):
 garbage-first heap   total 311296K, used 195825K [0x0000000080000000, 0x0000000100000000)
  region size 1024K, 15 young (15360K), 8 survivors (8192K)
 Metaspace       used 126500K, committed 127360K, reserved 1163264K
  class space    used 16584K, committed 16960K, reserved 1048576K
}
Event: 38.664 GC heap after
{Heap after GC invocations=67 (full 0):
 garbage-first heap   total 311296K, used 168432K [0x0000000080000000, 0x0000000100000000)
  region size 1024K, 2 young (2048K), 2 survivors (2048K)
 Metaspace       used 126500K, committed 127360K, reserved 1163264K
  class space    used 16584K, committed 16960K, reserved 1048576K
}
Event: 39.006 GC heap before
{Heap before GC invocations=67 (full 0):
 garbage-first heap   total 311296K, used 239088K [0x0000000080000000, 0x0000000100000000)
  region size 1024K, 72 young (73728K), 2 survivors (2048K)
 Metaspace       used 126532K, committed 127360K, reserved 1163264K
  class space    used 16585K, committed 16960K, reserved 1048576K
}

