# JRE version: OpenJDK Runtime Environment (17.0.6) (build 17.0.6+0-b2043.56-10027231)
# Java VM: OpenJDK 64-Bit Server VM (17.0.6+0-b2043.56-10027231, mixed mode, tiered, compressed oops, compressed class ptrs, g1 gc, windows-amd64)
GC Precious Log:
 CPUs: 4 total, 4 available
 Memory: 14264M
 Large Page Support: Disabled
 NUMA Support: Disabled
 Compressed Oops: Enabled (32-bit)
 Heap Region Size: 1M
 Heap Min Capacity: 8M
 Heap Initial Capacity: 224M
 Heap Max Capacity: 2G
 Pre-touch: Disabled
 Parallel Workers: 4
 Concurrent Workers: 1
 Concurrent Refinement Workers: 4
 Periodic GC: Disabled
Heap:
 garbage-first heap   total 229376K, used 104658K [0x0000000080000000, 0x0000000100000000)
  region size 1024K, 9 young (9216K), 9 survivors (9216K)
 Metaspace       used 101523K, committed 102272K, reserved 1138688K
  class space    used 13792K, committed 14144K, reserved 1048576K
GC Heap History (20 events):
Event: 9.838 GC heap after
{Heap after GC invocations=37 (full 0):
 garbage-first heap   total 111616K, used 56288K [0x0000000080000000, 0x0000000100000000)
  region size 1024K, 1 young (1024K), 1 survivors (1024K)
 Metaspace       used 67625K, committed 68160K, reserved 1114112K
  class space    used 8921K, committed 9152K, reserved 1048576K
}
Event: 10.255 GC heap before
{Heap before GC invocations=37 (full 0):
 garbage-first heap   total 111616K, used 85984K [0x0000000080000000, 0x0000000100000000)
  region size 1024K, 30 young (30720K), 1 survivors (1024K)
 Metaspace       used 69861K, committed 70400K, reserved 1114112K
  class space    used 9266K, committed 9536K, reserved 1048576K
}
Event: 10.260 GC heap after
{Heap after GC invocations=38 (full 0):
 garbage-first heap   total 208896K, used 58234K [0x0000000080000000, 0x0000000100000000)
  region size 1024K, 3 young (3072K), 3 survivors (3072K)
 Metaspace       used 69861K, committed 70400K, reserved 1114112K
  class space    used 9266K, committed 9536K, reserved 1048576K
}
Event: 12.309 GC heap before
{Heap before GC invocations=39 (full 0):
 garbage-first heap   total 204800K, used 148346K [0x0000000080000000, 0x0000000100000000)
  region size 1024K, 91 young (93184K), 3 survivors (3072K)
 Metaspace       used 80645K, committed 81280K, reserved 1122304K
  class space    used 10966K, committed 11264K, reserved 1048576K
}
Event: 12.320 GC heap after
{Heap after GC invocations=40 (full 0):
 garbage-first heap   total 204800K, used 64693K [0x0000000080000000, 0x0000000100000000)
  region size 1024K, 9 young (9216K), 9 survivors (9216K)
 Metaspace       used 80645K, committed 81280K, reserved 1122304K
  class space    used 10966K, committed 11264K, reserved 1048576K
}
Event: 12.332 GC heap before
{Heap before GC invocations=40 (full 0):
 garbage-first heap   total 204800K, used 65717K [0x0000000080000000, 0x0000000100000000)
  region size 1024K, 10 young (10240K), 9 survivors (9216K)
 Metaspace       used 80674K, committed 81344K, reserved 1122304K
  class space    used 10969K, committed 11264K, reserved 1048576K
}
Event: 12.339 GC heap after
{Heap after GC invocations=41 (full 0):
 garbage-first heap   total 204800K, used 65852K [0x0000000080000000, 0x0000000100000000)
  region size 1024K, 2 young (2048K), 2 survivors (2048K)
 Metaspace       used 80674K, committed 81344K, reserved 1122304K
  class space    used 10969K, committed 11264K, reserved 1048576K
}
Event: 13.382 GC heap before
{Heap before GC invocations=41 (full 0):
 garbage-first heap   total 204800K, used 153916K [0x0000000080000000, 0x0000000100000000)
  region size 1024K, 88 young (90112K), 2 survivors (2048K)
 Metaspace       used 84286K, committed 84864K, reserved 1130496K
  class space    used 11582K, committed 11840K, reserved 1048576K
}
Event: 13.393 GC heap after
{Heap after GC invocations=42 (full 0):
 garbage-first heap   total 204800K, used 75533K [0x0000000080000000, 0x0000000100000000)
  region size 1024K, 11 young (11264K), 11 survivors (11264K)
 Metaspace       used 84286K, committed 84864K, reserved 1130496K
  class space    used 11582K, committed 11840K, reserved 1048576K
}
Event: 14.477 GC heap before
{Heap before GC invocations=43 (full 0):
 garbage-first heap   total 204800K, used 153357K [0x0000000080000000, 0x0000000100000000)
  region size 1024K, 88 young (90112K), 11 survivors (11264K)
 Metaspace       used 85189K, committed 85824K, reserved 1130496K
  class space    used 11639K, committed 11904K, reserved 1048576K
}
Event: 14.491 GC heap after
{Heap after GC invocations=44 (full 0):
 garbage-first heap   total 204800K, used 82935K [0x0000000080000000, 0x0000000100000000)
  region size 1024K, 8 young (8192K), 8 survivors (8192K)
 Metaspace       used 85189K, committed 85824K, reserved 1130496K
  class space    used 11639K, committed 11904K, reserved 1048576K
}
Event: 14.515 GC heap before
{Heap before GC invocations=44 (full 0):
 garbage-first heap   total 204800K, used 83959K [0x0000000080000000, 0x0000000100000000)
  region size 1024K, 10 young (10240K), 8 survivors (8192K)
 Metaspace       used 85195K, committed 85824K, reserved 1130496K
  class space    used 11639K, committed 11904K, reserved 1048576K
}
Event: 14.521 GC heap after
{Heap after GC invocations=45 (full 0):
 garbage-first heap   total 204800K, used 84157K [0x0000000080000000, 0x0000000100000000)
  region size 1024K, 2 young (2048K), 2 survivors (2048K)
 Metaspace       used 85195K, committed 85824K, reserved 1130496K
  class space    used 11639K, committed 11904K, reserved 1048576K
}
Event: 15.758 GC heap before
{Heap before GC invocations=45 (full 0):
 garbage-first heap   total 204800K, used 157885K [0x0000000080000000, 0x0000000100000000)
  region size 1024K, 75 young (76800K), 2 survivors (2048K)
 Metaspace       used 92468K, committed 93120K, reserved 1130496K
  class space    used 12557K, committed 12864K, reserved 1048576K
}
Event: 15.768 GC heap after
{Heap after GC invocations=46 (full 0):
 garbage-first heap   total 204800K, used 89597K [0x0000000080000000, 0x0000000100000000)
  region size 1024K, 7 young (7168K), 7 survivors (7168K)
 Metaspace       used 92468K, committed 93120K, reserved 1130496K
  class space    used 12557K, committed 12864K, reserved 1048576K
}
Event: 16.577 GC heap before
{Heap before GC invocations=47 (full 0):
 garbage-first heap   total 204800K, used 161277K [0x0000000080000000, 0x0000000100000000)
  region size 1024K, 78 young (79872K), 7 survivors (7168K)
 Metaspace       used 97442K, committed 98112K, reserved 1138688K
  class space    used 13231K, committed 13568K, reserved 1048576K
}
Event: 16.589 GC heap after
{Heap after GC invocations=48 (full 0):
 garbage-first heap   total 204800K, used 97598K [0x0000000080000000, 0x0000000100000000)
  region size 1024K, 9 young (9216K), 9 survivors (9216K)
 Metaspace       used 97442K, committed 98112K, reserved 1138688K
  class space    used 13231K, committed 13568K, reserved 1048576K
}
Event: 16.594 GC heap before
{Heap before GC invocations=48 (full 0):
 garbage-first heap   total 204800K, used 98622K [0x0000000080000000, 0x0000000100000000)
  region size 1024K, 10 young (10240K), 9 survivors (9216K)
 Metaspace       used 97471K, committed 98112K, reserved 1138688K
  class space    used 13239K, committed 13568K, reserved 1048576K
}
Event: 16.604 GC heap after
{Heap after GC invocations=49 (full 0):
 garbage-first heap   total 204800K, used 96867K [0x0000000080000000, 0x0000000100000000)
  region size 1024K, 2 young (2048K), 2 survivors (2048K)
 Metaspace       used 97471K, committed 98112K, reserved 1138688K
  class space    used 13239K, committed 13568K, reserved 1048576K
}
Event: 17.292 GC heap before
{Heap before GC invocations=49 (full 0):
 garbage-first heap   total 204800K, used 161379K [0x0000000080000000, 0x0000000100000000)
  region size 1024K, 66 young (67584K), 2 survivors (2048K)
 Metaspace       used 101523K, committed 102272K, reserved 1138688K
  class space    used 13792K, committed 14144K, reserved 1048576K
}

