# JRE version: OpenJDK Runtime Environment (17.0.6) (build 17.0.6+0-b2043.56-10027231)
# Java VM: OpenJDK 64-Bit Server VM (17.0.6+0-b2043.56-10027231, mixed mode, tiered, compressed oops, compressed class ptrs, g1 gc, windows-amd64)
GC Precious Log:
 CPUs: 4 total, 4 available
 Memory: 14264M
 Large Page Support: Disabled
 NUMA Support: Disabled
 Compressed Oops: Enabled (32-bit)
 Heap Region Size: 1M
 Heap Min Capacity: 8M
 Heap Initial Capacity: 224M
 Heap Max Capacity: 2G
 Pre-touch: Disabled
 Parallel Workers: 4
 Concurrent Workers: 1
 Concurrent Refinement Workers: 4
 Periodic GC: Disabled
Heap:
 garbage-first heap   total 231424K, used 125358K [0x0000000080000000, 0x0000000100000000)
  region size 1024K, 9 young (9216K), 9 survivors (9216K)
 Metaspace       used 116655K, committed 117440K, reserved 1155072K
  class space    used 15350K, committed 15744K, reserved 1048576K
GC Heap History (20 events):
Event: 20.646 GC heap after
{Heap after GC invocations=46 (full 0):
 garbage-first heap   total 231424K, used 109986K [0x0000000080000000, 0x0000000100000000)
  region size 1024K, 2 young (2048K), 2 survivors (2048K)
 Metaspace       used 93911K, committed 94592K, reserved 1138688K
  class space    used 12598K, committed 12928K, reserved 1048576K
}
Event: 21.356 GC heap before
{Heap before GC invocations=46 (full 0):
 garbage-first heap   total 231424K, used 166306K [0x0000000080000000, 0x0000000100000000)
  region size 1024K, 58 young (59392K), 2 survivors (2048K)
 Metaspace       used 97319K, committed 97984K, reserved 1138688K
  class space    used 12881K, committed 13184K, reserved 1048576K
}
Event: 21.368 GC heap after
{Heap after GC invocations=47 (full 0):
 garbage-first heap   total 231424K, used 117760K [0x0000000080000000, 0x0000000100000000)
  region size 1024K, 8 young (8192K), 8 survivors (8192K)
 Metaspace       used 97319K, committed 97984K, reserved 1138688K
  class space    used 12881K, committed 13184K, reserved 1048576K
}
Event: 22.150 GC heap before
{Heap before GC invocations=47 (full 0):
 garbage-first heap   total 231424K, used 173056K [0x0000000080000000, 0x0000000100000000)
  region size 1024K, 63 young (64512K), 8 survivors (8192K)
 Metaspace       used 98093K, committed 98816K, reserved 1138688K
  class space    used 12940K, committed 13248K, reserved 1048576K
}
Event: 22.153 GC heap after
{Heap after GC invocations=48 (full 0):
 garbage-first heap   total 231424K, used 115052K [0x0000000080000000, 0x0000000100000000)
  region size 1024K, 2 young (2048K), 2 survivors (2048K)
 Metaspace       used 98093K, committed 98816K, reserved 1138688K
  class space    used 12940K, committed 13248K, reserved 1048576K
}
Event: 22.218 GC heap before
{Heap before GC invocations=48 (full 0):
 garbage-first heap   total 231424K, used 118124K [0x0000000080000000, 0x0000000100000000)
  region size 1024K, 7 young (7168K), 2 survivors (2048K)
 Metaspace       used 98112K, committed 98816K, reserved 1138688K
  class space    used 12940K, committed 13248K, reserved 1048576K
}
Event: 22.220 GC heap after
{Heap after GC invocations=49 (full 0):
 garbage-first heap   total 231424K, used 114780K [0x0000000080000000, 0x0000000100000000)
  region size 1024K, 2 young (2048K), 2 survivors (2048K)
 Metaspace       used 98112K, committed 98816K, reserved 1138688K
  class space    used 12940K, committed 13248K, reserved 1048576K
}
Event: 23.621 GC heap before
{Heap before GC invocations=50 (full 0):
 garbage-first heap   total 231424K, used 181340K [0x0000000080000000, 0x0000000100000000)
  region size 1024K, 70 young (71680K), 2 survivors (2048K)
 Metaspace       used 99688K, committed 100416K, reserved 1138688K
  class space    used 13087K, committed 13440K, reserved 1048576K
}
Event: 23.628 GC heap after
{Heap after GC invocations=51 (full 0):
 garbage-first heap   total 231424K, used 109498K [0x0000000080000000, 0x0000000100000000)
  region size 1024K, 5 young (5120K), 5 survivors (5120K)
 Metaspace       used 99688K, committed 100416K, reserved 1138688K
  class space    used 13087K, committed 13440K, reserved 1048576K
}
Event: 23.767 GC heap before
{Heap before GC invocations=51 (full 0):
 garbage-first heap   total 231424K, used 114618K [0x0000000080000000, 0x0000000100000000)
  region size 1024K, 11 young (11264K), 5 survivors (5120K)
 Metaspace       used 100553K, committed 101312K, reserved 1138688K
  class space    used 13191K, committed 13568K, reserved 1048576K
}
Event: 23.772 GC heap after
{Heap after GC invocations=52 (full 0):
 garbage-first heap   total 231424K, used 98129K [0x0000000080000000, 0x0000000100000000)
  region size 1024K, 1 young (1024K), 1 survivors (1024K)
 Metaspace       used 100553K, committed 101312K, reserved 1138688K
  class space    used 13191K, committed 13568K, reserved 1048576K
}
Event: 25.475 GC heap before
{Heap before GC invocations=52 (full 0):
 garbage-first heap   total 231424K, used 187217K [0x0000000080000000, 0x0000000100000000)
  region size 1024K, 89 young (91136K), 1 survivors (1024K)
 Metaspace       used 106423K, committed 107136K, reserved 1146880K
  class space    used 13957K, committed 14336K, reserved 1048576K
}
Event: 25.483 GC heap after
{Heap after GC invocations=53 (full 0):
 garbage-first heap   total 231424K, used 104674K [0x0000000080000000, 0x0000000100000000)
  region size 1024K, 8 young (8192K), 8 survivors (8192K)
 Metaspace       used 106423K, committed 107136K, reserved 1146880K
  class space    used 13957K, committed 14336K, reserved 1048576K
}
Event: 25.916 GC heap before
{Heap before GC invocations=53 (full 0):
 garbage-first heap   total 231424K, used 142562K [0x0000000080000000, 0x0000000100000000)
  region size 1024K, 47 young (48128K), 8 survivors (8192K)
 Metaspace       used 107348K, committed 108032K, reserved 1146880K
  class space    used 14078K, committed 14400K, reserved 1048576K
}
Event: 25.926 GC heap after
{Heap after GC invocations=54 (full 0):
 garbage-first heap   total 231424K, used 108649K [0x0000000080000000, 0x0000000100000000)
  region size 1024K, 5 young (5120K), 5 survivors (5120K)
 Metaspace       used 107348K, committed 108032K, reserved 1146880K
  class space    used 14078K, committed 14400K, reserved 1048576K
}
Event: 26.893 GC heap before
{Heap before GC invocations=55 (full 0):
 garbage-first heap   total 231424K, used 186473K [0x0000000080000000, 0x0000000100000000)
  region size 1024K, 80 young (81920K), 5 survivors (5120K)
 Metaspace       used 113613K, committed 114432K, reserved 1155072K
  class space    used 14942K, committed 15360K, reserved 1048576K
}
Event: 26.907 GC heap after
{Heap after GC invocations=56 (full 0):
 garbage-first heap   total 231424K, used 120832K [0x0000000080000000, 0x0000000100000000)
  region size 1024K, 10 young (10240K), 10 survivors (10240K)
 Metaspace       used 113613K, committed 114432K, reserved 1155072K
  class space    used 14942K, committed 15360K, reserved 1048576K
}
Event: 26.912 GC heap before
{Heap before GC invocations=56 (full 0):
 garbage-first heap   total 231424K, used 121856K [0x0000000080000000, 0x0000000100000000)
  region size 1024K, 11 young (11264K), 10 survivors (10240K)
 Metaspace       used 113613K, committed 114432K, reserved 1155072K
  class space    used 14942K, committed 15360K, reserved 1048576K
}
Event: 26.919 GC heap after
{Heap after GC invocations=57 (full 0):
 garbage-first heap   total 231424K, used 116777K [0x0000000080000000, 0x0000000100000000)
  region size 1024K, 2 young (2048K), 2 survivors (2048K)
 Metaspace       used 113613K, committed 114432K, reserved 1155072K
  class space    used 14942K, committed 15360K, reserved 1048576K
}
Event: 27.855 GC heap before
{Heap before GC invocations=57 (full 0):
 garbage-first heap   total 231424K, used 185385K [0x0000000080000000, 0x0000000100000000)
  region size 1024K, 69 young (70656K), 2 survivors (2048K)
 Metaspace       used 116655K, committed 117440K, reserved 1155072K
  class space    used 15350K, committed 15744K, reserved 1048576K
}

