# JRE version: OpenJDK Runtime Environment (17.0.6) (build 17.0.6+0-b2043.56-10027231)
# Java VM: OpenJDK 64-Bit Server VM (17.0.6+0-b2043.56-10027231, mixed mode, tiered, compressed oops, compressed class ptrs, g1 gc, windows-amd64)
GC Precious Log:
 CPUs: 4 total, 4 available
 Memory: 14264M
 Large Page Support: Disabled
 NUMA Support: Disabled
 Compressed Oops: Enabled (32-bit)
 Heap Region Size: 1M
 Heap Min Capacity: 8M
 Heap Initial Capacity: 224M
 Heap Max Capacity: 2G
 Pre-touch: Disabled
 Parallel Workers: 4
 Concurrent Workers: 1
 Concurrent Refinement Workers: 4
 Periodic GC: Disabled
Heap:
 garbage-first heap   total 289792K, used 119315K [0x0000000080000000, 0x0000000100000000)
  region size 1024K, 2 young (2048K), 2 survivors (2048K)
 Metaspace       used 136540K, committed 137856K, reserved 1171456K
  class space    used 17853K, committed 18432K, reserved 1048576K
GC Heap History (20 events):
Event: 762.250 GC heap after
{Heap after GC invocations=68 (full 0):
 garbage-first heap   total 289792K, used 118698K [0x0000000080000000, 0x0000000100000000)
  region size 1024K, 1 young (1024K), 1 survivors (1024K)
 Metaspace       used 131138K, committed 132416K, reserved 1171456K
  class space    used 17456K, committed 18048K, reserved 1048576K
}
Event: 765.796 GC heap before
{Heap before GC invocations=68 (full 0):
 garbage-first heap   total 289792K, used 182186K [0x0000000080000000, 0x0000000100000000)
  region size 1024K, 65 young (66560K), 1 survivors (1024K)
 Metaspace       used 133130K, committed 134400K, reserved 1171456K
  class space    used 17684K, committed 18240K, reserved 1048576K
}
Event: 765.803 GC heap after
{Heap after GC invocations=69 (full 0):
 garbage-first heap   total 289792K, used 124303K [0x0000000080000000, 0x0000000100000000)
  region size 1024K, 7 young (7168K), 7 survivors (7168K)
 Metaspace       used 133130K, committed 134400K, reserved 1171456K
  class space    used 17684K, committed 18240K, reserved 1048576K
}
Event: 1869.744 GC heap before
{Heap before GC invocations=70 (full 0):
 garbage-first heap   total 289792K, used 250255K [0x0000000080000000, 0x0000000100000000)
  region size 1024K, 111 young (113664K), 7 survivors (7168K)
 Metaspace       used 133549K, committed 134784K, reserved 1171456K
  class space    used 17706K, committed 18304K, reserved 1048576K
}
Event: 1869.752 GC heap after
{Heap after GC invocations=71 (full 0):
 garbage-first heap   total 289792K, used 124819K [0x0000000080000000, 0x0000000100000000)
  region size 1024K, 5 young (5120K), 5 survivors (5120K)
 Metaspace       used 133549K, committed 134784K, reserved 1171456K
  class space    used 17706K, committed 18304K, reserved 1048576K
}
Event: 1869.936 GC heap before
{Heap before GC invocations=71 (full 0):
 garbage-first heap   total 289792K, used 134035K [0x0000000080000000, 0x0000000100000000)
  region size 1024K, 14 young (14336K), 5 survivors (5120K)
 Metaspace       used 133587K, committed 134848K, reserved 1171456K
  class space    used 17706K, committed 18304K, reserved 1048576K
}
Event: 1869.944 GC heap after
{Heap after GC invocations=72 (full 0):
 garbage-first heap   total 289792K, used 116336K [0x0000000080000000, 0x0000000100000000)
  region size 1024K, 2 young (2048K), 2 survivors (2048K)
 Metaspace       used 133587K, committed 134848K, reserved 1171456K
  class space    used 17706K, committed 18304K, reserved 1048576K
}
Event: 1870.182 GC heap before
{Heap before GC invocations=72 (full 0):
 garbage-first heap   total 289792K, used 128624K [0x0000000080000000, 0x0000000100000000)
  region size 1024K, 15 young (15360K), 2 survivors (2048K)
 Metaspace       used 133610K, committed 134848K, reserved 1171456K
  class space    used 17706K, committed 18304K, reserved 1048576K
}
Event: 1870.188 GC heap after
{Heap after GC invocations=73 (full 0):
 garbage-first heap   total 289792K, used 117988K [0x0000000080000000, 0x0000000100000000)
  region size 1024K, 4 young (4096K), 4 survivors (4096K)
 Metaspace       used 133610K, committed 134848K, reserved 1171456K
  class space    used 17706K, committed 18304K, reserved 1048576K
}
Event: 1873.167 GC heap before
{Heap before GC invocations=74 (full 0):
 garbage-first heap   total 289792K, used 236772K [0x0000000080000000, 0x0000000100000000)
  region size 1024K, 104 young (106496K), 4 survivors (4096K)
 Metaspace       used 133960K, committed 135232K, reserved 1171456K
  class space    used 17713K, committed 18304K, reserved 1048576K
}
Event: 1873.176 GC heap after
{Heap after GC invocations=75 (full 0):
 garbage-first heap   total 289792K, used 121784K [0x0000000080000000, 0x0000000100000000)
  region size 1024K, 8 young (8192K), 8 survivors (8192K)
 Metaspace       used 133960K, committed 135232K, reserved 1171456K
  class space    used 17713K, committed 18304K, reserved 1048576K
}
Event: 1873.242 GC heap before
{Heap before GC invocations=75 (full 0):
 garbage-first heap   total 289792K, used 126904K [0x0000000080000000, 0x0000000100000000)
  region size 1024K, 14 young (14336K), 8 survivors (8192K)
 Metaspace       used 134081K, committed 135360K, reserved 1171456K
  class space    used 17733K, committed 18304K, reserved 1048576K
}
Event: 1873.249 GC heap after
{Heap after GC invocations=76 (full 0):
 garbage-first heap   total 289792K, used 114917K [0x0000000080000000, 0x0000000100000000)
  region size 1024K, 2 young (2048K), 2 survivors (2048K)
 Metaspace       used 134081K, committed 135360K, reserved 1171456K
  class space    used 17733K, committed 18304K, reserved 1048576K
}
Event: 1873.791 GC heap before
{Heap before GC invocations=76 (full 0):
 garbage-first heap   total 289792K, used 143589K [0x0000000080000000, 0x0000000100000000)
  region size 1024K, 32 young (32768K), 2 survivors (2048K)
 Metaspace       used 134719K, committed 136000K, reserved 1171456K
  class space    used 17800K, committed 18368K, reserved 1048576K
}
Event: 1873.795 GC heap after
{Heap after GC invocations=77 (full 0):
 garbage-first heap   total 289792K, used 118234K [0x0000000080000000, 0x0000000100000000)
  region size 1024K, 5 young (5120K), 5 survivors (5120K)
 Metaspace       used 134719K, committed 136000K, reserved 1171456K
  class space    used 17800K, committed 18368K, reserved 1048576K
}
Event: 1875.569 GC heap before
{Heap before GC invocations=78 (full 0):
 garbage-first heap   total 289792K, used 230874K [0x0000000080000000, 0x0000000100000000)
  region size 1024K, 112 young (114688K), 5 survivors (5120K)
 Metaspace       used 135976K, committed 137280K, reserved 1171456K
  class space    used 17839K, committed 18432K, reserved 1048576K
}
Event: 1875.578 GC heap after
{Heap after GC invocations=79 (full 0):
 garbage-first heap   total 289792K, used 124349K [0x0000000080000000, 0x0000000100000000)
  region size 1024K, 9 young (9216K), 9 survivors (9216K)
 Metaspace       used 135976K, committed 137280K, reserved 1171456K
  class space    used 17839K, committed 18432K, reserved 1048576K
}
Event: 1875.663 GC heap before
{Heap before GC invocations=79 (full 0):
 garbage-first heap   total 289792K, used 129469K [0x0000000080000000, 0x0000000100000000)
  region size 1024K, 14 young (14336K), 9 survivors (9216K)
 Metaspace       used 136218K, committed 137536K, reserved 1171456K
  class space    used 17844K, committed 18432K, reserved 1048576K
}
Event: 1875.672 GC heap after
{Heap after GC invocations=80 (full 0):
 garbage-first heap   total 289792K, used 118803K [0x0000000080000000, 0x0000000100000000)
  region size 1024K, 1 young (1024K), 1 survivors (1024K)
 Metaspace       used 136218K, committed 137536K, reserved 1171456K
  class space    used 17844K, committed 18432K, reserved 1048576K
}
Event: 1875.938 GC heap before
{Heap before GC invocations=80 (full 0):
 garbage-first heap   total 289792K, used 142355K [0x0000000080000000, 0x0000000100000000)
  region size 1024K, 26 young (26624K), 1 survivors (1024K)
 Metaspace       used 136540K, committed 137856K, reserved 1171456K
  class space    used 17853K, committed 18432K, reserved 1048576K
}

