# JRE version: OpenJDK Runtime Environment (17.0.6) (build 17.0.6+0-b2043.56-10027231)
# Java VM: OpenJDK 64-Bit Server VM (17.0.6+0-b2043.56-10027231, mixed mode, tiered, compressed oops, compressed class ptrs, g1 gc, windows-amd64)
GC Precious Log:
 CPUs: 4 total, 4 available
 Memory: 14264M
 Large Page Support: Disabled
 NUMA Support: Disabled
 Compressed Oops: Enabled (32-bit)
 Heap Region Size: 1M
 Heap Min Capacity: 8M
 Heap Initial Capacity: 224M
 Heap Max Capacity: 2G
 Pre-touch: Disabled
 Parallel Workers: 4
 Concurrent Workers: 1
 Concurrent Refinement Workers: 4
 Periodic GC: Disabled
Heap:
 garbage-first heap   total 382976K, used 117145K [0x0000000080000000, 0x0000000100000000)
  region size 1024K, 2 young (2048K), 2 survivors (2048K)
 Metaspace       used 145250K, committed 146304K, reserved 1179648K
  class space    used 18875K, committed 19392K, reserved 1048576K
GC Heap History (20 events):
Event: 1911.887 GC heap after
{Heap after GC invocations=79 (full 0):
 garbage-first heap   total 382976K, used 120335K [0x0000000080000000, 0x0000000100000000)
  region size 1024K, 2 young (2048K), 2 survivors (2048K)
 Metaspace       used 138161K, committed 139200K, reserved 1171456K
  class space    used 18316K, committed 18816K, reserved 1048576K
}
Event: 6405.584 GC heap before
{Heap before GC invocations=79 (full 0):
 garbage-first heap   total 382976K, used 299535K [0x0000000080000000, 0x0000000100000000)
  region size 1024K, 178 young (182272K), 2 survivors (2048K)
 Metaspace       used 138502K, committed 139584K, reserved 1171456K
  class space    used 18354K, committed 18880K, reserved 1048576K
}
Event: 6405.595 GC heap after
{Heap after GC invocations=80 (full 0):
 garbage-first heap   total 382976K, used 126479K [0x0000000080000000, 0x0000000100000000)
  region size 1024K, 8 young (8192K), 8 survivors (8192K)
 Metaspace       used 138502K, committed 139584K, reserved 1171456K
  class space    used 18354K, committed 18880K, reserved 1048576K
}
Event: 6407.466 GC heap before
{Heap before GC invocations=81 (full 0):
 garbage-first heap   total 382976K, used 325135K [0x0000000080000000, 0x0000000100000000)
  region size 1024K, 177 young (181248K), 8 survivors (8192K)
 Metaspace       used 138788K, committed 139840K, reserved 1171456K
  class space    used 18306K, committed 18880K, reserved 1048576K
}
Event: 6407.484 GC heap after
{Heap after GC invocations=82 (full 0):
 garbage-first heap   total 382976K, used 140803K [0x0000000080000000, 0x0000000100000000)
  region size 1024K, 22 young (22528K), 22 survivors (22528K)
 Metaspace       used 138788K, committed 139840K, reserved 1171456K
  class space    used 18306K, committed 18880K, reserved 1048576K
}
Event: 6407.485 GC heap before
{Heap before GC invocations=82 (full 0):
 garbage-first heap   total 382976K, used 141827K [0x0000000080000000, 0x0000000100000000)
  region size 1024K, 23 young (23552K), 22 survivors (22528K)
 Metaspace       used 138788K, committed 139840K, reserved 1171456K
  class space    used 18306K, committed 18880K, reserved 1048576K
}
Event: 6407.508 GC heap after
{Heap after GC invocations=83 (full 0):
 garbage-first heap   total 382976K, used 126899K [0x0000000080000000, 0x0000000100000000)
  region size 1024K, 1 young (1024K), 1 survivors (1024K)
 Metaspace       used 138788K, committed 139840K, reserved 1171456K
  class space    used 18306K, committed 18880K, reserved 1048576K
}
Event: 6409.748 GC heap before
{Heap before GC invocations=83 (full 0):
 garbage-first heap   total 382976K, used 298931K [0x0000000080000000, 0x0000000100000000)
  region size 1024K, 170 young (174080K), 1 survivors (1024K)
 Metaspace       used 141828K, committed 142720K, reserved 1179648K
  class space    used 18661K, committed 19072K, reserved 1048576K
}
Event: 6409.764 GC heap after
{Heap after GC invocations=84 (full 0):
 garbage-first heap   total 382976K, used 142735K [0x0000000080000000, 0x0000000100000000)
  region size 1024K, 17 young (17408K), 17 survivors (17408K)
 Metaspace       used 141828K, committed 142720K, reserved 1179648K
  class space    used 18661K, committed 19072K, reserved 1048576K
}
Event: 6411.618 GC heap before
{Heap before GC invocations=85 (full 0):
 garbage-first heap   total 382976K, used 304527K [0x0000000080000000, 0x0000000100000000)
  region size 1024K, 174 young (178176K), 17 survivors (17408K)
 Metaspace       used 144569K, committed 145600K, reserved 1179648K
  class space    used 18854K, committed 19328K, reserved 1048576K
}
Event: 6411.631 GC heap after
{Heap after GC invocations=86 (full 0):
 garbage-first heap   total 382976K, used 141301K [0x0000000080000000, 0x0000000100000000)
  region size 1024K, 3 young (3072K), 3 survivors (3072K)
 Metaspace       used 144569K, committed 145600K, reserved 1179648K
  class space    used 18854K, committed 19328K, reserved 1048576K
}
Event: 6411.732 GC heap before
{Heap before GC invocations=86 (full 0):
 garbage-first heap   total 382976K, used 156661K [0x0000000080000000, 0x0000000100000000)
  region size 1024K, 18 young (18432K), 3 survivors (3072K)
 Metaspace       used 144739K, committed 145728K, reserved 1179648K
  class space    used 18854K, committed 19328K, reserved 1048576K
}
Event: 6411.746 GC heap after
{Heap after GC invocations=87 (full 0):
 garbage-first heap   total 382976K, used 123600K [0x0000000080000000, 0x0000000100000000)
  region size 1024K, 1 young (1024K), 1 survivors (1024K)
 Metaspace       used 144739K, committed 145728K, reserved 1179648K
  class space    used 18854K, committed 19328K, reserved 1048576K
}
Event: 6412.872 GC heap before
{Heap before GC invocations=87 (full 0):
 garbage-first heap   total 382976K, used 303824K [0x0000000080000000, 0x0000000100000000)
  region size 1024K, 177 young (181248K), 1 survivors (1024K)
 Metaspace       used 145071K, committed 146112K, reserved 1179648K
  class space    used 18865K, committed 19392K, reserved 1048576K
}
Event: 6412.877 GC heap after
{Heap after GC invocations=88 (full 0):
 garbage-first heap   total 382976K, used 123752K [0x0000000080000000, 0x0000000100000000)
  region size 1024K, 1 young (1024K), 1 survivors (1024K)
 Metaspace       used 145071K, committed 146112K, reserved 1179648K
  class space    used 18865K, committed 19392K, reserved 1048576K
}
Event: 6414.180 GC heap before
{Heap before GC invocations=89 (full 0):
 garbage-first heap   total 382976K, used 309096K [0x0000000080000000, 0x0000000100000000)
  region size 1024K, 183 young (187392K), 1 survivors (1024K)
 Metaspace       used 145198K, committed 146240K, reserved 1179648K
  class space    used 18870K, committed 19392K, reserved 1048576K
}
Event: 6414.188 GC heap after
{Heap after GC invocations=90 (full 0):
 garbage-first heap   total 382976K, used 123076K [0x0000000080000000, 0x0000000100000000)
  region size 1024K, 2 young (2048K), 2 survivors (2048K)
 Metaspace       used 145198K, committed 146240K, reserved 1179648K
  class space    used 18870K, committed 19392K, reserved 1048576K
}
Event: 6414.292 GC heap before
{Heap before GC invocations=90 (full 0):
 garbage-first heap   total 382976K, used 139460K [0x0000000080000000, 0x0000000100000000)
  region size 1024K, 18 young (18432K), 2 survivors (2048K)
 Metaspace       used 145208K, committed 146240K, reserved 1179648K
  class space    used 18870K, committed 19392K, reserved 1048576K
}
Event: 6414.304 GC heap after
{Heap after GC invocations=91 (full 0):
 garbage-first heap   total 382976K, used 116825K [0x0000000080000000, 0x0000000100000000)
  region size 1024K, 2 young (2048K), 2 survivors (2048K)
 Metaspace       used 145208K, committed 146240K, reserved 1179648K
  class space    used 18870K, committed 19392K, reserved 1048576K
}
Event: 6415.052 GC heap before
{Heap before GC invocations=91 (full 0):
 garbage-first heap   total 382976K, used 318553K [0x0000000080000000, 0x0000000100000000)
  region size 1024K, 199 young (203776K), 2 survivors (2048K)
 Metaspace       used 145250K, committed 146304K, reserved 1179648K
  class space    used 18875K, committed 19392K, reserved 1048576K
}

