# JRE version: OpenJDK Runtime Environment (17.0.6) (build 17.0.6+0-b2043.56-10027231)
# Java VM: OpenJDK 64-Bit Server VM (17.0.6+0-b2043.56-10027231, mixed mode, tiered, compressed oops, compressed class ptrs, g1 gc, windows-amd64)
GC Precious Log:
 CPUs: 4 total, 4 available
 Memory: 14264M
 Large Page Support: Disabled
 NUMA Support: Disabled
 Compressed Oops: Enabled (32-bit)
 Heap Region Size: 1M
 Heap Min Capacity: 8M
 Heap Initial Capacity: 224M
 Heap Max Capacity: 2G
 Pre-touch: Disabled
 Parallel Workers: 4
 Concurrent Workers: 1
 Concurrent Refinement Workers: 4
 Periodic GC: Disabled
Heap:
 garbage-first heap   total 312320K, used 119789K [0x0000000080000000, 0x0000000100000000)
  region size 1024K, 1 young (1024K), 1 survivors (1024K)
 Metaspace       used 148541K, committed 150272K, reserved 1179648K
  class space    used 19184K, committed 20032K, reserved 1048576K
GC Heap History (20 events):
Event: 6277.761 GC heap after
{Heap after GC invocations=113 (full 0):
 garbage-first heap   total 312320K, used 113680K [0x0000000080000000, 0x0000000100000000)
  region size 1024K, 2 young (2048K), 2 survivors (2048K)
 Metaspace       used 146404K, committed 147648K, reserved 1179648K
  class space    used 18821K, committed 19392K, reserved 1048576K
}
Event: 6277.833 GC heap before
{Heap before GC invocations=113 (full 0):
 garbage-first heap   total 312320K, used 121872K [0x0000000080000000, 0x0000000100000000)
  region size 1024K, 12 young (12288K), 2 survivors (2048K)
 Metaspace       used 146406K, committed 147648K, reserved 1179648K
  class space    used 18821K, committed 19392K, reserved 1048576K
}
Event: 6277.834 GC heap after
{Heap after GC invocations=114 (full 0):
 garbage-first heap   total 312320K, used 113214K [0x0000000080000000, 0x0000000100000000)
  region size 1024K, 1 young (1024K), 1 survivors (1024K)
 Metaspace       used 146406K, committed 147648K, reserved 1179648K
  class space    used 18821K, committed 19392K, reserved 1048576K
}
Event: 6510.872 GC heap before
{Heap before GC invocations=115 (full 0):
 garbage-first heap   total 312320K, used 298558K [0x0000000080000000, 0x0000000100000000)
  region size 1024K, 145 young (148480K), 1 survivors (1024K)
 Metaspace       used 148212K, committed 149952K, reserved 1179648K
  class space    used 19161K, committed 19968K, reserved 1048576K
}
Event: 6510.880 GC heap after
{Heap after GC invocations=116 (full 0):
 garbage-first heap   total 312320K, used 117756K [0x0000000080000000, 0x0000000100000000)
  region size 1024K, 4 young (4096K), 4 survivors (4096K)
 Metaspace       used 148212K, committed 149952K, reserved 1179648K
  class space    used 19161K, committed 19968K, reserved 1048576K
}
Event: 6511.029 GC heap before
{Heap before GC invocations=116 (full 0):
 garbage-first heap   total 312320K, used 127996K [0x0000000080000000, 0x0000000100000000)
  region size 1024K, 15 young (15360K), 4 survivors (4096K)
 Metaspace       used 148227K, committed 149952K, reserved 1179648K
  class space    used 19161K, committed 19968K, reserved 1048576K
}
Event: 6511.038 GC heap after
{Heap after GC invocations=117 (full 0):
 garbage-first heap   total 312320K, used 110568K [0x0000000080000000, 0x0000000100000000)
  region size 1024K, 2 young (2048K), 2 survivors (2048K)
 Metaspace       used 148227K, committed 149952K, reserved 1179648K
  class space    used 19161K, committed 19968K, reserved 1048576K
}
Event: 6511.408 GC heap before
{Heap before GC invocations=117 (full 0):
 garbage-first heap   total 312320K, used 138216K [0x0000000080000000, 0x0000000100000000)
  region size 1024K, 30 young (30720K), 2 survivors (2048K)
 Metaspace       used 148245K, committed 150080K, reserved 1179648K
  class space    used 19161K, committed 20032K, reserved 1048576K
}
Event: 6511.417 GC heap after
{Heap after GC invocations=118 (full 0):
 garbage-first heap   total 312320K, used 115791K [0x0000000080000000, 0x0000000100000000)
  region size 1024K, 8 young (8192K), 8 survivors (8192K)
 Metaspace       used 148245K, committed 150080K, reserved 1179648K
  class space    used 19161K, committed 20032K, reserved 1048576K
}
Event: 6863.164 GC heap before
{Heap before GC invocations=119 (full 0):
 garbage-first heap   total 312320K, used 262223K [0x0000000080000000, 0x0000000100000000)
  region size 1024K, 130 young (133120K), 8 survivors (8192K)
 Metaspace       used 148395K, committed 150144K, reserved 1179648K
  class space    used 19176K, committed 20032K, reserved 1048576K
}
Event: 6863.180 GC heap after
{Heap after GC invocations=120 (full 0):
 garbage-first heap   total 312320K, used 129875K [0x0000000080000000, 0x0000000100000000)
  region size 1024K, 17 young (17408K), 17 survivors (17408K)
 Metaspace       used 148395K, committed 150144K, reserved 1179648K
  class space    used 19176K, committed 20032K, reserved 1048576K
}
Event: 6863.206 GC heap before
{Heap before GC invocations=120 (full 0):
 garbage-first heap   total 312320K, used 130899K [0x0000000080000000, 0x0000000100000000)
  region size 1024K, 18 young (18432K), 17 survivors (17408K)
 Metaspace       used 148395K, committed 150144K, reserved 1179648K
  class space    used 19176K, committed 20032K, reserved 1048576K
}
Event: 6863.222 GC heap after
{Heap after GC invocations=121 (full 0):
 garbage-first heap   total 312320K, used 119388K [0x0000000080000000, 0x0000000100000000)
  region size 1024K, 2 young (2048K), 2 survivors (2048K)
 Metaspace       used 148395K, committed 150144K, reserved 1179648K
  class space    used 19176K, committed 20032K, reserved 1048576K
}
Event: 6864.179 GC heap before
{Heap before GC invocations=121 (full 0):
 garbage-first heap   total 312320K, used 164444K [0x0000000080000000, 0x0000000100000000)
  region size 1024K, 48 young (49152K), 2 survivors (2048K)
 Metaspace       used 148443K, committed 150208K, reserved 1179648K
  class space    used 19183K, committed 20032K, reserved 1048576K
}
Event: 6864.187 GC heap after
{Heap after GC invocations=122 (full 0):
 garbage-first heap   total 312320K, used 123697K [0x0000000080000000, 0x0000000100000000)
  region size 1024K, 6 young (6144K), 6 survivors (6144K)
 Metaspace       used 148443K, committed 150208K, reserved 1179648K
  class space    used 19183K, committed 20032K, reserved 1048576K
}
Event: 7435.807 GC heap before
{Heap before GC invocations=123 (full 0):
 garbage-first heap   total 312320K, used 258865K [0x0000000080000000, 0x0000000100000000)
  region size 1024K, 119 young (121856K), 6 survivors (6144K)
 Metaspace       used 148521K, committed 150272K, reserved 1179648K
  class space    used 19184K, committed 20032K, reserved 1048576K
}
Event: 7435.819 GC heap after
{Heap after GC invocations=124 (full 0):
 garbage-first heap   total 312320K, used 133212K [0x0000000080000000, 0x0000000100000000)
  region size 1024K, 13 young (13312K), 13 survivors (13312K)
 Metaspace       used 148521K, committed 150272K, reserved 1179648K
  class space    used 19184K, committed 20032K, reserved 1048576K
}
Event: 7435.843 GC heap before
{Heap before GC invocations=124 (full 0):
 garbage-first heap   total 312320K, used 135260K [0x0000000080000000, 0x0000000100000000)
  region size 1024K, 15 young (15360K), 13 survivors (13312K)
 Metaspace       used 148525K, committed 150272K, reserved 1179648K
  class space    used 19184K, committed 20032K, reserved 1048576K
}
Event: 7435.858 GC heap after
{Heap after GC invocations=125 (full 0):
 garbage-first heap   total 312320K, used 120445K [0x0000000080000000, 0x0000000100000000)
  region size 1024K, 2 young (2048K), 2 survivors (2048K)
 Metaspace       used 148525K, committed 150272K, reserved 1179648K
  class space    used 19184K, committed 20032K, reserved 1048576K
}
Event: 7436.134 GC heap before
{Heap before GC invocations=125 (full 0):
 garbage-first heap   total 312320K, used 130685K [0x0000000080000000, 0x0000000100000000)
  region size 1024K, 13 young (13312K), 2 survivors (2048K)
 Metaspace       used 148541K, committed 150272K, reserved 1179648K
  class space    used 19184K, committed 20032K, reserved 1048576K
}

