# JRE version: OpenJDK Runtime Environment (17.0.6) (build 17.0.6+0-b2043.56-10027231)
# Java VM: OpenJDK 64-Bit Server VM (17.0.6+0-b2043.56-10027231, mixed mode, tiered, compressed oops, compressed class ptrs, g1 gc, windows-amd64)
GC Precious Log:
 CPUs: 4 total, 4 available
 Memory: 14264M
 Large Page Support: Disabled
 NUMA Support: Disabled
 Compressed Oops: Enabled (32-bit)
 Heap Region Size: 1M
 Heap Min Capacity: 8M
 Heap Initial Capacity: 224M
 Heap Max Capacity: 2G
 Pre-touch: Disabled
 Parallel Workers: 4
 Concurrent Workers: 1
 Concurrent Refinement Workers: 4
 Periodic GC: Disabled
Heap:
 garbage-first heap   total 329728K, used 223923K [0x0000000080000000, 0x0000000100000000)
  region size 1024K, 6 young (6144K), 6 survivors (6144K)
 Metaspace       used 126973K, committed 127808K, reserved 1163264K
  class space    used 16686K, committed 17088K, reserved 1048576K
GC Heap History (20 events):
Event: 35.738 GC heap after
{Heap after GC invocations=48 (full 0):
 garbage-first heap   total 307200K, used 155215K [0x0000000080000000, 0x0000000100000000)
  region size 1024K, 4 young (4096K), 4 survivors (4096K)
 Metaspace       used 123266K, committed 124096K, reserved 1163264K
  class space    used 16179K, committed 16576K, reserved 1048576K
}
Event: 36.437 GC heap before
{Heap before GC invocations=48 (full 0):
 garbage-first heap   total 307200K, used 260687K [0x0000000080000000, 0x0000000100000000)
  region size 1024K, 107 young (109568K), 4 survivors (4096K)
 Metaspace       used 123342K, committed 124160K, reserved 1163264K
  class space    used 16182K, committed 16576K, reserved 1048576K
}
Event: 36.442 GC heap after
{Heap after GC invocations=49 (full 0):
 garbage-first heap   total 307200K, used 155352K [0x0000000080000000, 0x0000000100000000)
  region size 1024K, 4 young (4096K), 4 survivors (4096K)
 Metaspace       used 123342K, committed 124160K, reserved 1163264K
  class space    used 16182K, committed 16576K, reserved 1048576K
}
Event: 36.866 GC heap before
{Heap before GC invocations=49 (full 0):
 garbage-first heap   total 307200K, used 263896K [0x0000000080000000, 0x0000000100000000)
  region size 1024K, 110 young (112640K), 4 survivors (4096K)
 Metaspace       used 123348K, committed 124160K, reserved 1163264K
  class space    used 16182K, committed 16576K, reserved 1048576K
}
Event: 36.870 GC heap after
{Heap after GC invocations=50 (full 0):
 garbage-first heap   total 307200K, used 155920K [0x0000000080000000, 0x0000000100000000)
  region size 1024K, 5 young (5120K), 5 survivors (5120K)
 Metaspace       used 123348K, committed 124160K, reserved 1163264K
  class space    used 16182K, committed 16576K, reserved 1048576K
}
Event: 37.355 GC heap before
{Heap before GC invocations=50 (full 0):
 garbage-first heap   total 307200K, used 265488K [0x0000000080000000, 0x0000000100000000)
  region size 1024K, 112 young (114688K), 5 survivors (5120K)
 Metaspace       used 123386K, committed 124224K, reserved 1163264K
  class space    used 16187K, committed 16576K, reserved 1048576K
}
Event: 37.362 GC heap after
{Heap after GC invocations=51 (full 0):
 garbage-first heap   total 307200K, used 155951K [0x0000000080000000, 0x0000000100000000)
  region size 1024K, 5 young (5120K), 5 survivors (5120K)
 Metaspace       used 123386K, committed 124224K, reserved 1163264K
  class space    used 16187K, committed 16576K, reserved 1048576K
}
Event: 38.980 GC heap before
{Heap before GC invocations=51 (full 0):
 garbage-first heap   total 307200K, used 272687K [0x0000000080000000, 0x0000000100000000)
  region size 1024K, 107 young (109568K), 5 survivors (5120K)
 Metaspace       used 126013K, committed 126848K, reserved 1163264K
  class space    used 16554K, committed 16960K, reserved 1048576K
}
Event: 38.991 GC heap after
{Heap after GC invocations=52 (full 0):
 garbage-first heap   total 307200K, used 171947K [0x0000000080000000, 0x0000000100000000)
  region size 1024K, 9 young (9216K), 9 survivors (9216K)
 Metaspace       used 126013K, committed 126848K, reserved 1163264K
  class space    used 16554K, committed 16960K, reserved 1048576K
}
Event: 39.002 GC heap before
{Heap before GC invocations=52 (full 0):
 garbage-first heap   total 307200K, used 196523K [0x0000000080000000, 0x0000000100000000)
  region size 1024K, 18 young (18432K), 9 survivors (9216K)
 Metaspace       used 126018K, committed 126848K, reserved 1163264K
  class space    used 16554K, committed 16960K, reserved 1048576K
}
Event: 39.011 GC heap after
{Heap after GC invocations=53 (full 0):
 garbage-first heap   total 307200K, used 182978K [0x0000000080000000, 0x0000000100000000)
  region size 1024K, 11 young (11264K), 11 survivors (11264K)
 Metaspace       used 126018K, committed 126848K, reserved 1163264K
  class space    used 16554K, committed 16960K, reserved 1048576K
}
Event: 39.270 GC heap before
{Heap before GC invocations=53 (full 0):
 garbage-first heap   total 307200K, used 219842K [0x0000000080000000, 0x0000000100000000)
  region size 1024K, 43 young (44032K), 11 survivors (11264K)
 Metaspace       used 126108K, committed 126976K, reserved 1163264K
  class space    used 16559K, committed 16960K, reserved 1048576K
}
Event: 39.287 GC heap after
{Heap after GC invocations=54 (full 0):
 garbage-first heap   total 307200K, used 194560K [0x0000000080000000, 0x0000000100000000)
  region size 1024K, 11 young (11264K), 11 survivors (11264K)
 Metaspace       used 126108K, committed 126976K, reserved 1163264K
  class space    used 16559K, committed 16960K, reserved 1048576K
}
Event: 39.732 GC heap before
{Heap before GC invocations=55 (full 0):
 garbage-first heap   total 329728K, used 233472K [0x0000000080000000, 0x0000000100000000)
  region size 1024K, 60 young (61440K), 11 survivors (11264K)
 Metaspace       used 126430K, committed 127168K, reserved 1163264K
  class space    used 16597K, committed 16960K, reserved 1048576K
}
Event: 39.765 GC heap after
{Heap after GC invocations=56 (full 0):
 garbage-first heap   total 329728K, used 207023K [0x0000000080000000, 0x0000000100000000)
  region size 1024K, 8 young (8192K), 8 survivors (8192K)
 Metaspace       used 126430K, committed 127168K, reserved 1163264K
  class space    used 16597K, committed 16960K, reserved 1048576K
}
Event: 39.813 GC heap before
{Heap before GC invocations=56 (full 0):
 garbage-first heap   total 329728K, used 214191K [0x0000000080000000, 0x0000000100000000)
  region size 1024K, 16 young (16384K), 8 survivors (8192K)
 Metaspace       used 126446K, committed 127232K, reserved 1163264K
  class space    used 16597K, committed 16960K, reserved 1048576K
}
Event: 39.833 GC heap after
{Heap after GC invocations=57 (full 0):
 garbage-first heap   total 329728K, used 193536K [0x0000000080000000, 0x0000000100000000)
  region size 1024K, 2 young (2048K), 2 survivors (2048K)
 Metaspace       used 126446K, committed 127232K, reserved 1163264K
  class space    used 16597K, committed 16960K, reserved 1048576K
}
Event: 40.115 GC heap before
{Heap before GC invocations=57 (full 0):
 garbage-first heap   total 329728K, used 248832K [0x0000000080000000, 0x0000000100000000)
  region size 1024K, 57 young (58368K), 2 survivors (2048K)
 Metaspace       used 126587K, committed 127424K, reserved 1163264K
  class space    used 16609K, committed 17024K, reserved 1048576K
}
Event: 40.138 GC heap after
{Heap after GC invocations=58 (full 0):
 garbage-first heap   total 329728K, used 217600K [0x0000000080000000, 0x0000000100000000)
  region size 1024K, 8 young (8192K), 8 survivors (8192K)
 Metaspace       used 126587K, committed 127424K, reserved 1163264K
  class space    used 16609K, committed 17024K, reserved 1048576K
}
Event: 40.517 GC heap before
{Heap before GC invocations=58 (full 0):
 garbage-first heap   total 329728K, used 256512K [0x0000000080000000, 0x0000000100000000)
  region size 1024K, 47 young (48128K), 8 survivors (8192K)
 Metaspace       used 126973K, committed 127808K, reserved 1163264K
  class space    used 16686K, committed 17088K, reserved 1048576K
}

