# JRE version: OpenJDK Runtime Environment (17.0.6) (build 17.0.6+0-b2043.56-10027231)
# Java VM: OpenJDK 64-Bit Server VM (17.0.6+0-b2043.56-10027231, mixed mode, tiered, compressed oops, compressed class ptrs, g1 gc, windows-amd64)
GC Precious Log:
 CPUs: 4 total, 4 available
 Memory: 14264M
 Large Page Support: Disabled
 NUMA Support: Disabled
 Compressed Oops: Enabled (32-bit)
 Heap Region Size: 1M
 Heap Min Capacity: 8M
 Heap Initial Capacity: 224M
 Heap Max Capacity: 2G
 Pre-touch: Disabled
 Parallel Workers: 4
 Concurrent Workers: 1
 Concurrent Refinement Workers: 4
 Periodic GC: Disabled
Heap:
 garbage-first heap   total 517120K, used 142258K [0x0000000080000000, 0x0000000100000000)
  region size 1024K, 9 young (9216K), 9 survivors (9216K)
 Metaspace       used 145991K, committed 147776K, reserved 1179648K
  class space    used 18905K, committed 19776K, reserved 1048576K
GC Heap History (20 events):
Event: 3599.789 GC heap after
{Heap after GC invocations=109 (full 0):
 garbage-first heap   total 447488K, used 114698K [0x0000000080000000, 0x0000000100000000)
  region size 1024K, 3 young (3072K), 3 survivors (3072K)
 Metaspace       used 144988K, committed 146752K, reserved 1179648K
  class space    used 18865K, committed 19712K, reserved 1048576K
}
Event: 3600.359 GC heap before
{Heap before GC invocations=109 (full 0):
 garbage-first heap   total 447488K, used 264202K [0x0000000080000000, 0x0000000100000000)
  region size 1024K, 151 young (154624K), 3 survivors (3072K)
 Metaspace       used 145266K, committed 147008K, reserved 1179648K
  class space    used 18889K, committed 19712K, reserved 1048576K
}
Event: 3600.369 GC heap after
{Heap after GC invocations=110 (full 0):
 garbage-first heap   total 447488K, used 121589K [0x0000000080000000, 0x0000000100000000)
  region size 1024K, 10 young (10240K), 10 survivors (10240K)
 Metaspace       used 145266K, committed 147008K, reserved 1179648K
  class space    used 18889K, committed 19712K, reserved 1048576K
}
Event: 4493.449 GC heap before
{Heap before GC invocations=111 (full 0):
 garbage-first heap   total 447488K, used 367349K [0x0000000080000000, 0x0000000100000000)
  region size 1024K, 229 young (234496K), 10 survivors (10240K)
 Metaspace       used 145461K, committed 147200K, reserved 1179648K
  class space    used 18903K, committed 19712K, reserved 1048576K
}
Event: 4493.465 GC heap after
{Heap after GC invocations=112 (full 0):
 garbage-first heap   total 447488K, used 131997K [0x0000000080000000, 0x0000000100000000)
  region size 1024K, 18 young (18432K), 18 survivors (18432K)
 Metaspace       used 145461K, committed 147200K, reserved 1179648K
  class space    used 18903K, committed 19712K, reserved 1048576K
}
Event: 4493.484 GC heap before
{Heap before GC invocations=112 (full 0):
 garbage-first heap   total 447488K, used 135069K [0x0000000080000000, 0x0000000100000000)
  region size 1024K, 21 young (21504K), 18 survivors (18432K)
 Metaspace       used 145462K, committed 147200K, reserved 1179648K
  class space    used 18903K, committed 19712K, reserved 1048576K
}
Event: 4493.504 GC heap after
{Heap after GC invocations=113 (full 0):
 garbage-first heap   total 447488K, used 130780K [0x0000000080000000, 0x0000000100000000)
  region size 1024K, 2 young (2048K), 2 survivors (2048K)
 Metaspace       used 145462K, committed 147200K, reserved 1179648K
  class space    used 18903K, committed 19712K, reserved 1048576K
}
Event: 4494.472 GC heap before
{Heap before GC invocations=113 (full 0):
 garbage-first heap   total 447488K, used 285404K [0x0000000080000000, 0x0000000100000000)
  region size 1024K, 155 young (158720K), 2 survivors (2048K)
 Metaspace       used 145504K, committed 147264K, reserved 1179648K
  class space    used 18903K, committed 19712K, reserved 1048576K
}
Event: 4494.480 GC heap after
{Heap after GC invocations=114 (full 0):
 garbage-first heap   total 447488K, used 131582K [0x0000000080000000, 0x0000000100000000)
  region size 1024K, 3 young (3072K), 3 survivors (3072K)
 Metaspace       used 145504K, committed 147264K, reserved 1179648K
  class space    used 18903K, committed 19712K, reserved 1048576K
}
Event: 5792.562 GC heap before
{Heap before GC invocations=115 (full 0):
 garbage-first heap   total 447488K, used 392702K [0x0000000080000000, 0x0000000100000000)
  region size 1024K, 219 young (224256K), 3 survivors (3072K)
 Metaspace       used 145666K, committed 147392K, reserved 1179648K
  class space    used 18904K, committed 19712K, reserved 1048576K
}
Event: 5792.577 GC heap after
{Heap after GC invocations=116 (full 0):
 garbage-first heap   total 447488K, used 146418K [0x0000000080000000, 0x0000000100000000)
  region size 1024K, 14 young (14336K), 14 survivors (14336K)
 Metaspace       used 145666K, committed 147392K, reserved 1179648K
  class space    used 18904K, committed 19712K, reserved 1048576K
}
Event: 5792.734 GC heap before
{Heap before GC invocations=116 (full 0):
 garbage-first heap   total 447488K, used 152562K [0x0000000080000000, 0x0000000100000000)
  region size 1024K, 21 young (21504K), 14 survivors (14336K)
 Metaspace       used 145666K, committed 147392K, reserved 1179648K
  class space    used 18904K, committed 19712K, reserved 1048576K
}
Event: 5792.754 GC heap after
{Heap after GC invocations=117 (full 0):
 garbage-first heap   total 447488K, used 136046K [0x0000000080000000, 0x0000000100000000)
  region size 1024K, 3 young (3072K), 3 survivors (3072K)
 Metaspace       used 145666K, committed 147392K, reserved 1179648K
  class space    used 18904K, committed 19712K, reserved 1048576K
}
Event: 5793.631 GC heap before
{Heap before GC invocations=117 (full 0):
 garbage-first heap   total 447488K, used 353134K [0x0000000080000000, 0x0000000100000000)
  region size 1024K, 216 young (221184K), 3 survivors (3072K)
 Metaspace       used 145774K, committed 147584K, reserved 1179648K
  class space    used 18908K, committed 19776K, reserved 1048576K
}
Event: 5793.638 GC heap after
{Heap after GC invocations=118 (full 0):
 garbage-first heap   total 447488K, used 139671K [0x0000000080000000, 0x0000000100000000)
  region size 1024K, 7 young (7168K), 7 survivors (7168K)
 Metaspace       used 145774K, committed 147584K, reserved 1179648K
  class space    used 18908K, committed 19776K, reserved 1048576K
}
Event: 6427.143 GC heap before
{Heap before GC invocations=119 (full 0):
 garbage-first heap   total 447488K, used 396695K [0x0000000080000000, 0x0000000100000000)
  region size 1024K, 221 young (226304K), 7 survivors (7168K)
 Metaspace       used 145943K, committed 147712K, reserved 1179648K
  class space    used 18905K, committed 19776K, reserved 1048576K
}
Event: 6427.158 GC heap after
{Heap after GC invocations=120 (full 0):
 garbage-first heap   total 447488K, used 151059K [0x0000000080000000, 0x0000000100000000)
  region size 1024K, 16 young (16384K), 16 survivors (16384K)
 Metaspace       used 145943K, committed 147712K, reserved 1179648K
  class space    used 18905K, committed 19776K, reserved 1048576K
}
Event: 6427.166 GC heap before
{Heap before GC invocations=120 (full 0):
 garbage-first heap   total 447488K, used 156179K [0x0000000080000000, 0x0000000100000000)
  region size 1024K, 21 young (21504K), 16 survivors (16384K)
 Metaspace       used 145943K, committed 147712K, reserved 1179648K
  class space    used 18905K, committed 19776K, reserved 1048576K
}
Event: 6427.185 GC heap after
{Heap after GC invocations=121 (full 0):
 garbage-first heap   total 447488K, used 136609K [0x0000000080000000, 0x0000000100000000)
  region size 1024K, 3 young (3072K), 3 survivors (3072K)
 Metaspace       used 145943K, committed 147712K, reserved 1179648K
  class space    used 18905K, committed 19776K, reserved 1048576K
}
Event: 6428.363 GC heap before
{Heap before GC invocations=121 (full 0):
 garbage-first heap   total 447488K, used 358817K [0x0000000080000000, 0x0000000100000000)
  region size 1024K, 221 young (226304K), 3 survivors (3072K)
 Metaspace       used 145991K, committed 147776K, reserved 1179648K
  class space    used 18905K, committed 19776K, reserved 1048576K
}

