# JRE version: OpenJDK Runtime Environment (17.0.6) (build 17.0.6+0-b2043.56-10027231)
# Java VM: OpenJDK 64-Bit Server VM (17.0.6+0-b2043.56-10027231, mixed mode, tiered, compressed oops, compressed class ptrs, g1 gc, windows-amd64)
GC Precious Log:
 CPUs: 4 total, 4 available
 Memory: 14264M
 Large Page Support: Disabled
 NUMA Support: Disabled
 Compressed Oops: Enabled (32-bit)
 Heap Region Size: 1M
 Heap Min Capacity: 8M
 Heap Initial Capacity: 224M
 Heap Max Capacity: 2G
 Pre-touch: Disabled
 Parallel Workers: 4
 Concurrent Workers: 1
 Concurrent Refinement Workers: 4
 Periodic GC: Disabled
Heap:
 garbage-first heap   total 229376K, used 115718K [0x0000000080000000, 0x0000000100000000)
  region size 1024K, 4 young (4096K), 4 survivors (4096K)
 Metaspace       used 120900K, committed 121792K, reserved 1155072K
  class space    used 16253K, committed 16704K, reserved 1048576K
GC Heap History (20 events):
Event: 467.683 GC heap after
{Heap after GC invocations=47 (full 0):
 garbage-first heap   total 206848K, used 107449K [0x0000000080000000, 0x0000000100000000)
  region size 1024K, 1 young (1024K), 1 survivors (1024K)
 Metaspace       used 119439K, committed 120192K, reserved 1155072K
  class space    used 16171K, committed 16512K, reserved 1048576K
}
Event: 467.684 GC heap before
{Heap before GC invocations=47 (full 0):
 garbage-first heap   total 206848K, used 107449K [0x0000000080000000, 0x0000000100000000)
  region size 1024K, 2 young (2048K), 1 survivors (1024K)
 Metaspace       used 119439K, committed 120192K, reserved 1155072K
  class space    used 16171K, committed 16512K, reserved 1048576K
}
Event: 467.686 GC heap after
{Heap after GC invocations=48 (full 0):
 garbage-first heap   total 206848K, used 107276K [0x0000000080000000, 0x0000000100000000)
  region size 1024K, 1 young (1024K), 1 survivors (1024K)
 Metaspace       used 119439K, committed 120192K, reserved 1155072K
  class space    used 16171K, committed 16512K, reserved 1048576K
}
Event: 552.874 GC heap before
{Heap before GC invocations=49 (full 0):
 garbage-first heap   total 211968K, used 181004K [0x0000000080000000, 0x0000000100000000)
  region size 1024K, 61 young (62464K), 1 survivors (1024K)
 Metaspace       used 119926K, committed 120768K, reserved 1155072K
  class space    used 16194K, committed 16576K, reserved 1048576K
}
Event: 552.883 GC heap after
{Heap after GC invocations=50 (full 0):
 garbage-first heap   total 211968K, used 114224K [0x0000000080000000, 0x0000000100000000)
  region size 1024K, 8 young (8192K), 8 survivors (8192K)
 Metaspace       used 119926K, committed 120768K, reserved 1155072K
  class space    used 16194K, committed 16576K, reserved 1048576K
}
Event: 552.917 GC heap before
{Heap before GC invocations=50 (full 0):
 garbage-first heap   total 211968K, used 115248K [0x0000000080000000, 0x0000000100000000)
  region size 1024K, 10 young (10240K), 8 survivors (8192K)
 Metaspace       used 119931K, committed 120768K, reserved 1155072K
  class space    used 16194K, committed 16576K, reserved 1048576K
}
Event: 552.927 GC heap after
{Heap after GC invocations=51 (full 0):
 garbage-first heap   total 211968K, used 114384K [0x0000000080000000, 0x0000000100000000)
  region size 1024K, 2 young (2048K), 2 survivors (2048K)
 Metaspace       used 119931K, committed 120768K, reserved 1155072K
  class space    used 16194K, committed 16576K, reserved 1048576K
}
Event: 552.948 GC heap before
{Heap before GC invocations=51 (full 0):
 garbage-first heap   total 211968K, used 115408K [0x0000000080000000, 0x0000000100000000)
  region size 1024K, 4 young (4096K), 2 survivors (2048K)
 Metaspace       used 119939K, committed 120768K, reserved 1155072K
  class space    used 16194K, committed 16576K, reserved 1048576K
}
Event: 552.949 GC heap after
{Heap after GC invocations=52 (full 0):
 garbage-first heap   total 211968K, used 114309K [0x0000000080000000, 0x0000000100000000)
  region size 1024K, 2 young (2048K), 2 survivors (2048K)
 Metaspace       used 119939K, committed 120768K, reserved 1155072K
  class space    used 16194K, committed 16576K, reserved 1048576K
}
Event: 553.482 GC heap before
{Heap before GC invocations=53 (full 0):
 garbage-first heap   total 211968K, used 155269K [0x0000000080000000, 0x0000000100000000)
  region size 1024K, 42 young (43008K), 2 survivors (2048K)
 Metaspace       used 120127K, committed 120960K, reserved 1155072K
  class space    used 16206K, committed 16576K, reserved 1048576K
}
Event: 553.489 GC heap after
{Heap after GC invocations=54 (full 0):
 garbage-first heap   total 211968K, used 118450K [0x0000000080000000, 0x0000000100000000)
  region size 1024K, 6 young (6144K), 6 survivors (6144K)
 Metaspace       used 120127K, committed 120960K, reserved 1155072K
  class space    used 16206K, committed 16576K, reserved 1048576K
}
Event: 553.542 GC heap before
{Heap before GC invocations=54 (full 0):
 garbage-first heap   total 211968K, used 122546K [0x0000000080000000, 0x0000000100000000)
  region size 1024K, 10 young (10240K), 6 survivors (6144K)
 Metaspace       used 120163K, committed 120960K, reserved 1155072K
  class space    used 16208K, committed 16576K, reserved 1048576K
}
Event: 553.550 GC heap after
{Heap after GC invocations=55 (full 0):
 garbage-first heap   total 211968K, used 112116K [0x0000000080000000, 0x0000000100000000)
  region size 1024K, 1 young (1024K), 1 survivors (1024K)
 Metaspace       used 120163K, committed 120960K, reserved 1155072K
  class space    used 16208K, committed 16576K, reserved 1048576K
}
Event: 553.818 GC heap before
{Heap before GC invocations=55 (full 0):
 garbage-first heap   total 211968K, used 122356K [0x0000000080000000, 0x0000000100000000)
  region size 1024K, 13 young (13312K), 1 survivors (1024K)
 Metaspace       used 120481K, committed 121280K, reserved 1155072K
  class space    used 16210K, committed 16576K, reserved 1048576K
}
Event: 553.820 GC heap after
{Heap after GC invocations=56 (full 0):
 garbage-first heap   total 211968K, used 111923K [0x0000000080000000, 0x0000000100000000)
  region size 1024K, 1 young (1024K), 1 survivors (1024K)
 Metaspace       used 120481K, committed 121280K, reserved 1155072K
  class space    used 16210K, committed 16576K, reserved 1048576K
}
Event: 625.133 GC heap before
{Heap before GC invocations=57 (full 0):
 garbage-first heap   total 211968K, used 174387K [0x0000000080000000, 0x0000000100000000)
  region size 1024K, 50 young (51200K), 1 survivors (1024K)
 Metaspace       used 120870K, committed 121792K, reserved 1155072K
  class space    used 16252K, committed 16704K, reserved 1048576K
}
Event: 625.140 GC heap after
{Heap after GC invocations=58 (full 0):
 garbage-first heap   total 211968K, used 117335K [0x0000000080000000, 0x0000000100000000)
  region size 1024K, 7 young (7168K), 7 survivors (7168K)
 Metaspace       used 120870K, committed 121792K, reserved 1155072K
  class space    used 16252K, committed 16704K, reserved 1048576K
}
Event: 625.169 GC heap before
{Heap before GC invocations=58 (full 0):
 garbage-first heap   total 211968K, used 120407K [0x0000000080000000, 0x0000000100000000)
  region size 1024K, 10 young (10240K), 7 survivors (7168K)
 Metaspace       used 120876K, committed 121792K, reserved 1155072K
  class space    used 16252K, committed 16704K, reserved 1048576K
}
Event: 625.177 GC heap after
{Heap after GC invocations=59 (full 0):
 garbage-first heap   total 211968K, used 113459K [0x0000000080000000, 0x0000000100000000)
  region size 1024K, 1 young (1024K), 1 survivors (1024K)
 Metaspace       used 120876K, committed 121792K, reserved 1155072K
  class space    used 16252K, committed 16704K, reserved 1048576K
}
Event: 625.480 GC heap before
{Heap before GC invocations=59 (full 0):
 garbage-first heap   total 211968K, used 124723K [0x0000000080000000, 0x0000000100000000)
  region size 1024K, 14 young (14336K), 1 survivors (1024K)
 Metaspace       used 120900K, committed 121792K, reserved 1155072K
  class space    used 16253K, committed 16704K, reserved 1048576K
}

