# JRE version: OpenJDK Runtime Environment (17.0.6) (build 17.0.6+0-b2043.56-10027231)
# Java VM: OpenJDK 64-Bit Server VM (17.0.6+0-b2043.56-10027231, mixed mode, tiered, compressed oops, compressed class ptrs, g1 gc, windows-amd64)
GC Precious Log:
 CPUs: 4 total, 4 available
 Memory: 14264M
 Large Page Support: Disabled
 NUMA Support: Disabled
 Compressed Oops: Enabled (32-bit)
 Heap Region Size: 1M
 Heap Min Capacity: 8M
 Heap Initial Capacity: 224M
 Heap Max Capacity: 2G
 Pre-touch: Disabled
 Parallel Workers: 4
 Concurrent Workers: 1
 Concurrent Refinement Workers: 4
 Periodic GC: Disabled
Heap:
 garbage-first heap   total 529408K, used 137872K [0x0000000080000000, 0x0000000100000000)
  region size 1024K, 8 young (8192K), 8 survivors (8192K)
 Metaspace       used 139402K, committed 140672K, reserved 1171456K
  class space    used 17991K, committed 18560K, reserved 1048576K
GC Heap History (20 events):
Event: 5080.058 GC heap after
{Heap after GC invocations=79 (full 0):
 garbage-first heap   total 529408K, used 146665K [0x0000000080000000, 0x0000000100000000)
  region size 1024K, 3 young (3072K), 3 survivors (3072K)
 Metaspace       used 134518K, committed 135680K, reserved 1171456K
  class space    used 17606K, committed 18112K, reserved 1048576K
}
Event: 5084.732 GC heap before
{Heap before GC invocations=79 (full 0):
 garbage-first heap   total 529408K, used 220393K [0x0000000080000000, 0x0000000100000000)
  region size 1024K, 77 young (78848K), 3 survivors (3072K)
 Metaspace       used 136857K, committed 138048K, reserved 1171456K
  class space    used 17870K, committed 18432K, reserved 1048576K
}
Event: 5084.739 GC heap after
{Heap after GC invocations=80 (full 0):
 garbage-first heap   total 529408K, used 150499K [0x0000000080000000, 0x0000000100000000)
  region size 1024K, 7 young (7168K), 7 survivors (7168K)
 Metaspace       used 136857K, committed 138048K, reserved 1171456K
  class space    used 17870K, committed 18432K, reserved 1048576K
}
Event: 5182.595 GC heap before
{Heap before GC invocations=81 (full 0):
 garbage-first heap   total 522240K, used 351203K [0x0000000080000000, 0x0000000100000000)
  region size 1024K, 189 young (193536K), 7 survivors (7168K)
 Metaspace       used 138714K, committed 139968K, reserved 1171456K
  class space    used 17977K, committed 18560K, reserved 1048576K
}
Event: 5182.617 GC heap after
{Heap after GC invocations=82 (full 0):
 garbage-first heap   total 522240K, used 147790K [0x0000000080000000, 0x0000000100000000)
  region size 1024K, 10 young (10240K), 10 survivors (10240K)
 Metaspace       used 138714K, committed 139968K, reserved 1171456K
  class space    used 17977K, committed 18560K, reserved 1048576K
}
Event: 5182.813 GC heap before
{Heap before GC invocations=82 (full 0):
 garbage-first heap   total 522240K, used 163150K [0x0000000080000000, 0x0000000100000000)
  region size 1024K, 25 young (25600K), 10 survivors (10240K)
 Metaspace       used 138759K, committed 140032K, reserved 1171456K
  class space    used 17983K, committed 18560K, reserved 1048576K
}
Event: 5182.834 GC heap after
{Heap after GC invocations=83 (full 0):
 garbage-first heap   total 522240K, used 118773K [0x0000000080000000, 0x0000000100000000)
  region size 1024K, 2 young (2048K), 2 survivors (2048K)
 Metaspace       used 138759K, committed 140032K, reserved 1171456K
  class space    used 17983K, committed 18560K, reserved 1048576K
}
Event: 5182.882 GC heap before
{Heap before GC invocations=83 (full 0):
 garbage-first heap   total 522240K, used 125941K [0x0000000080000000, 0x0000000100000000)
  region size 1024K, 10 young (10240K), 2 survivors (2048K)
 Metaspace       used 138779K, committed 140032K, reserved 1171456K
  class space    used 17983K, committed 18560K, reserved 1048576K
}
Event: 5182.887 GC heap after
{Heap after GC invocations=84 (full 0):
 garbage-first heap   total 522240K, used 118773K [0x0000000080000000, 0x0000000100000000)
  region size 1024K, 2 young (2048K), 2 survivors (2048K)
 Metaspace       used 138779K, committed 140032K, reserved 1171456K
  class space    used 17983K, committed 18560K, reserved 1048576K
}
Event: 5254.541 GC heap before
{Heap before GC invocations=85 (full 0):
 garbage-first heap   total 450560K, used 386037K [0x0000000080000000, 0x0000000100000000)
  region size 1024K, 214 young (219136K), 2 survivors (2048K)
 Metaspace       used 139057K, committed 140288K, reserved 1171456K
  class space    used 17985K, committed 18560K, reserved 1048576K
}
Event: 5254.556 GC heap after
{Heap after GC invocations=86 (full 0):
 garbage-first heap   total 450560K, used 130249K [0x0000000080000000, 0x0000000100000000)
  region size 1024K, 14 young (14336K), 14 survivors (14336K)
 Metaspace       used 139057K, committed 140288K, reserved 1171456K
  class space    used 17985K, committed 18560K, reserved 1048576K
}
Event: 5254.593 GC heap before
{Heap before GC invocations=86 (full 0):
 garbage-first heap   total 450560K, used 137417K [0x0000000080000000, 0x0000000100000000)
  region size 1024K, 22 young (22528K), 14 survivors (14336K)
 Metaspace       used 139068K, committed 140288K, reserved 1171456K
  class space    used 17985K, committed 18560K, reserved 1048576K
}
Event: 5254.613 GC heap after
{Heap after GC invocations=87 (full 0):
 garbage-first heap   total 450560K, used 118803K [0x0000000080000000, 0x0000000100000000)
  region size 1024K, 2 young (2048K), 2 survivors (2048K)
 Metaspace       used 139068K, committed 140288K, reserved 1171456K
  class space    used 17985K, committed 18560K, reserved 1048576K
}
Event: 5254.732 GC heap before
{Heap before GC invocations=87 (full 0):
 garbage-first heap   total 450560K, used 137235K [0x0000000080000000, 0x0000000100000000)
  region size 1024K, 22 young (22528K), 2 survivors (2048K)
 Metaspace       used 139089K, committed 140352K, reserved 1171456K
  class space    used 17987K, committed 18560K, reserved 1048576K
}
Event: 5254.735 GC heap after
{Heap after GC invocations=88 (full 0):
 garbage-first heap   total 450560K, used 118662K [0x0000000080000000, 0x0000000100000000)
  region size 1024K, 2 young (2048K), 2 survivors (2048K)
 Metaspace       used 139089K, committed 140352K, reserved 1171456K
  class space    used 17987K, committed 18560K, reserved 1048576K
}
Event: 5319.712 GC heap before
{Heap before GC invocations=89 (full 0):
 garbage-first heap   total 450560K, used 379782K [0x0000000080000000, 0x0000000100000000)
  region size 1024K, 205 young (209920K), 2 survivors (2048K)
 Metaspace       used 139390K, committed 140672K, reserved 1171456K
  class space    used 17991K, committed 18560K, reserved 1048576K
}
Event: 5319.731 GC heap after
{Heap after GC invocations=90 (full 0):
 garbage-first heap   total 450560K, used 136998K [0x0000000080000000, 0x0000000100000000)
  region size 1024K, 20 young (20480K), 20 survivors (20480K)
 Metaspace       used 139390K, committed 140672K, reserved 1171456K
  class space    used 17991K, committed 18560K, reserved 1048576K
}
Event: 5319.738 GC heap before
{Heap before GC invocations=90 (full 0):
 garbage-first heap   total 450560K, used 139046K [0x0000000080000000, 0x0000000100000000)
  region size 1024K, 22 young (22528K), 20 survivors (20480K)
 Metaspace       used 139390K, committed 140672K, reserved 1171456K
  class space    used 17991K, committed 18560K, reserved 1048576K
}
Event: 5319.752 GC heap after
{Heap after GC invocations=91 (full 0):
 garbage-first heap   total 450560K, used 132140K [0x0000000080000000, 0x0000000100000000)
  region size 1024K, 2 young (2048K), 2 survivors (2048K)
 Metaspace       used 139390K, committed 140672K, reserved 1171456K
  class space    used 17991K, committed 18560K, reserved 1048576K
}
Event: 5319.826 GC heap before
{Heap before GC invocations=91 (full 0):
 garbage-first heap   total 450560K, used 146476K [0x0000000080000000, 0x0000000100000000)
  region size 1024K, 17 young (17408K), 2 survivors (2048K)
 Metaspace       used 139402K, committed 140672K, reserved 1171456K
  class space    used 17991K, committed 18560K, reserved 1048576K
}

