# JRE version: OpenJDK Runtime Environment (17.0.6) (build 17.0.6+0-b2043.56-10027231)
# Java VM: OpenJDK 64-Bit Server VM (17.0.6+0-b2043.56-10027231, mixed mode, tiered, compressed oops, compressed class ptrs, g1 gc, windows-amd64)
GC Precious Log:
 CPUs: 4 total, 4 available
 Memory: 14264M
 Large Page Support: Disabled
 NUMA Support: Disabled
 Compressed Oops: Enabled (32-bit)
 Heap Region Size: 1M
 Heap Min Capacity: 8M
 Heap Initial Capacity: 224M
 Heap Max Capacity: 2G
 Pre-touch: Disabled
 Parallel Workers: 4
 Concurrent Workers: 1
 Concurrent Refinement Workers: 4
 Periodic GC: Disabled
Heap:
 garbage-first heap   total 418816K, used 299244K [0x0000000080000000, 0x0000000100000000)
  region size 1024K, 59 young (60416K), 9 survivors (9216K)
 Metaspace       used 148189K, committed 149376K, reserved 1179648K
  class space    used 19633K, committed 20224K, reserved 1048576K
GC Heap History (20 events):
Event: 452.687 GC heap before
{Heap before GC invocations=52 (full 0):
 garbage-first heap   total 221184K, used 180090K [0x0000000080000000, 0x0000000100000000)
  region size 1024K, 43 young (44032K), 2 survivors (2048K)
 Metaspace       used 129094K, committed 129920K, reserved 1163264K
  class space    used 17299K, committed 17664K, reserved 1048576K
}
Event: 452.700 GC heap after
{Heap after GC invocations=53 (full 0):
 garbage-first heap   total 221184K, used 145754K [0x0000000080000000, 0x0000000100000000)
  region size 1024K, 6 young (6144K), 6 survivors (6144K)
 Metaspace       used 129094K, committed 129920K, reserved 1163264K
  class space    used 17299K, committed 17664K, reserved 1048576K
}
Event: 453.248 GC heap before
{Heap before GC invocations=53 (full 0):
 garbage-first heap   total 221184K, used 177498K [0x0000000080000000, 0x0000000100000000)
  region size 1024K, 38 young (38912K), 6 survivors (6144K)
 Metaspace       used 131606K, committed 132416K, reserved 1171456K
  class space    used 17594K, committed 17984K, reserved 1048576K
}
Event: 453.260 GC heap after
{Heap after GC invocations=54 (full 0):
 garbage-first heap   total 221184K, used 157532K [0x0000000080000000, 0x0000000100000000)
  region size 1024K, 5 young (5120K), 5 survivors (5120K)
 Metaspace       used 131606K, committed 132416K, reserved 1171456K
  class space    used 17594K, committed 17984K, reserved 1048576K
}
Event: 453.791 GC heap before
{Heap before GC invocations=54 (full 0):
 garbage-first heap   total 221184K, used 196444K [0x0000000080000000, 0x0000000100000000)
  region size 1024K, 29 young (29696K), 5 survivors (5120K)
 Metaspace       used 132551K, committed 133440K, reserved 1171456K
  class space    used 17674K, committed 18112K, reserved 1048576K
}
Event: 453.801 GC heap after
{Heap after GC invocations=55 (full 0):
 garbage-first heap   total 221184K, used 164841K [0x0000000080000000, 0x0000000100000000)
  region size 1024K, 4 young (4096K), 4 survivors (4096K)
 Metaspace       used 132551K, committed 133440K, reserved 1171456K
  class space    used 17674K, committed 18112K, reserved 1048576K
}
Event: 455.852 GC heap before
{Heap before GC invocations=55 (full 0):
 garbage-first heap   total 221184K, used 184297K [0x0000000080000000, 0x0000000100000000)
  region size 1024K, 24 young (24576K), 4 survivors (4096K)
 Metaspace       used 132630K, committed 133504K, reserved 1171456K
  class space    used 17686K, committed 18112K, reserved 1048576K
}
Event: 455.864 GC heap after
{Heap after GC invocations=56 (full 0):
 garbage-first heap   total 418816K, used 168960K [0x0000000080000000, 0x0000000100000000)
  region size 1024K, 3 young (3072K), 3 survivors (3072K)
 Metaspace       used 132630K, committed 133504K, reserved 1171456K
  class space    used 17686K, committed 18112K, reserved 1048576K
}
Event: 1424.979 GC heap before
{Heap before GC invocations=56 (full 0):
 garbage-first heap   total 418816K, used 309248K [0x0000000080000000, 0x0000000100000000)
  region size 1024K, 95 young (97280K), 3 survivors (3072K)
 Metaspace       used 134803K, committed 135808K, reserved 1171456K
  class space    used 18020K, committed 18496K, reserved 1048576K
}
Event: 1424.994 GC heap after
{Heap after GC invocations=57 (full 0):
 garbage-first heap   total 418816K, used 207392K [0x0000000080000000, 0x0000000100000000)
  region size 1024K, 12 young (12288K), 12 survivors (12288K)
 Metaspace       used 134803K, committed 135808K, reserved 1171456K
  class space    used 18020K, committed 18496K, reserved 1048576K
}
Event: 1426.977 GC heap before
{Heap before GC invocations=57 (full 0):
 garbage-first heap   total 418816K, used 316960K [0x0000000080000000, 0x0000000100000000)
  region size 1024K, 95 young (97280K), 12 survivors (12288K)
 Metaspace       used 140974K, committed 142016K, reserved 1171456K
  class space    used 18754K, committed 19264K, reserved 1048576K
}
Event: 1426.994 GC heap after
{Heap after GC invocations=58 (full 0):
 garbage-first heap   total 418816K, used 243217K [0x0000000080000000, 0x0000000100000000)
  region size 1024K, 12 young (12288K), 12 survivors (12288K)
 Metaspace       used 140974K, committed 142016K, reserved 1171456K
  class space    used 18754K, committed 19264K, reserved 1048576K
}
Event: 1428.281 GC heap before
{Heap before GC invocations=58 (full 0):
 garbage-first heap   total 418816K, used 314897K [0x0000000080000000, 0x0000000100000000)
  region size 1024K, 82 young (83968K), 12 survivors (12288K)
 Metaspace       used 141309K, committed 142336K, reserved 1179648K
  class space    used 18772K, committed 19264K, reserved 1048576K
}
Event: 1428.294 GC heap after
{Heap after GC invocations=59 (full 0):
 garbage-first heap   total 418816K, used 246043K [0x0000000080000000, 0x0000000100000000)
  region size 1024K, 3 young (3072K), 3 survivors (3072K)
 Metaspace       used 141309K, committed 142336K, reserved 1179648K
  class space    used 18772K, committed 19264K, reserved 1048576K
}
Event: 1429.180 GC heap before
{Heap before GC invocations=59 (full 0):
 garbage-first heap   total 418816K, used 320795K [0x0000000080000000, 0x0000000100000000)
  region size 1024K, 76 young (77824K), 3 survivors (3072K)
 Metaspace       used 141311K, committed 142336K, reserved 1179648K
  class space    used 18772K, committed 19264K, reserved 1048576K
}
Event: 1429.182 GC heap after
{Heap after GC invocations=60 (full 0):
 garbage-first heap   total 418816K, used 245777K [0x0000000080000000, 0x0000000100000000)
  region size 1024K, 3 young (3072K), 3 survivors (3072K)
 Metaspace       used 141311K, committed 142336K, reserved 1179648K
  class space    used 18772K, committed 19264K, reserved 1048576K
}
Event: 1429.693 GC heap before
{Heap before GC invocations=60 (full 0):
 garbage-first heap   total 418816K, used 326673K [0x0000000080000000, 0x0000000100000000)
  region size 1024K, 82 young (83968K), 3 survivors (3072K)
 Metaspace       used 141331K, committed 142400K, reserved 1179648K
  class space    used 18774K, committed 19264K, reserved 1048576K
}
Event: 1429.696 GC heap after
{Heap after GC invocations=61 (full 0):
 garbage-first heap   total 418816K, used 245898K [0x0000000080000000, 0x0000000100000000)
  region size 1024K, 3 young (3072K), 3 survivors (3072K)
 Metaspace       used 141331K, committed 142400K, reserved 1179648K
  class space    used 18774K, committed 19264K, reserved 1048576K
}
Event: 1432.453 GC heap before
{Heap before GC invocations=61 (full 0):
 garbage-first heap   total 418816K, used 330890K [0x0000000080000000, 0x0000000100000000)
  region size 1024K, 87 young (89088K), 3 survivors (3072K)
 Metaspace       used 145536K, committed 146688K, reserved 1179648K
  class space    used 19294K, committed 19840K, reserved 1048576K
}
Event: 1432.463 GC heap after
{Heap after GC invocations=62 (full 0):
 garbage-first heap   total 418816K, used 250092K [0x0000000080000000, 0x0000000100000000)
  region size 1024K, 9 young (9216K), 9 survivors (9216K)
 Metaspace       used 145536K, committed 146688K, reserved 1179648K
  class space    used 19294K, committed 19840K, reserved 1048576K
}

