# JRE version: OpenJDK Runtime Environment (17.0.6) (build 17.0.6+0-b2043.56-10027231)
# Java VM: OpenJDK 64-Bit Server VM (17.0.6+0-b2043.56-10027231, mixed mode, tiered, compressed oops, compressed class ptrs, g1 gc, windows-amd64)
GC Precious Log:
 CPUs: 4 total, 4 available
 Memory: 14264M
 Large Page Support: Disabled
 NUMA Support: Disabled
 Compressed Oops: Enabled (32-bit)
 Heap Region Size: 1M
 Heap Min Capacity: 8M
 Heap Initial Capacity: 224M
 Heap Max Capacity: 2G
 Pre-touch: Disabled
 Parallel Workers: 4
 Concurrent Workers: 1
 Concurrent Refinement Workers: 4
 Periodic GC: Disabled
Heap:
 garbage-first heap   total 271360K, used 197408K [0x0000000080000000, 0x0000000100000000)
  region size 1024K, 5 young (5120K), 5 survivors (5120K)
 Metaspace       used 137756K, committed 138688K, reserved 1171456K
  class space    used 17944K, committed 18368K, reserved 1048576K
GC Heap History (20 events):
Event: 697.666 GC heap after
{Heap after GC invocations=50 (full 0):
 garbage-first heap   total 271360K, used 133415K [0x0000000080000000, 0x0000000100000000)
  region size 1024K, 2 young (2048K), 2 survivors (2048K)
 Metaspace       used 132473K, committed 133376K, reserved 1171456K
  class space    used 17528K, committed 17920K, reserved 1048576K
}
Event: 1115.774 GC heap before
{Heap before GC invocations=50 (full 0):
 garbage-first heap   total 271360K, used 231719K [0x0000000080000000, 0x0000000100000000)
  region size 1024K, 89 young (91136K), 2 survivors (2048K)
 Metaspace       used 133014K, committed 133952K, reserved 1171456K
  class space    used 17573K, committed 17984K, reserved 1048576K
}
Event: 1115.791 GC heap after
{Heap after GC invocations=51 (full 0):
 garbage-first heap   total 271360K, used 156771K [0x0000000080000000, 0x0000000100000000)
  region size 1024K, 12 young (12288K), 12 survivors (12288K)
 Metaspace       used 133014K, committed 133952K, reserved 1171456K
  class space    used 17573K, committed 17984K, reserved 1048576K
}
Event: 1116.336 GC heap before
{Heap before GC invocations=51 (full 0):
 garbage-first heap   total 271360K, used 227427K [0x0000000080000000, 0x0000000100000000)
  region size 1024K, 67 young (68608K), 12 survivors (12288K)
 Metaspace       used 133839K, committed 134848K, reserved 1171456K
  class space    used 17631K, committed 18112K, reserved 1048576K
}
Event: 1116.353 GC heap after
{Heap after GC invocations=52 (full 0):
 garbage-first heap   total 271360K, used 165152K [0x0000000080000000, 0x0000000100000000)
  region size 1024K, 8 young (8192K), 8 survivors (8192K)
 Metaspace       used 133839K, committed 134848K, reserved 1171456K
  class space    used 17631K, committed 18112K, reserved 1048576K
}
Event: 1117.121 GC heap before
{Heap before GC invocations=52 (full 0):
 garbage-first heap   total 271360K, used 215328K [0x0000000080000000, 0x0000000100000000)
  region size 1024K, 58 young (59392K), 8 survivors (8192K)
 Metaspace       used 136036K, committed 136960K, reserved 1171456K
  class space    used 17812K, committed 18240K, reserved 1048576K
}
Event: 1117.129 GC heap after
{Heap after GC invocations=53 (full 0):
 garbage-first heap   total 271360K, used 165744K [0x0000000080000000, 0x0000000100000000)
  region size 1024K, 5 young (5120K), 5 survivors (5120K)
 Metaspace       used 136036K, committed 136960K, reserved 1171456K
  class space    used 17812K, committed 18240K, reserved 1048576K
}
Event: 1119.450 GC heap before
{Heap before GC invocations=53 (full 0):
 garbage-first heap   total 271360K, used 217968K [0x0000000080000000, 0x0000000100000000)
  region size 1024K, 57 young (58368K), 5 survivors (5120K)
 Metaspace       used 136800K, committed 137728K, reserved 1171456K
  class space    used 17895K, committed 18304K, reserved 1048576K
}
Event: 1119.455 GC heap after
{Heap after GC invocations=54 (full 0):
 garbage-first heap   total 271360K, used 166037K [0x0000000080000000, 0x0000000100000000)
  region size 1024K, 5 young (5120K), 5 survivors (5120K)
 Metaspace       used 136800K, committed 137728K, reserved 1171456K
  class space    used 17895K, committed 18304K, reserved 1048576K
}
Event: 1119.740 GC heap before
{Heap before GC invocations=54 (full 0):
 garbage-first heap   total 271360K, used 224405K [0x0000000080000000, 0x0000000100000000)
  region size 1024K, 61 young (62464K), 5 survivors (5120K)
 Metaspace       used 137101K, committed 138048K, reserved 1171456K
  class space    used 17921K, committed 18368K, reserved 1048576K
}
Event: 1119.752 GC heap after
{Heap after GC invocations=55 (full 0):
 garbage-first heap   total 271360K, used 173056K [0x0000000080000000, 0x0000000100000000)
  region size 1024K, 8 young (8192K), 8 survivors (8192K)
 Metaspace       used 137101K, committed 138048K, reserved 1171456K
  class space    used 17921K, committed 18368K, reserved 1048576K
}
Event: 1120.130 GC heap before
{Heap before GC invocations=55 (full 0):
 garbage-first heap   total 271360K, used 224256K [0x0000000080000000, 0x0000000100000000)
  region size 1024K, 57 young (58368K), 8 survivors (8192K)
 Metaspace       used 137394K, committed 138304K, reserved 1171456K
  class space    used 17943K, committed 18368K, reserved 1048576K
}
Event: 1120.138 GC heap after
{Heap after GC invocations=56 (full 0):
 garbage-first heap   total 271360K, used 173690K [0x0000000080000000, 0x0000000100000000)
  region size 1024K, 7 young (7168K), 7 survivors (7168K)
 Metaspace       used 137394K, committed 138304K, reserved 1171456K
  class space    used 17943K, committed 18368K, reserved 1048576K
}
Event: 1247.969 GC heap before
{Heap before GC invocations=56 (full 0):
 garbage-first heap   total 271360K, used 240250K [0x0000000080000000, 0x0000000100000000)
  region size 1024K, 54 young (55296K), 7 survivors (7168K)
 Metaspace       used 137577K, committed 138560K, reserved 1171456K
  class space    used 17944K, committed 18368K, reserved 1048576K
}
Event: 1247.975 GC heap after
{Heap after GC invocations=57 (full 0):
 garbage-first heap   total 271360K, used 171703K [0x0000000080000000, 0x0000000100000000)
  region size 1024K, 6 young (6144K), 6 survivors (6144K)
 Metaspace       used 137577K, committed 138560K, reserved 1171456K
  class space    used 17944K, committed 18368K, reserved 1048576K
}
Event: 1248.277 GC heap before
{Heap before GC invocations=57 (full 0):
 garbage-first heap   total 271360K, used 232119K [0x0000000080000000, 0x0000000100000000)
  region size 1024K, 56 young (57344K), 6 survivors (6144K)
 Metaspace       used 137616K, committed 138560K, reserved 1171456K
  class space    used 17944K, committed 18368K, reserved 1048576K
}
Event: 1248.293 GC heap after
{Heap after GC invocations=58 (full 0):
 garbage-first heap   total 271360K, used 190703K [0x0000000080000000, 0x0000000100000000)
  region size 1024K, 7 young (7168K), 7 survivors (7168K)
 Metaspace       used 137616K, committed 138560K, reserved 1171456K
  class space    used 17944K, committed 18368K, reserved 1048576K
}
Event: 1248.500 GC heap before
{Heap before GC invocations=58 (full 0):
 garbage-first heap   total 271360K, used 236783K [0x0000000080000000, 0x0000000100000000)
  region size 1024K, 38 young (38912K), 7 survivors (7168K)
 Metaspace       used 137683K, committed 138624K, reserved 1171456K
  class space    used 17944K, committed 18368K, reserved 1048576K
}
Event: 1248.508 GC heap after
{Heap after GC invocations=59 (full 0):
 garbage-first heap   total 271360K, used 193139K [0x0000000080000000, 0x0000000100000000)
  region size 1024K, 4 young (4096K), 4 survivors (4096K)
 Metaspace       used 137683K, committed 138624K, reserved 1171456K
  class space    used 17944K, committed 18368K, reserved 1048576K
}
Event: 1248.777 GC heap before
{Heap before GC invocations=59 (full 0):
 garbage-first heap   total 271360K, used 224883K [0x0000000080000000, 0x0000000100000000)
  region size 1024K, 36 young (36864K), 4 survivors (4096K)
 Metaspace       used 137756K, committed 138688K, reserved 1171456K
  class space    used 17944K, committed 18368K, reserved 1048576K
}

