# JRE version: OpenJDK Runtime Environment (17.0.6) (build 17.0.6+0-b2043.56-10027231)
# Java VM: OpenJDK 64-Bit Server VM (17.0.6+0-b2043.56-10027231, mixed mode, tiered, compressed oops, compressed class ptrs, g1 gc, windows-amd64)
GC Precious Log:
 CPUs: 4 total, 4 available
 Memory: 14264M
 Large Page Support: Disabled
 NUMA Support: Disabled
 Compressed Oops: Enabled (32-bit)
 Heap Region Size: 1M
 Heap Min Capacity: 8M
 Heap Initial Capacity: 224M
 Heap Max Capacity: 2G
 Pre-touch: Disabled
 Parallel Workers: 4
 Concurrent Workers: 1
 Concurrent Refinement Workers: 4
 Periodic GC: Disabled
Heap:
 garbage-first heap   total 229376K, used 103282K [0x0000000080000000, 0x0000000100000000)
  region size 1024K, 1 young (1024K), 1 survivors (1024K)
 Metaspace       used 108035K, committed 108736K, reserved 1146880K
  class space    used 14633K, committed 14976K, reserved 1048576K
GC Heap History (20 events):
Event: 12.262 GC heap after
{Heap after GC invocations=29 (full 0):
 garbage-first heap   total 162816K, used 82944K [0x0000000080000000, 0x0000000100000000)
  region size 1024K, 6 young (6144K), 6 survivors (6144K)
 Metaspace       used 84733K, committed 85376K, reserved 1122304K
  class space    used 11596K, committed 11904K, reserved 1048576K
}
Event: 12.855 GC heap before
{Heap before GC invocations=29 (full 0):
 garbage-first heap   total 162816K, used 129024K [0x0000000080000000, 0x0000000100000000)
  region size 1024K, 52 young (53248K), 6 survivors (6144K)
 Metaspace       used 87329K, committed 87936K, reserved 1130496K
  class space    used 11846K, committed 12096K, reserved 1048576K
}
Event: 12.864 GC heap after
{Heap after GC invocations=30 (full 0):
 garbage-first heap   total 162816K, used 85686K [0x0000000080000000, 0x0000000100000000)
  region size 1024K, 5 young (5120K), 5 survivors (5120K)
 Metaspace       used 87329K, committed 87936K, reserved 1130496K
  class space    used 11846K, committed 12096K, reserved 1048576K
}
Event: 13.607 GC heap before
{Heap before GC invocations=31 (full 0):
 garbage-first heap   total 162816K, used 129718K [0x0000000080000000, 0x0000000100000000)
  region size 1024K, 49 young (50176K), 5 survivors (5120K)
 Metaspace       used 92780K, committed 93440K, reserved 1130496K
  class space    used 12584K, committed 12928K, reserved 1048576K
}
Event: 13.614 GC heap after
{Heap after GC invocations=32 (full 0):
 garbage-first heap   total 162816K, used 89448K [0x0000000080000000, 0x0000000100000000)
  region size 1024K, 4 young (4096K), 4 survivors (4096K)
 Metaspace       used 92780K, committed 93440K, reserved 1130496K
  class space    used 12584K, committed 12928K, reserved 1048576K
}
Event: 13.678 GC heap before
{Heap before GC invocations=32 (full 0):
 garbage-first heap   total 162816K, used 92520K [0x0000000080000000, 0x0000000100000000)
  region size 1024K, 7 young (7168K), 4 survivors (4096K)
 Metaspace       used 93069K, committed 93696K, reserved 1130496K
  class space    used 12630K, committed 12928K, reserved 1048576K
}
Event: 13.690 GC heap after
{Heap after GC invocations=33 (full 0):
 garbage-first heap   total 195584K, used 88780K [0x0000000080000000, 0x0000000100000000)
  region size 1024K, 1 young (1024K), 1 survivors (1024K)
 Metaspace       used 93069K, committed 93696K, reserved 1130496K
  class space    used 12630K, committed 12928K, reserved 1048576K
}
Event: 14.581 GC heap before
{Heap before GC invocations=33 (full 0):
 garbage-first heap   total 195584K, used 154316K [0x0000000080000000, 0x0000000100000000)
  region size 1024K, 66 young (67584K), 1 survivors (1024K)
 Metaspace       used 97679K, committed 98432K, reserved 1138688K
  class space    used 13241K, committed 13632K, reserved 1048576K
}
Event: 14.588 GC heap after
{Heap after GC invocations=34 (full 0):
 garbage-first heap   total 195584K, used 94974K [0x0000000080000000, 0x0000000100000000)
  region size 1024K, 7 young (7168K), 7 survivors (7168K)
 Metaspace       used 97679K, committed 98432K, reserved 1138688K
  class space    used 13241K, committed 13632K, reserved 1048576K
}
Event: 15.313 GC heap before
{Heap before GC invocations=35 (full 0):
 garbage-first heap   total 195584K, used 155390K [0x0000000080000000, 0x0000000100000000)
  region size 1024K, 67 young (68608K), 7 survivors (7168K)
 Metaspace       used 102432K, committed 103168K, reserved 1138688K
  class space    used 13891K, committed 14208K, reserved 1048576K
}
Event: 15.324 GC heap after
{Heap after GC invocations=36 (full 0):
 garbage-first heap   total 195584K, used 102244K [0x0000000080000000, 0x0000000100000000)
  region size 1024K, 9 young (9216K), 9 survivors (9216K)
 Metaspace       used 102432K, committed 103168K, reserved 1138688K
  class space    used 13891K, committed 14208K, reserved 1048576K
}
Event: 15.334 GC heap before
{Heap before GC invocations=36 (full 0):
 garbage-first heap   total 195584K, used 103268K [0x0000000080000000, 0x0000000100000000)
  region size 1024K, 10 young (10240K), 9 survivors (9216K)
 Metaspace       used 102437K, committed 103168K, reserved 1138688K
  class space    used 13891K, committed 14208K, reserved 1048576K
}
Event: 15.341 GC heap after
{Heap after GC invocations=37 (full 0):
 garbage-first heap   total 195584K, used 102309K [0x0000000080000000, 0x0000000100000000)
  region size 1024K, 2 young (2048K), 2 survivors (2048K)
 Metaspace       used 102437K, committed 103168K, reserved 1138688K
  class space    used 13891K, committed 14208K, reserved 1048576K
}
Event: 16.345 GC heap before
{Heap before GC invocations=37 (full 0):
 garbage-first heap   total 195584K, used 156581K [0x0000000080000000, 0x0000000100000000)
  region size 1024K, 55 young (56320K), 2 survivors (2048K)
 Metaspace       used 107133K, committed 107904K, reserved 1146880K
  class space    used 14549K, committed 14912K, reserved 1048576K
}
Event: 16.351 GC heap after
{Heap after GC invocations=38 (full 0):
 garbage-first heap   total 195584K, used 103562K [0x0000000080000000, 0x0000000100000000)
  region size 1024K, 3 young (3072K), 3 survivors (3072K)
 Metaspace       used 107133K, committed 107904K, reserved 1146880K
  class space    used 14549K, committed 14912K, reserved 1048576K
}
Event: 16.915 GC heap before
{Heap before GC invocations=39 (full 0):
 garbage-first heap   total 195584K, used 157834K [0x0000000080000000, 0x0000000100000000)
  region size 1024K, 56 young (57344K), 3 survivors (3072K)
 Metaspace       used 107830K, committed 108544K, reserved 1146880K
  class space    used 14623K, committed 14976K, reserved 1048576K
}
Event: 16.920 GC heap after
{Heap after GC invocations=40 (full 0):
 garbage-first heap   total 195584K, used 103533K [0x0000000080000000, 0x0000000100000000)
  region size 1024K, 3 young (3072K), 3 survivors (3072K)
 Metaspace       used 107830K, committed 108544K, reserved 1146880K
  class space    used 14623K, committed 14976K, reserved 1048576K
}
Event: 16.959 GC heap before
{Heap before GC invocations=40 (full 0):
 garbage-first heap   total 195584K, used 109677K [0x0000000080000000, 0x0000000100000000)
  region size 1024K, 9 young (9216K), 3 survivors (3072K)
 Metaspace       used 107865K, committed 108608K, reserved 1146880K
  class space    used 14625K, committed 14976K, reserved 1048576K
}
Event: 16.964 GC heap after
{Heap after GC invocations=41 (full 0):
 garbage-first heap   total 195584K, used 103312K [0x0000000080000000, 0x0000000100000000)
  region size 1024K, 1 young (1024K), 1 survivors (1024K)
 Metaspace       used 107865K, committed 108608K, reserved 1146880K
  class space    used 14625K, committed 14976K, reserved 1048576K
}
Event: 17.246 GC heap before
{Heap before GC invocations=41 (full 0):
 garbage-first heap   total 195584K, used 160656K [0x0000000080000000, 0x0000000100000000)
  region size 1024K, 57 young (58368K), 1 survivors (1024K)
 Metaspace       used 108035K, committed 108736K, reserved 1146880K
  class space    used 14633K, committed 14976K, reserved 1048576K
}

