# JRE version: OpenJDK Runtime Environment (17.0.6) (build 17.0.6+0-b2043.56-10027231)
# Java VM: OpenJDK 64-Bit Server VM (17.0.6+0-b2043.56-10027231, mixed mode, tiered, compressed oops, compressed class ptrs, g1 gc, windows-amd64)
GC Precious Log:
 CPUs: 4 total, 4 available
 Memory: 14264M
 Large Page Support: Disabled
 NUMA Support: Disabled
 Compressed Oops: Enabled (32-bit)
 Heap Region Size: 1M
 Heap Min Capacity: 8M
 Heap Initial Capacity: 224M
 Heap Max Capacity: 2G
 Pre-touch: Disabled
 Parallel Workers: 4
 Concurrent Workers: 1
 Concurrent Refinement Workers: 4
 Periodic GC: Disabled
Heap:
 garbage-first heap   total 369664K, used 144258K [0x0000000080000000, 0x0000000100000000)
  region size 1024K, 70 young (71680K), 18 survivors (18432K)
 Metaspace       used 96944K, committed 97728K, reserved 1138688K
  class space    used 13134K, committed 13504K, reserved 1048576K
GC Heap History (20 events):
Event: 10.847 GC heap before
{Heap before GC invocations=31 (full 0):
 garbage-first heap   total 128000K, used 98532K [0x0000000080000000, 0x0000000100000000)
  region size 1024K, 43 young (44032K), 1 survivors (1024K)
 Metaspace       used 65591K, committed 66048K, reserved 1114112K
  class space    used 8641K, committed 8832K, reserved 1048576K
}
Event: 10.852 GC heap after
{Heap after GC invocations=32 (full 0):
 garbage-first heap   total 128000K, used 56723K [0x0000000080000000, 0x0000000100000000)
  region size 1024K, 4 young (4096K), 4 survivors (4096K)
 Metaspace       used 65591K, committed 66048K, reserved 1114112K
  class space    used 8641K, committed 8832K, reserved 1048576K
}
Event: 11.487 GC heap before
{Heap before GC invocations=32 (full 0):
 garbage-first heap   total 128000K, used 98707K [0x0000000080000000, 0x0000000100000000)
  region size 1024K, 44 young (45056K), 4 survivors (4096K)
 Metaspace       used 67664K, committed 68288K, reserved 1114112K
  class space    used 8920K, committed 9216K, reserved 1048576K
}
Event: 11.493 GC heap after
{Heap after GC invocations=33 (full 0):
 garbage-first heap   total 128000K, used 60045K [0x0000000080000000, 0x0000000100000000)
  region size 1024K, 4 young (4096K), 4 survivors (4096K)
 Metaspace       used 67664K, committed 68288K, reserved 1114112K
  class space    used 8920K, committed 9216K, reserved 1048576K
}
Event: 12.197 GC heap before
{Heap before GC invocations=33 (full 0):
 garbage-first heap   total 128000K, used 98957K [0x0000000080000000, 0x0000000100000000)
  region size 1024K, 42 young (43008K), 4 survivors (4096K)
 Metaspace       used 71294K, committed 71872K, reserved 1114112K
  class space    used 9593K, committed 9856K, reserved 1048576K
}
Event: 12.203 GC heap after
{Heap after GC invocations=34 (full 0):
 garbage-first heap   total 128000K, used 62081K [0x0000000080000000, 0x0000000100000000)
  region size 1024K, 6 young (6144K), 6 survivors (6144K)
 Metaspace       used 71294K, committed 71872K, reserved 1114112K
  class space    used 9593K, committed 9856K, reserved 1048576K
}
Event: 13.448 GC heap before
{Heap before GC invocations=34 (full 0):
 garbage-first heap   total 128000K, used 99969K [0x0000000080000000, 0x0000000100000000)
  region size 1024K, 43 young (44032K), 6 survivors (6144K)
 Metaspace       used 75313K, committed 75904K, reserved 1122304K
  class space    used 10196K, committed 10496K, reserved 1048576K
}
Event: 13.458 GC heap after
{Heap after GC invocations=35 (full 0):
 garbage-first heap   total 128000K, used 65683K [0x0000000080000000, 0x0000000100000000)
  region size 1024K, 6 young (6144K), 6 survivors (6144K)
 Metaspace       used 75313K, committed 75904K, reserved 1122304K
  class space    used 10196K, committed 10496K, reserved 1048576K
}
Event: 14.289 GC heap before
{Heap before GC invocations=35 (full 0):
 garbage-first heap   total 128000K, used 101523K [0x0000000080000000, 0x0000000100000000)
  region size 1024K, 41 young (41984K), 6 survivors (6144K)
 Metaspace       used 80245K, committed 80896K, reserved 1122304K
  class space    used 10919K, committed 11200K, reserved 1048576K
}
Event: 14.298 GC heap after
{Heap after GC invocations=36 (full 0):
 garbage-first heap   total 128000K, used 67913K [0x0000000080000000, 0x0000000100000000)
  region size 1024K, 3 young (3072K), 3 survivors (3072K)
 Metaspace       used 80245K, committed 80896K, reserved 1122304K
  class space    used 10919K, committed 11200K, reserved 1048576K
}
Event: 15.045 GC heap before
{Heap before GC invocations=36 (full 0):
 garbage-first heap   total 128000K, used 103753K [0x0000000080000000, 0x0000000100000000)
  region size 1024K, 38 young (38912K), 3 survivors (3072K)
 Metaspace       used 82291K, committed 82944K, reserved 1122304K
  class space    used 11200K, committed 11520K, reserved 1048576K
}
Event: 15.055 GC heap after
{Heap after GC invocations=37 (full 0):
 garbage-first heap   total 128000K, used 71593K [0x0000000080000000, 0x0000000100000000)
  region size 1024K, 5 young (5120K), 5 survivors (5120K)
 Metaspace       used 82291K, committed 82944K, reserved 1122304K
  class space    used 11200K, committed 11520K, reserved 1048576K
}
Event: 15.696 GC heap before
{Heap before GC invocations=38 (full 0):
 garbage-first heap   total 128000K, used 100265K [0x0000000080000000, 0x0000000100000000)
  region size 1024K, 37 young (37888K), 5 survivors (5120K)
 Metaspace       used 82426K, committed 83136K, reserved 1122304K
  class space    used 11214K, committed 11520K, reserved 1048576K
}
Event: 15.710 GC heap after
{Heap after GC invocations=39 (full 0):
 garbage-first heap   total 128000K, used 73188K [0x0000000080000000, 0x0000000100000000)
  region size 1024K, 5 young (5120K), 5 survivors (5120K)
 Metaspace       used 82426K, committed 83136K, reserved 1122304K
  class space    used 11214K, committed 11520K, reserved 1048576K
}
Event: 15.718 GC heap before
{Heap before GC invocations=39 (full 0):
 garbage-first heap   total 128000K, used 74212K [0x0000000080000000, 0x0000000100000000)
  region size 1024K, 6 young (6144K), 5 survivors (5120K)
 Metaspace       used 82426K, committed 83136K, reserved 1122304K
  class space    used 11214K, committed 11520K, reserved 1048576K
}
Event: 15.725 GC heap after
{Heap after GC invocations=40 (full 0):
 garbage-first heap   total 128000K, used 74157K [0x0000000080000000, 0x0000000100000000)
  region size 1024K, 1 young (1024K), 1 survivors (1024K)
 Metaspace       used 82426K, committed 83136K, reserved 1122304K
  class space    used 11214K, committed 11520K, reserved 1048576K
}
Event: 16.718 GC heap before
{Heap before GC invocations=40 (full 0):
 garbage-first heap   total 128000K, used 101805K [0x0000000080000000, 0x0000000100000000)
  region size 1024K, 29 young (29696K), 1 survivors (1024K)
 Metaspace       used 84672K, committed 85312K, reserved 1122304K
  class space    used 11623K, committed 11904K, reserved 1048576K
}
Event: 16.725 GC heap after
{Heap after GC invocations=41 (full 0):
 garbage-first heap   total 369664K, used 76859K [0x0000000080000000, 0x0000000100000000)
  region size 1024K, 4 young (4096K), 4 survivors (4096K)
 Metaspace       used 84672K, committed 85312K, reserved 1122304K
  class space    used 11623K, committed 11904K, reserved 1048576K
}
Event: 20.307 GC heap before
{Heap before GC invocations=41 (full 0):
 garbage-first heap   total 369664K, used 259131K [0x0000000080000000, 0x0000000100000000)
  region size 1024K, 183 young (187392K), 4 survivors (4096K)
 Metaspace       used 93890K, committed 94528K, reserved 1138688K
  class space    used 12737K, committed 13056K, reserved 1048576K
}
Event: 20.325 GC heap after
{Heap after GC invocations=42 (full 0):
 garbage-first heap   total 369664K, used 91010K [0x0000000080000000, 0x0000000100000000)
  region size 1024K, 18 young (18432K), 18 survivors (18432K)
 Metaspace       used 93890K, committed 94528K, reserved 1138688K
  class space    used 12737K, committed 13056K, reserved 1048576K
}

