# JRE version: OpenJDK Runtime Environment (17.0.6) (build 17.0.6+0-b2043.56-10027231)
# Java VM: OpenJDK 64-Bit Server VM (17.0.6+0-b2043.56-10027231, mixed mode, tiered, compressed oops, compressed class ptrs, g1 gc, windows-amd64)
GC Precious Log:
 CPUs: 4 total, 4 available
 Memory: 14264M
 Large Page Support: Disabled
 NUMA Support: Disabled
 Compressed Oops: Enabled (32-bit)
 Heap Region Size: 1M
 Heap Min Capacity: 8M
 Heap Initial Capacity: 224M
 Heap Max Capacity: 2G
 Pre-touch: Disabled
 Parallel Workers: 4
 Concurrent Workers: 1
 Concurrent Refinement Workers: 4
 Periodic GC: Disabled
Heap:
 garbage-first heap   total 245760K, used 123153K [0x0000000080000000, 0x0000000100000000)
  region size 1024K, 12 young (12288K), 7 survivors (7168K)
 Metaspace       used 106516K, committed 107264K, reserved 1146880K
  class space    used 14413K, committed 14784K, reserved 1048576K
GC Heap History (20 events):
Event: 12.486 GC heap before
{Heap before GC invocations=38 (full 0):
 garbage-first heap   total 104448K, used 81464K [0x0000000080000000, 0x0000000100000000)
  region size 1024K, 25 young (25600K), 2 survivors (2048K)
 Metaspace       used 68198K, committed 68736K, reserved 1114112K
  class space    used 8983K, committed 9216K, reserved 1048576K
}
Event: 12.492 GC heap after
{Heap after GC invocations=39 (full 0):
 garbage-first heap   total 104448K, used 60152K [0x0000000080000000, 0x0000000100000000)
  region size 1024K, 4 young (4096K), 4 survivors (4096K)
 Metaspace       used 68198K, committed 68736K, reserved 1114112K
  class space    used 8983K, committed 9216K, reserved 1048576K
}
Event: 13.150 GC heap before
{Heap before GC invocations=39 (full 0):
 garbage-first heap   total 104448K, used 82680K [0x0000000080000000, 0x0000000100000000)
  region size 1024K, 26 young (26624K), 4 survivors (4096K)
 Metaspace       used 71033K, committed 71616K, reserved 1114112K
  class space    used 9520K, committed 9792K, reserved 1048576K
}
Event: 13.156 GC heap after
{Heap after GC invocations=40 (full 0):
 garbage-first heap   total 245760K, used 61412K [0x0000000080000000, 0x0000000100000000)
  region size 1024K, 2 young (2048K), 2 survivors (2048K)
 Metaspace       used 71033K, committed 71616K, reserved 1114112K
  class space    used 9520K, committed 9792K, reserved 1048576K
}
Event: 16.122 GC heap before
{Heap before GC invocations=40 (full 0):
 garbage-first heap   total 245760K, used 173028K [0x0000000080000000, 0x0000000100000000)
  region size 1024K, 111 young (113664K), 2 survivors (2048K)
 Metaspace       used 81979K, committed 82624K, reserved 1122304K
  class space    used 11141K, committed 11456K, reserved 1048576K
}
Event: 16.138 GC heap after
{Heap after GC invocations=41 (full 0):
 garbage-first heap   total 245760K, used 70542K [0x0000000080000000, 0x0000000100000000)
  region size 1024K, 11 young (11264K), 11 survivors (11264K)
 Metaspace       used 81979K, committed 82624K, reserved 1122304K
  class space    used 11141K, committed 11456K, reserved 1048576K
}
Event: 18.713 GC heap before
{Heap before GC invocations=41 (full 0):
 garbage-first heap   total 245760K, used 182158K [0x0000000080000000, 0x0000000100000000)
  region size 1024K, 121 young (123904K), 11 survivors (11264K)
 Metaspace       used 85008K, committed 85632K, reserved 1130496K
  class space    used 11626K, committed 11904K, reserved 1048576K
}
Event: 18.737 GC heap after
{Heap after GC invocations=42 (full 0):
 garbage-first heap   total 245760K, used 84513K [0x0000000080000000, 0x0000000100000000)
  region size 1024K, 14 young (14336K), 14 survivors (14336K)
 Metaspace       used 85008K, committed 85632K, reserved 1130496K
  class space    used 11626K, committed 11904K, reserved 1048576K
}
Event: 20.533 GC heap before
{Heap before GC invocations=42 (full 0):
 garbage-first heap   total 245760K, used 184865K [0x0000000080000000, 0x0000000100000000)
  region size 1024K, 113 young (115712K), 14 survivors (14336K)
 Metaspace       used 88370K, committed 89024K, reserved 1130496K
  class space    used 12004K, committed 12288K, reserved 1048576K
}
Event: 20.555 GC heap after
{Heap after GC invocations=43 (full 0):
 garbage-first heap   total 245760K, used 90883K [0x0000000080000000, 0x0000000100000000)
  region size 1024K, 8 young (8192K), 8 survivors (8192K)
 Metaspace       used 88370K, committed 89024K, reserved 1130496K
  class space    used 12004K, committed 12288K, reserved 1048576K
}
Event: 22.361 GC heap before
{Heap before GC invocations=43 (full 0):
 garbage-first heap   total 245760K, used 192259K [0x0000000080000000, 0x0000000100000000)
  region size 1024K, 106 young (108544K), 8 survivors (8192K)
 Metaspace       used 98930K, committed 99584K, reserved 1138688K
  class space    used 13447K, committed 13760K, reserved 1048576K
}
Event: 22.380 GC heap after
{Heap after GC invocations=44 (full 0):
 garbage-first heap   total 245760K, used 107520K [0x0000000080000000, 0x0000000100000000)
  region size 1024K, 14 young (14336K), 14 survivors (14336K)
 Metaspace       used 98930K, committed 99584K, reserved 1138688K
  class space    used 13447K, committed 13760K, reserved 1048576K
}
Event: 25.901 GC heap before
{Heap before GC invocations=44 (full 0):
 garbage-first heap   total 245760K, used 210944K [0x0000000080000000, 0x0000000100000000)
  region size 1024K, 98 young (100352K), 14 survivors (14336K)
 Metaspace       used 105457K, committed 106176K, reserved 1146880K
  class space    used 14320K, committed 14656K, reserved 1048576K
}
Event: 25.920 GC heap after
{Heap after GC invocations=45 (full 0):
 garbage-first heap   total 245760K, used 117760K [0x0000000080000000, 0x0000000100000000)
  region size 1024K, 5 young (5120K), 5 survivors (5120K)
 Metaspace       used 105457K, committed 106176K, reserved 1146880K
  class space    used 14320K, committed 14656K, reserved 1048576K
}
Event: 27.099 GC heap before
{Heap before GC invocations=45 (full 0):
 garbage-first heap   total 245760K, used 198656K [0x0000000080000000, 0x0000000100000000)
  region size 1024K, 84 young (86016K), 5 survivors (5120K)
 Metaspace       used 106015K, committed 106688K, reserved 1146880K
  class space    used 14366K, committed 14720K, reserved 1048576K
}
Event: 27.109 GC heap after
{Heap after GC invocations=46 (full 0):
 garbage-first heap   total 245760K, used 118074K [0x0000000080000000, 0x0000000100000000)
  region size 1024K, 6 young (6144K), 6 survivors (6144K)
 Metaspace       used 106015K, committed 106688K, reserved 1146880K
  class space    used 14366K, committed 14720K, reserved 1048576K
}
Event: 27.986 GC heap before
{Heap before GC invocations=46 (full 0):
 garbage-first heap   total 245760K, used 201018K [0x0000000080000000, 0x0000000100000000)
  region size 1024K, 87 young (89088K), 6 survivors (6144K)
 Metaspace       used 106313K, committed 107072K, reserved 1146880K
  class space    used 14398K, committed 14784K, reserved 1048576K
}
Event: 27.996 GC heap after
{Heap after GC invocations=47 (full 0):
 garbage-first heap   total 245760K, used 118542K [0x0000000080000000, 0x0000000100000000)
  region size 1024K, 6 young (6144K), 6 survivors (6144K)
 Metaspace       used 106313K, committed 107072K, reserved 1146880K
  class space    used 14398K, committed 14784K, reserved 1048576K
}
Event: 29.169 GC heap before
{Heap before GC invocations=47 (full 0):
 garbage-first heap   total 245760K, used 204558K [0x0000000080000000, 0x0000000100000000)
  region size 1024K, 90 young (92160K), 6 survivors (6144K)
 Metaspace       used 106512K, committed 107264K, reserved 1146880K
  class space    used 14412K, committed 14784K, reserved 1048576K
}
Event: 29.181 GC heap after
{Heap after GC invocations=48 (full 0):
 garbage-first heap   total 245760K, used 119057K [0x0000000080000000, 0x0000000100000000)
  region size 1024K, 7 young (7168K), 7 survivors (7168K)
 Metaspace       used 106512K, committed 107264K, reserved 1146880K
  class space    used 14412K, committed 14784K, reserved 1048576K
}

