# JRE version: OpenJDK Runtime Environment (17.0.6) (build 17.0.6+0-b2043.56-10027231)
# Java VM: OpenJDK 64-Bit Server VM (17.0.6+0-b2043.56-10027231, mixed mode, tiered, compressed oops, compressed class ptrs, g1 gc, windows-amd64)
GC Precious Log:
 CPUs: 4 total, 4 available
 Memory: 14264M
 Large Page Support: Disabled
 NUMA Support: Disabled
 Compressed Oops: Enabled (32-bit)
 Heap Region Size: 1M
 Heap Min Capacity: 8M
 Heap Initial Capacity: 224M
 Heap Max Capacity: 2G
 Pre-touch: Disabled
 Parallel Workers: 4
 Concurrent Workers: 1
 Concurrent Refinement Workers: 4
 Periodic GC: Disabled
Heap:
 garbage-first heap   total 478208K, used 132106K [0x0000000080000000, 0x0000000100000000)
  region size 1024K, 8 young (8192K), 8 survivors (8192K)
 Metaspace       used 154018K, committed 155840K, reserved 1187840K
  class space    used 19529K, committed 20480K, reserved 1048576K
GC Heap History (20 events):
Event: 6997.830 GC heap after
{Heap after GC invocations=104 (full 0):
 garbage-first heap   total 495616K, used 116787K [0x0000000080000000, 0x0000000100000000)
  region size 1024K, 2 young (2048K), 2 survivors (2048K)
 Metaspace       used 153737K, committed 155520K, reserved 1187840K
  class space    used 19611K, committed 20480K, reserved 1048576K
}
Event: 6998.237 GC heap before
{Heap before GC invocations=104 (full 0):
 garbage-first heap   total 495616K, used 132147K [0x0000000080000000, 0x0000000100000000)
  region size 1024K, 19 young (19456K), 2 survivors (2048K)
 Metaspace       used 153746K, committed 155520K, reserved 1187840K
  class space    used 19611K, committed 20480K, reserved 1048576K
}
Event: 6998.240 GC heap after
{Heap after GC invocations=105 (full 0):
 garbage-first heap   total 495616K, used 116340K [0x0000000080000000, 0x0000000100000000)
  region size 1024K, 1 young (1024K), 1 survivors (1024K)
 Metaspace       used 153746K, committed 155520K, reserved 1187840K
  class space    used 19611K, committed 20480K, reserved 1048576K
}
Event: 7063.896 GC heap before
{Heap before GC invocations=106 (full 0):
 garbage-first heap   total 457728K, used 438900K [0x0000000080000000, 0x0000000100000000)
  region size 1024K, 260 young (266240K), 1 survivors (1024K)
 Metaspace       used 153733K, committed 155584K, reserved 1187840K
  class space    used 19566K, committed 20480K, reserved 1048576K
}
Event: 7063.904 GC heap after
{Heap after GC invocations=107 (full 0):
 garbage-first heap   total 457728K, used 124684K [0x0000000080000000, 0x0000000100000000)
  region size 1024K, 6 young (6144K), 6 survivors (6144K)
 Metaspace       used 153733K, committed 155584K, reserved 1187840K
  class space    used 19566K, committed 20480K, reserved 1048576K
}
Event: 7064.010 GC heap before
{Heap before GC invocations=107 (full 0):
 garbage-first heap   total 457728K, used 140044K [0x0000000080000000, 0x0000000100000000)
  region size 1024K, 22 young (22528K), 6 survivors (6144K)
 Metaspace       used 153739K, committed 155584K, reserved 1187840K
  class space    used 19566K, committed 20480K, reserved 1048576K
}
Event: 7064.022 GC heap after
{Heap after GC invocations=108 (full 0):
 garbage-first heap   total 457728K, used 115754K [0x0000000080000000, 0x0000000100000000)
  region size 1024K, 2 young (2048K), 2 survivors (2048K)
 Metaspace       used 153739K, committed 155584K, reserved 1187840K
  class space    used 19566K, committed 20480K, reserved 1048576K
}
Event: 7276.358 GC heap before
{Heap before GC invocations=108 (full 0):
 garbage-first heap   total 457728K, used 272426K [0x0000000080000000, 0x0000000100000000)
  region size 1024K, 157 young (160768K), 2 survivors (2048K)
 Metaspace       used 153878K, committed 155648K, reserved 1187840K
  class space    used 19568K, committed 20480K, reserved 1048576K
}
Event: 7276.373 GC heap after
{Heap after GC invocations=109 (full 0):
 garbage-first heap   total 457728K, used 129356K [0x0000000080000000, 0x0000000100000000)
  region size 1024K, 15 young (15360K), 15 survivors (15360K)
 Metaspace       used 153878K, committed 155648K, reserved 1187840K
  class space    used 19568K, committed 20480K, reserved 1048576K
}
Event: 7321.719 GC heap before
{Heap before GC invocations=110 (full 0):
 garbage-first heap   total 457728K, used 373068K [0x0000000080000000, 0x0000000100000000)
  region size 1024K, 232 young (237568K), 15 survivors (15360K)
 Metaspace       used 153673K, committed 155648K, reserved 1187840K
  class space    used 19518K, committed 20480K, reserved 1048576K
}
Event: 7321.732 GC heap after
{Heap after GC invocations=111 (full 0):
 garbage-first heap   total 457728K, used 133932K [0x0000000080000000, 0x0000000100000000)
  region size 1024K, 14 young (14336K), 14 survivors (14336K)
 Metaspace       used 153673K, committed 155648K, reserved 1187840K
  class space    used 19518K, committed 20480K, reserved 1048576K
}
Event: 7321.843 GC heap before
{Heap before GC invocations=111 (full 0):
 garbage-first heap   total 457728K, used 159532K [0x0000000080000000, 0x0000000100000000)
  region size 1024K, 22 young (22528K), 14 survivors (14336K)
 Metaspace       used 153684K, committed 155648K, reserved 1187840K
  class space    used 19519K, committed 20480K, reserved 1048576K
}
Event: 7321.857 GC heap after
{Heap after GC invocations=112 (full 0):
 garbage-first heap   total 457728K, used 121843K [0x0000000080000000, 0x0000000100000000)
  region size 1024K, 2 young (2048K), 2 survivors (2048K)
 Metaspace       used 153684K, committed 155648K, reserved 1187840K
  class space    used 19519K, committed 20480K, reserved 1048576K
}
Event: 7396.861 GC heap before
{Heap before GC invocations=112 (full 0):
 garbage-first heap   total 457728K, used 240627K [0x0000000080000000, 0x0000000100000000)
  region size 1024K, 120 young (122880K), 2 survivors (2048K)
 Metaspace       used 153836K, committed 155776K, reserved 1187840K
  class space    used 19528K, committed 20480K, reserved 1048576K
}
Event: 7396.870 GC heap after
{Heap after GC invocations=113 (full 0):
 garbage-first heap   total 457728K, used 129366K [0x0000000080000000, 0x0000000100000000)
  region size 1024K, 10 young (10240K), 10 survivors (10240K)
 Metaspace       used 153836K, committed 155776K, reserved 1187840K
  class space    used 19528K, committed 20480K, reserved 1048576K
}
Event: 7501.280 GC heap before
{Heap before GC invocations=114 (full 0):
 garbage-first heap   total 457728K, used 401750K [0x0000000080000000, 0x0000000100000000)
  region size 1024K, 235 young (240640K), 10 survivors (10240K)
 Metaspace       used 153995K, committed 155840K, reserved 1187840K
  class space    used 19529K, committed 20480K, reserved 1048576K
}
Event: 7501.288 GC heap after
{Heap after GC invocations=115 (full 0):
 garbage-first heap   total 457728K, used 137362K [0x0000000080000000, 0x0000000100000000)
  region size 1024K, 12 young (12288K), 12 survivors (12288K)
 Metaspace       used 153995K, committed 155840K, reserved 1187840K
  class space    used 19529K, committed 20480K, reserved 1048576K
}
Event: 7501.351 GC heap before
{Heap before GC invocations=115 (full 0):
 garbage-first heap   total 457728K, used 147602K [0x0000000080000000, 0x0000000100000000)
  region size 1024K, 22 young (22528K), 12 survivors (12288K)
 Metaspace       used 153995K, committed 155840K, reserved 1187840K
  class space    used 19529K, committed 20480K, reserved 1048576K
}
Event: 7501.363 GC heap after
{Heap after GC invocations=116 (full 0):
 garbage-first heap   total 457728K, used 127179K [0x0000000080000000, 0x0000000100000000)
  region size 1024K, 3 young (3072K), 3 survivors (3072K)
 Metaspace       used 153995K, committed 155840K, reserved 1187840K
  class space    used 19529K, committed 20480K, reserved 1048576K
}
Event: 7501.790 GC heap before
{Heap before GC invocations=116 (full 0):
 garbage-first heap   total 457728K, used 172235K [0x0000000080000000, 0x0000000100000000)
  region size 1024K, 49 young (50176K), 3 survivors (3072K)
 Metaspace       used 154018K, committed 155840K, reserved 1187840K
  class space    used 19529K, committed 20480K, reserved 1048576K
}

