# JRE version: OpenJDK Runtime Environment (17.0.6) (build 17.0.6+0-b2043.56-10027231)
# Java VM: OpenJDK 64-Bit Server VM (17.0.6+0-b2043.56-10027231, mixed mode, tiered, compressed oops, compressed class ptrs, g1 gc, windows-amd64)
GC Precious Log:
 CPUs: 4 total, 4 available
 Memory: 14264M
 Large Page Support: Disabled
 NUMA Support: Disabled
 Compressed Oops: Enabled (32-bit)
 Heap Region Size: 1M
 Heap Min Capacity: 8M
 Heap Initial Capacity: 224M
 Heap Max Capacity: 2G
 Pre-touch: Disabled
 Parallel Workers: 4
 Concurrent Workers: 1
 Concurrent Refinement Workers: 4
 Periodic GC: Disabled
Heap:
 garbage-first heap   total 239616K, used 183744K [0x0000000080000000, 0x0000000100000000)
  region size 1024K, 3 young (3072K), 3 survivors (3072K)
 Metaspace       used 127318K, committed 128128K, reserved 1163264K
  class space    used 16878K, committed 17280K, reserved 1048576K
GC Heap History (20 events):
Event: 30.043 GC heap after
{Heap after GC invocations=59 (full 0):
 garbage-first heap   total 199680K, used 116918K [0x0000000080000000, 0x0000000100000000)
  region size 1024K, 3 young (3072K), 3 survivors (3072K)
 Metaspace       used 112983K, committed 113664K, reserved 1146880K
  class space    used 15184K, committed 15488K, reserved 1048576K
}
Event: 30.919 GC heap before
{Heap before GC invocations=59 (full 0):
 garbage-first heap   total 199680K, used 173238K [0x0000000080000000, 0x0000000100000000)
  region size 1024K, 59 young (60416K), 3 survivors (3072K)
 Metaspace       used 115846K, committed 116608K, reserved 1155072K
  class space    used 15580K, committed 15936K, reserved 1048576K
}
Event: 30.926 GC heap after
{Heap after GC invocations=60 (full 0):
 garbage-first heap   total 199680K, used 119339K [0x0000000080000000, 0x0000000100000000)
  region size 1024K, 5 young (5120K), 5 survivors (5120K)
 Metaspace       used 115846K, committed 116608K, reserved 1155072K
  class space    used 15580K, committed 15936K, reserved 1048576K
}
Event: 32.334 GC heap before
{Heap before GC invocations=60 (full 0):
 garbage-first heap   total 199680K, used 174635K [0x0000000080000000, 0x0000000100000000)
  region size 1024K, 57 young (58368K), 5 survivors (5120K)
 Metaspace       used 122505K, committed 123264K, reserved 1163264K
  class space    used 16404K, committed 16768K, reserved 1048576K
}
Event: 32.347 GC heap after
{Heap after GC invocations=61 (full 0):
 garbage-first heap   total 199680K, used 126320K [0x0000000080000000, 0x0000000100000000)
  region size 1024K, 8 young (8192K), 8 survivors (8192K)
 Metaspace       used 122505K, committed 123264K, reserved 1163264K
  class space    used 16404K, committed 16768K, reserved 1048576K
}
Event: 33.991 GC heap before
{Heap before GC invocations=61 (full 0):
 garbage-first heap   total 199680K, used 168304K [0x0000000080000000, 0x0000000100000000)
  region size 1024K, 49 young (50176K), 8 survivors (8192K)
 Metaspace       used 124881K, committed 125696K, reserved 1163264K
  class space    used 16605K, committed 16960K, reserved 1048576K
}
Event: 34.004 GC heap after
{Heap after GC invocations=62 (full 0):
 garbage-first heap   total 199680K, used 132660K [0x0000000080000000, 0x0000000100000000)
  region size 1024K, 7 young (7168K), 7 survivors (7168K)
 Metaspace       used 124881K, committed 125696K, reserved 1163264K
  class space    used 16605K, committed 16960K, reserved 1048576K
}
Event: 34.703 GC heap before
{Heap before GC invocations=62 (full 0):
 garbage-first heap   total 199680K, used 165428K [0x0000000080000000, 0x0000000100000000)
  region size 1024K, 40 young (40960K), 7 survivors (7168K)
 Metaspace       used 126062K, committed 126848K, reserved 1163264K
  class space    used 16724K, committed 17088K, reserved 1048576K
}
Event: 34.719 GC heap after
{Heap after GC invocations=63 (full 0):
 garbage-first heap   total 199680K, used 136346K [0x0000000080000000, 0x0000000100000000)
  region size 1024K, 4 young (4096K), 4 survivors (4096K)
 Metaspace       used 126062K, committed 126848K, reserved 1163264K
  class space    used 16724K, committed 17088K, reserved 1048576K
}
Event: 35.167 GC heap before
{Heap before GC invocations=63 (full 0):
 garbage-first heap   total 199680K, used 171162K [0x0000000080000000, 0x0000000100000000)
  region size 1024K, 34 young (34816K), 4 survivors (4096K)
 Metaspace       used 126441K, committed 127232K, reserved 1163264K
  class space    used 16764K, committed 17152K, reserved 1048576K
}
Event: 35.175 GC heap after
{Heap after GC invocations=64 (full 0):
 garbage-first heap   total 199680K, used 146551K [0x0000000080000000, 0x0000000100000000)
  region size 1024K, 5 young (5120K), 5 survivors (5120K)
 Metaspace       used 126441K, committed 127232K, reserved 1163264K
  class space    used 16764K, committed 17152K, reserved 1048576K
}
Event: 35.383 GC heap before
{Heap before GC invocations=64 (full 0):
 garbage-first heap   total 199680K, used 181367K [0x0000000080000000, 0x0000000100000000)
  region size 1024K, 26 young (26624K), 5 survivors (5120K)
 Metaspace       used 127134K, committed 127936K, reserved 1163264K
  class space    used 16870K, committed 17280K, reserved 1048576K
}
Event: 35.390 GC heap after
{Heap after GC invocations=65 (full 0):
 garbage-first heap   total 239616K, used 160425K [0x0000000080000000, 0x0000000100000000)
  region size 1024K, 4 young (4096K), 4 survivors (4096K)
 Metaspace       used 127134K, committed 127936K, reserved 1163264K
  class space    used 16870K, committed 17280K, reserved 1048576K
}
Event: 35.686 GC heap before
{Heap before GC invocations=65 (full 0):
 garbage-first heap   total 239616K, used 213673K [0x0000000080000000, 0x0000000100000000)
  region size 1024K, 38 young (38912K), 4 survivors (4096K)
 Metaspace       used 127283K, committed 128064K, reserved 1163264K
  class space    used 16878K, committed 17280K, reserved 1048576K
}
Event: 35.694 GC heap after
{Heap after GC invocations=66 (full 0):
 garbage-first heap   total 239616K, used 173628K [0x0000000080000000, 0x0000000100000000)
  region size 1024K, 5 young (5120K), 5 survivors (5120K)
 Metaspace       used 127283K, committed 128064K, reserved 1163264K
  class space    used 16878K, committed 17280K, reserved 1048576K
}
Event: 35.846 GC heap before
{Heap before GC invocations=66 (full 0):
 garbage-first heap   total 239616K, used 198204K [0x0000000080000000, 0x0000000100000000)
  region size 1024K, 30 young (30720K), 5 survivors (5120K)
 Metaspace       used 127307K, committed 128064K, reserved 1163264K
  class space    used 16878K, committed 17280K, reserved 1048576K
}
Event: 35.855 GC heap after
{Heap after GC invocations=67 (full 0):
 garbage-first heap   total 239616K, used 178130K [0x0000000080000000, 0x0000000100000000)
  region size 1024K, 4 young (4096K), 4 survivors (4096K)
 Metaspace       used 127307K, committed 128064K, reserved 1163264K
  class space    used 16878K, committed 17280K, reserved 1048576K
}
Event: 35.959 GC heap before
{Heap before GC invocations=67 (full 0):
 garbage-first heap   total 239616K, used 200658K [0x0000000080000000, 0x0000000100000000)
  region size 1024K, 26 young (26624K), 4 survivors (4096K)
 Metaspace       used 127313K, committed 128128K, reserved 1163264K
  class space    used 16878K, committed 17280K, reserved 1048576K
}
Event: 35.966 GC heap after
{Heap after GC invocations=68 (full 0):
 garbage-first heap   total 239616K, used 180777K [0x0000000080000000, 0x0000000100000000)
  region size 1024K, 3 young (3072K), 3 survivors (3072K)
 Metaspace       used 127313K, committed 128128K, reserved 1163264K
  class space    used 16878K, committed 17280K, reserved 1048576K
}
Event: 36.078 GC heap before
{Heap before GC invocations=68 (full 0):
 garbage-first heap   total 239616K, used 202281K [0x0000000080000000, 0x0000000100000000)
  region size 1024K, 24 young (24576K), 3 survivors (3072K)
 Metaspace       used 127318K, committed 128128K, reserved 1163264K
  class space    used 16878K, committed 17280K, reserved 1048576K
}

