# JRE version: OpenJDK Runtime Environment (17.0.6) (build 17.0.6+0-b2043.56-10027231)
# Java VM: OpenJDK 64-Bit Server VM (17.0.6+0-b2043.56-10027231, mixed mode, tiered, compressed oops, compressed class ptrs, g1 gc, windows-amd64)
GC Precious Log:
 CPUs: 4 total, 4 available
 Memory: 14264M
 Large Page Support: Disabled
 NUMA Support: Disabled
 Compressed Oops: Enabled (32-bit)
 Heap Region Size: 1M
 Heap Min Capacity: 8M
 Heap Initial Capacity: 224M
 Heap Max Capacity: 2G
 Pre-touch: Disabled
 Parallel Workers: 4
 Concurrent Workers: 1
 Concurrent Refinement Workers: 4
 Periodic GC: Disabled
Heap:
 garbage-first heap   total 275456K, used 198169K [0x0000000080000000, 0x0000000100000000)
  region size 1024K, 82 young (83968K), 1 survivors (1024K)
 Metaspace       used 123309K, committed 124160K, reserved 1163264K
  class space    used 16167K, committed 16576K, reserved 1048576K
GC Heap History (20 events):
Event: 33.157 GC heap before
{Heap before GC invocations=50 (full 0):
 garbage-first heap   total 188416K, used 159860K [0x0000000080000000, 0x0000000100000000)
  region size 1024K, 33 young (33792K), 3 survivors (3072K)
 Metaspace       used 107205K, committed 108032K, reserved 1146880K
  class space    used 14025K, committed 14400K, reserved 1048576K
}
Event: 33.163 GC heap after
{Heap after GC invocations=51 (full 0):
 garbage-first heap   total 188416K, used 133504K [0x0000000080000000, 0x0000000100000000)
  region size 1024K, 5 young (5120K), 5 survivors (5120K)
 Metaspace       used 107205K, committed 108032K, reserved 1146880K
  class space    used 14025K, committed 14400K, reserved 1048576K
}
Event: 33.566 GC heap before
{Heap before GC invocations=51 (full 0):
 garbage-first heap   total 188416K, used 160128K [0x0000000080000000, 0x0000000100000000)
  region size 1024K, 32 young (32768K), 5 survivors (5120K)
 Metaspace       used 108136K, committed 108864K, reserved 1146880K
  class space    used 14145K, committed 14528K, reserved 1048576K
}
Event: 33.575 GC heap after
{Heap after GC invocations=52 (full 0):
 garbage-first heap   total 188416K, used 137030K [0x0000000080000000, 0x0000000100000000)
  region size 1024K, 4 young (4096K), 4 survivors (4096K)
 Metaspace       used 108136K, committed 108864K, reserved 1146880K
  class space    used 14145K, committed 14528K, reserved 1048576K
}
Event: 33.908 GC heap before
{Heap before GC invocations=52 (full 0):
 garbage-first heap   total 188416K, used 159558K [0x0000000080000000, 0x0000000100000000)
  region size 1024K, 27 young (27648K), 4 survivors (4096K)
 Metaspace       used 110372K, committed 111168K, reserved 1146880K
  class space    used 14447K, committed 14848K, reserved 1048576K
}
Event: 33.915 GC heap after
{Heap after GC invocations=53 (full 0):
 garbage-first heap   total 188416K, used 139935K [0x0000000080000000, 0x0000000100000000)
  region size 1024K, 4 young (4096K), 4 survivors (4096K)
 Metaspace       used 110372K, committed 111168K, reserved 1146880K
  class space    used 14447K, committed 14848K, reserved 1048576K
}
Event: 34.001 GC heap before
{Heap before GC invocations=53 (full 0):
 garbage-first heap   total 188416K, used 143007K [0x0000000080000000, 0x0000000100000000)
  region size 1024K, 8 young (8192K), 4 survivors (4096K)
 Metaspace       used 110907K, committed 111680K, reserved 1146880K
  class space    used 14513K, committed 14912K, reserved 1048576K
}
Event: 34.006 GC heap after
{Heap after GC invocations=54 (full 0):
 garbage-first heap   total 188416K, used 139835K [0x0000000080000000, 0x0000000100000000)
  region size 1024K, 1 young (1024K), 1 survivors (1024K)
 Metaspace       used 110907K, committed 111680K, reserved 1146880K
  class space    used 14513K, committed 14912K, reserved 1048576K
}
Event: 34.507 GC heap before
{Heap before GC invocations=55 (full 0):
 garbage-first heap   total 214016K, used 141883K [0x0000000080000000, 0x0000000100000000)
  region size 1024K, 20 young (20480K), 1 survivors (1024K)
 Metaspace       used 112257K, committed 113088K, reserved 1146880K
  class space    used 14702K, committed 15168K, reserved 1048576K
}
Event: 34.512 GC heap after
{Heap after GC invocations=56 (full 0):
 garbage-first heap   total 214016K, used 125582K [0x0000000080000000, 0x0000000100000000)
  region size 1024K, 3 young (3072K), 3 survivors (3072K)
 Metaspace       used 112257K, committed 113088K, reserved 1146880K
  class space    used 14702K, committed 15168K, reserved 1048576K
}
Event: 34.601 GC heap before
{Heap before GC invocations=56 (full 0):
 garbage-first heap   total 214016K, used 132750K [0x0000000080000000, 0x0000000100000000)
  region size 1024K, 10 young (10240K), 3 survivors (3072K)
 Metaspace       used 112339K, committed 113152K, reserved 1155072K
  class space    used 14705K, committed 15168K, reserved 1048576K
}
Event: 34.609 GC heap after
{Heap after GC invocations=57 (full 0):
 garbage-first heap   total 214016K, used 108355K [0x0000000080000000, 0x0000000100000000)
  region size 1024K, 2 young (2048K), 2 survivors (2048K)
 Metaspace       used 112339K, committed 113152K, reserved 1155072K
  class space    used 14705K, committed 15168K, reserved 1048576K
}
Event: 35.329 GC heap before
{Heap before GC invocations=57 (full 0):
 garbage-first heap   total 214016K, used 172867K [0x0000000080000000, 0x0000000100000000)
  region size 1024K, 66 young (67584K), 2 survivors (2048K)
 Metaspace       used 116085K, committed 116928K, reserved 1155072K
  class space    used 15205K, committed 15616K, reserved 1048576K
}
Event: 35.342 GC heap after
{Heap after GC invocations=58 (full 0):
 garbage-first heap   total 275456K, used 116632K [0x0000000080000000, 0x0000000100000000)
  region size 1024K, 9 young (9216K), 9 survivors (9216K)
 Metaspace       used 116085K, committed 116928K, reserved 1155072K
  class space    used 15205K, committed 15616K, reserved 1048576K
}
Event: 37.586 GC heap before
{Heap before GC invocations=59 (full 0):
 garbage-first heap   total 275456K, used 219032K [0x0000000080000000, 0x0000000100000000)
  region size 1024K, 107 young (109568K), 9 survivors (9216K)
 Metaspace       used 122082K, committed 122880K, reserved 1163264K
  class space    used 16052K, committed 16448K, reserved 1048576K
}
Event: 37.597 GC heap after
{Heap after GC invocations=60 (full 0):
 garbage-first heap   total 275456K, used 119219K [0x0000000080000000, 0x0000000100000000)
  region size 1024K, 5 young (5120K), 5 survivors (5120K)
 Metaspace       used 122082K, committed 122880K, reserved 1163264K
  class space    used 16052K, committed 16448K, reserved 1048576K
}
Event: 37.775 GC heap before
{Heap before GC invocations=60 (full 0):
 garbage-first heap   total 275456K, used 127411K [0x0000000080000000, 0x0000000100000000)
  region size 1024K, 13 young (13312K), 5 survivors (5120K)
 Metaspace       used 122298K, committed 123200K, reserved 1163264K
  class space    used 16075K, committed 16512K, reserved 1048576K
}
Event: 37.791 GC heap after
{Heap after GC invocations=61 (full 0):
 garbage-first heap   total 275456K, used 116632K [0x0000000080000000, 0x0000000100000000)
  region size 1024K, 1 young (1024K), 1 survivors (1024K)
 Metaspace       used 122298K, committed 123200K, reserved 1163264K
  class space    used 16075K, committed 16512K, reserved 1048576K
}
Event: 39.224 GC heap before
{Heap before GC invocations=61 (full 0):
 garbage-first heap   total 275456K, used 220056K [0x0000000080000000, 0x0000000100000000)
  region size 1024K, 102 young (104448K), 1 survivors (1024K)
 Metaspace       used 123053K, committed 123904K, reserved 1163264K
  class space    used 16136K, committed 16576K, reserved 1048576K
}
Event: 39.229 GC heap after
{Heap after GC invocations=62 (full 0):
 garbage-first heap   total 275456K, used 116249K [0x0000000080000000, 0x0000000100000000)
  region size 1024K, 1 young (1024K), 1 survivors (1024K)
 Metaspace       used 123053K, committed 123904K, reserved 1163264K
  class space    used 16136K, committed 16576K, reserved 1048576K
}

