# JRE version: OpenJDK Runtime Environment (17.0.6) (build 17.0.6+0-b2043.56-10027231)
# Java VM: OpenJDK 64-Bit Server VM (17.0.6+0-b2043.56-10027231, mixed mode, tiered, compressed oops, compressed class ptrs, g1 gc, windows-amd64)
GC Precious Log:
 CPUs: 4 total, 4 available
 Memory: 14264M
 Large Page Support: Disabled
 NUMA Support: Disabled
 Compressed Oops: Enabled (32-bit)
 Heap Region Size: 1M
 Heap Min Capacity: 8M
 Heap Initial Capacity: 224M
 Heap Max Capacity: 2G
 Pre-touch: Disabled
 Parallel Workers: 4
 Concurrent Workers: 1
 Concurrent Refinement Workers: 4
 Periodic GC: Disabled
Heap:
 garbage-first heap   total 229376K, used 115584K [0x0000000080000000, 0x0000000100000000)
  region size 1024K, 5 young (5120K), 5 survivors (5120K)
 Metaspace       used 94239K, committed 94976K, reserved 1138688K
  class space    used 12641K, committed 12992K, reserved 1048576K
GC Heap History (20 events):
Event: 9.464 GC heap after
{Heap after GC invocations=29 (full 0):
 garbage-first heap   total 191488K, used 59217K [0x0000000080000000, 0x0000000100000000)
  region size 1024K, 8 young (8192K), 8 survivors (8192K)
 Metaspace       used 71724K, committed 72320K, reserved 1114112K
  class space    used 9679K, committed 9984K, reserved 1048576K
}
Event: 9.494 GC heap before
{Heap before GC invocations=29 (full 0):
 garbage-first heap   total 191488K, used 60241K [0x0000000080000000, 0x0000000100000000)
  region size 1024K, 9 young (9216K), 8 survivors (8192K)
 Metaspace       used 71870K, committed 72448K, reserved 1114112K
  class space    used 9705K, committed 9984K, reserved 1048576K
}
Event: 9.502 GC heap after
{Heap after GC invocations=30 (full 0):
 garbage-first heap   total 191488K, used 60054K [0x0000000080000000, 0x0000000100000000)
  region size 1024K, 1 young (1024K), 1 survivors (1024K)
 Metaspace       used 71870K, committed 72448K, reserved 1114112K
  class space    used 9705K, committed 9984K, reserved 1048576K
}
Event: 13.813 GC heap before
{Heap before GC invocations=30 (full 0):
 garbage-first heap   total 191488K, used 135830K [0x0000000080000000, 0x0000000100000000)
  region size 1024K, 76 young (77824K), 1 survivors (1024K)
 Metaspace       used 76699K, committed 77312K, reserved 1122304K
  class space    used 10452K, committed 10752K, reserved 1048576K
}
Event: 13.820 GC heap after
{Heap after GC invocations=31 (full 0):
 garbage-first heap   total 191488K, used 65128K [0x0000000080000000, 0x0000000100000000)
  region size 1024K, 6 young (6144K), 6 survivors (6144K)
 Metaspace       used 76699K, committed 77312K, reserved 1122304K
  class space    used 10452K, committed 10752K, reserved 1048576K
}
Event: 15.025 GC heap before
{Heap before GC invocations=31 (full 0):
 garbage-first heap   total 191488K, used 140904K [0x0000000080000000, 0x0000000100000000)
  region size 1024K, 81 young (82944K), 6 survivors (6144K)
 Metaspace       used 83755K, committed 84416K, reserved 1122304K
  class space    used 11444K, committed 11776K, reserved 1048576K
}
Event: 15.036 GC heap after
{Heap after GC invocations=32 (full 0):
 garbage-first heap   total 191488K, used 71680K [0x0000000080000000, 0x0000000100000000)
  region size 1024K, 7 young (7168K), 7 survivors (7168K)
 Metaspace       used 83755K, committed 84416K, reserved 1122304K
  class space    used 11444K, committed 11776K, reserved 1048576K
}
Event: 15.896 GC heap before
{Heap before GC invocations=32 (full 0):
 garbage-first heap   total 191488K, used 144384K [0x0000000080000000, 0x0000000100000000)
  region size 1024K, 79 young (80896K), 7 survivors (7168K)
 Metaspace       used 87106K, committed 87808K, reserved 1130496K
  class space    used 11841K, committed 12160K, reserved 1048576K
}
Event: 15.912 GC heap after
{Heap after GC invocations=33 (full 0):
 garbage-first heap   total 191488K, used 82561K [0x0000000080000000, 0x0000000100000000)
  region size 1024K, 10 young (10240K), 10 survivors (10240K)
 Metaspace       used 87106K, committed 87808K, reserved 1130496K
  class space    used 11841K, committed 12160K, reserved 1048576K
}
Event: 17.041 GC heap before
{Heap before GC invocations=34 (full 0):
 garbage-first heap   total 191488K, used 146049K [0x0000000080000000, 0x0000000100000000)
  region size 1024K, 73 young (74752K), 10 survivors (10240K)
 Metaspace       used 90158K, committed 90880K, reserved 1130496K
  class space    used 12190K, committed 12544K, reserved 1048576K
}
Event: 17.054 GC heap after
{Heap after GC invocations=35 (full 0):
 garbage-first heap   total 191488K, used 88522K [0x0000000080000000, 0x0000000100000000)
  region size 1024K, 7 young (7168K), 7 survivors (7168K)
 Metaspace       used 90158K, committed 90880K, reserved 1130496K
  class space    used 12190K, committed 12544K, reserved 1048576K
}
Event: 17.094 GC heap before
{Heap before GC invocations=35 (full 0):
 garbage-first heap   total 191488K, used 90570K [0x0000000080000000, 0x0000000100000000)
  region size 1024K, 9 young (9216K), 7 survivors (7168K)
 Metaspace       used 90207K, committed 90880K, reserved 1130496K
  class space    used 12190K, committed 12544K, reserved 1048576K
}
Event: 17.105 GC heap after
{Heap after GC invocations=36 (full 0):
 garbage-first heap   total 191488K, used 89365K [0x0000000080000000, 0x0000000100000000)
  region size 1024K, 2 young (2048K), 2 survivors (2048K)
 Metaspace       used 90207K, committed 90880K, reserved 1130496K
  class space    used 12190K, committed 12544K, reserved 1048576K
}
Event: 17.352 GC heap before
{Heap before GC invocations=36 (full 0):
 garbage-first heap   total 191488K, used 102677K [0x0000000080000000, 0x0000000100000000)
  region size 1024K, 16 young (16384K), 2 survivors (2048K)
 Metaspace       used 90288K, committed 90944K, reserved 1130496K
  class space    used 12190K, committed 12544K, reserved 1048576K
}
Event: 17.357 GC heap after
{Heap after GC invocations=37 (full 0):
 garbage-first heap   total 191488K, used 94071K [0x0000000080000000, 0x0000000100000000)
  region size 1024K, 7 young (7168K), 7 survivors (7168K)
 Metaspace       used 90288K, committed 90944K, reserved 1130496K
  class space    used 12190K, committed 12544K, reserved 1048576K
}
Event: 18.502 GC heap before
{Heap before GC invocations=38 (full 0):
 garbage-first heap   total 191488K, used 152439K [0x0000000080000000, 0x0000000100000000)
  region size 1024K, 54 young (55296K), 7 survivors (7168K)
 Metaspace       used 91337K, committed 92032K, reserved 1130496K
  class space    used 12288K, committed 12608K, reserved 1048576K
}
Event: 18.516 GC heap after
{Heap after GC invocations=39 (full 0):
 garbage-first heap   total 191488K, used 109209K [0x0000000080000000, 0x0000000100000000)
  region size 1024K, 7 young (7168K), 7 survivors (7168K)
 Metaspace       used 91337K, committed 92032K, reserved 1130496K
  class space    used 12288K, committed 12608K, reserved 1048576K
}
Event: 18.574 GC heap before
{Heap before GC invocations=39 (full 0):
 garbage-first heap   total 191488K, used 110233K [0x0000000080000000, 0x0000000100000000)
  region size 1024K, 9 young (9216K), 7 survivors (7168K)
 Metaspace       used 91362K, committed 92032K, reserved 1130496K
  class space    used 12288K, committed 12608K, reserved 1048576K
}
Event: 18.581 GC heap after
{Heap after GC invocations=40 (full 0):
 garbage-first heap   total 191488K, used 109545K [0x0000000080000000, 0x0000000100000000)
  region size 1024K, 1 young (1024K), 1 survivors (1024K)
 Metaspace       used 91362K, committed 92032K, reserved 1130496K
  class space    used 12288K, committed 12608K, reserved 1048576K
}
Event: 19.400 GC heap before
{Heap before GC invocations=40 (full 0):
 garbage-first heap   total 191488K, used 142313K [0x0000000080000000, 0x0000000100000000)
  region size 1024K, 34 young (34816K), 1 survivors (1024K)
 Metaspace       used 94239K, committed 94976K, reserved 1138688K
  class space    used 12641K, committed 12992K, reserved 1048576K
}

