# JRE version: OpenJDK Runtime Environment (17.0.6) (build 17.0.6+0-b2043.56-10027231)
# Java VM: OpenJDK 64-Bit Server VM (17.0.6+0-b2043.56-10027231, mixed mode, tiered, compressed oops, compressed class ptrs, g1 gc, windows-amd64)
GC Precious Log:
 CPUs: 4 total, 4 available
 Memory: 14264M
 Large Page Support: Disabled
 NUMA Support: Disabled
 Compressed Oops: Enabled (32-bit)
 Heap Region Size: 1M
 Heap Min Capacity: 8M
 Heap Initial Capacity: 224M
 Heap Max Capacity: 2G
 Pre-touch: Disabled
 Parallel Workers: 4
 Concurrent Workers: 1
 Concurrent Refinement Workers: 4
 Periodic GC: Disabled
Heap:
 garbage-first heap   total 235520K, used 116677K [0x0000000080000000, 0x0000000100000000)
  region size 1024K, 9 young (9216K), 9 survivors (9216K)
 Metaspace       used 129728K, committed 130688K, reserved 1163264K
  class space    used 17250K, committed 17664K, reserved 1048576K
GC Heap History (20 events):
Event: 52.157 GC heap after
{Heap after GC invocations=43 (full 0):
 garbage-first heap   total 214016K, used 104714K [0x0000000080000000, 0x0000000100000000)
  region size 1024K, 1 young (1024K), 1 survivors (1024K)
 Metaspace       used 125687K, committed 126528K, reserved 1163264K
  class space    used 16951K, committed 17344K, reserved 1048576K
}
Event: 54.577 GC heap before
{Heap before GC invocations=43 (full 0):
 garbage-first heap   total 214016K, used 169226K [0x0000000080000000, 0x0000000100000000)
  region size 1024K, 66 young (67584K), 1 survivors (1024K)
 Metaspace       used 127323K, committed 128128K, reserved 1163264K
  class space    used 17117K, committed 17472K, reserved 1048576K
}
Event: 54.583 GC heap after
{Heap after GC invocations=44 (full 0):
 garbage-first heap   total 214016K, used 109193K [0x0000000080000000, 0x0000000100000000)
  region size 1024K, 5 young (5120K), 5 survivors (5120K)
 Metaspace       used 127323K, committed 128128K, reserved 1163264K
  class space    used 17117K, committed 17472K, reserved 1048576K
}
Event: 124.237 GC heap before
{Heap before GC invocations=45 (full 0):
 garbage-first heap   total 214016K, used 185993K [0x0000000080000000, 0x0000000100000000)
  region size 1024K, 68 young (69632K), 5 survivors (5120K)
 Metaspace       used 127971K, committed 128832K, reserved 1163264K
  class space    used 17176K, committed 17536K, reserved 1048576K
}
Event: 124.248 GC heap after
{Heap after GC invocations=46 (full 0):
 garbage-first heap   total 214016K, used 115158K [0x0000000080000000, 0x0000000100000000)
  region size 1024K, 9 young (9216K), 9 survivors (9216K)
 Metaspace       used 127971K, committed 128832K, reserved 1163264K
  class space    used 17176K, committed 17536K, reserved 1048576K
}
Event: 124.267 GC heap before
{Heap before GC invocations=46 (full 0):
 garbage-first heap   total 214016K, used 118230K [0x0000000080000000, 0x0000000100000000)
  region size 1024K, 10 young (10240K), 9 survivors (9216K)
 Metaspace       used 127976K, committed 128832K, reserved 1163264K
  class space    used 17176K, committed 17536K, reserved 1048576K
}
Event: 124.276 GC heap after
{Heap after GC invocations=47 (full 0):
 garbage-first heap   total 214016K, used 116833K [0x0000000080000000, 0x0000000100000000)
  region size 1024K, 2 young (2048K), 2 survivors (2048K)
 Metaspace       used 127976K, committed 128832K, reserved 1163264K
  class space    used 17176K, committed 17536K, reserved 1048576K
}
Event: 125.085 GC heap before
{Heap before GC invocations=47 (full 0):
 garbage-first heap   total 214016K, used 171105K [0x0000000080000000, 0x0000000100000000)
  region size 1024K, 56 young (57344K), 2 survivors (2048K)
 Metaspace       used 128544K, committed 129408K, reserved 1163264K
  class space    used 17200K, committed 17600K, reserved 1048576K
}
Event: 125.091 GC heap after
{Heap after GC invocations=48 (full 0):
 garbage-first heap   total 214016K, used 121564K [0x0000000080000000, 0x0000000100000000)
  region size 1024K, 6 young (6144K), 6 survivors (6144K)
 Metaspace       used 128544K, committed 129408K, reserved 1163264K
  class space    used 17200K, committed 17600K, reserved 1048576K
}
Event: 167.627 GC heap before
{Heap before GC invocations=49 (full 0):
 garbage-first heap   total 235520K, used 186076K [0x0000000080000000, 0x0000000100000000)
  region size 1024K, 57 young (58368K), 6 survivors (6144K)
 Metaspace       used 128990K, committed 129920K, reserved 1163264K
  class space    used 17243K, committed 17664K, reserved 1048576K
}
Event: 167.637 GC heap after
{Heap after GC invocations=50 (full 0):
 garbage-first heap   total 235520K, used 126820K [0x0000000080000000, 0x0000000100000000)
  region size 1024K, 7 young (7168K), 7 survivors (7168K)
 Metaspace       used 128990K, committed 129920K, reserved 1163264K
  class space    used 17243K, committed 17664K, reserved 1048576K
}
Event: 167.688 GC heap before
{Heap before GC invocations=50 (full 0):
 garbage-first heap   total 235520K, used 130916K [0x0000000080000000, 0x0000000100000000)
  region size 1024K, 11 young (11264K), 7 survivors (7168K)
 Metaspace       used 129003K, committed 129984K, reserved 1163264K
  class space    used 17245K, committed 17664K, reserved 1048576K
}
Event: 167.698 GC heap after
{Heap after GC invocations=51 (full 0):
 garbage-first heap   total 235520K, used 122646K [0x0000000080000000, 0x0000000100000000)
  region size 1024K, 1 young (1024K), 1 survivors (1024K)
 Metaspace       used 129003K, committed 129984K, reserved 1163264K
  class space    used 17245K, committed 17664K, reserved 1048576K
}
Event: 167.942 GC heap before
{Heap before GC invocations=51 (full 0):
 garbage-first heap   total 235520K, used 130838K [0x0000000080000000, 0x0000000100000000)
  region size 1024K, 11 young (11264K), 1 survivors (1024K)
 Metaspace       used 129041K, committed 129984K, reserved 1163264K
  class space    used 17245K, committed 17664K, reserved 1048576K
}
Event: 167.945 GC heap after
{Heap after GC invocations=52 (full 0):
 garbage-first heap   total 235520K, used 124694K [0x0000000080000000, 0x0000000100000000)
  region size 1024K, 3 young (3072K), 3 survivors (3072K)
 Metaspace       used 129041K, committed 129984K, reserved 1163264K
  class space    used 17245K, committed 17664K, reserved 1048576K
}
Event: 249.353 GC heap before
{Heap before GC invocations=53 (full 0):
 garbage-first heap   total 235520K, used 201494K [0x0000000080000000, 0x0000000100000000)
  region size 1024K, 64 young (65536K), 3 survivors (3072K)
 Metaspace       used 129498K, committed 130432K, reserved 1163264K
  class space    used 17249K, committed 17664K, reserved 1048576K
}
Event: 249.358 GC heap after
{Heap after GC invocations=54 (full 0):
 garbage-first heap   total 235520K, used 126002K [0x0000000080000000, 0x0000000100000000)
  region size 1024K, 3 young (3072K), 3 survivors (3072K)
 Metaspace       used 129498K, committed 130432K, reserved 1163264K
  class space    used 17249K, committed 17664K, reserved 1048576K
}
Event: 249.456 GC heap before
{Heap before GC invocations=54 (full 0):
 garbage-first heap   total 235520K, used 133170K [0x0000000080000000, 0x0000000100000000)
  region size 1024K, 11 young (11264K), 3 survivors (3072K)
 Metaspace       used 129532K, committed 130432K, reserved 1163264K
  class space    used 17250K, committed 17664K, reserved 1048576K
}
Event: 249.463 GC heap after
{Heap after GC invocations=55 (full 0):
 garbage-first heap   total 235520K, used 109407K [0x0000000080000000, 0x0000000100000000)
  region size 1024K, 2 young (2048K), 2 survivors (2048K)
 Metaspace       used 129532K, committed 130432K, reserved 1163264K
  class space    used 17250K, committed 17664K, reserved 1048576K
}
Event: 250.407 GC heap before
{Heap before GC invocations=55 (full 0):
 garbage-first heap   total 235520K, used 156511K [0x0000000080000000, 0x0000000100000000)
  region size 1024K, 50 young (51200K), 2 survivors (2048K)
 Metaspace       used 129728K, committed 130688K, reserved 1163264K
  class space    used 17250K, committed 17664K, reserved 1048576K
}

