# JRE version: OpenJDK Runtime Environment (17.0.6) (build 17.0.6+0-b2043.56-10027231)
# Java VM: OpenJDK 64-Bit Server VM (17.0.6+0-b2043.56-10027231, mixed mode, tiered, compressed oops, compressed class ptrs, g1 gc, windows-amd64)
GC Precious Log:
 CPUs: 4 total, 4 available
 Memory: 14264M
 Large Page Support: Disabled
 NUMA Support: Disabled
 Compressed Oops: Enabled (32-bit)
 Heap Region Size: 1M
 Heap Min Capacity: 8M
 Heap Initial Capacity: 224M
 Heap Max Capacity: 2G
 Pre-touch: Disabled
 Parallel Workers: 4
 Concurrent Workers: 1
 Concurrent Refinement Workers: 4
 Periodic GC: Disabled
Heap:
 garbage-first heap   total 519168K, used 146944K [0x0000000080000000, 0x0000000100000000)
  region size 1024K, 4 young (4096K), 4 survivors (4096K)
 Metaspace       used 147791K, committed 149184K, reserved 1179648K
  class space    used 19110K, committed 19776K, reserved 1048576K
GC Heap History (20 events):
Event: 2173.649 GC heap after
{Heap after GC invocations=89 (full 0):
 garbage-first heap   total 519168K, used 212480K [0x0000000080000000, 0x0000000100000000)
  region size 1024K, 1 young (1024K), 1 survivors (1024K)
 Metaspace       used 146543K, committed 147904K, reserved 1179648K
  class space    used 19016K, committed 19648K, reserved 1048576K
}
Event: 2173.731 GC heap before
{Heap before GC invocations=89 (full 0):
 garbage-first heap   total 519168K, used 212480K [0x0000000080000000, 0x0000000100000000)
  region size 1024K, 2 young (2048K), 1 survivors (1024K)
 Metaspace       used 146543K, committed 147904K, reserved 1179648K
  class space    used 19016K, committed 19648K, reserved 1048576K
}
Event: 2173.733 GC heap after
{Heap after GC invocations=90 (full 0):
 garbage-first heap   total 519168K, used 212052K [0x0000000080000000, 0x0000000100000000)
  region size 1024K, 1 young (1024K), 1 survivors (1024K)
 Metaspace       used 146543K, committed 147904K, reserved 1179648K
  class space    used 19016K, committed 19648K, reserved 1048576K
}
Event: 2174.976 GC heap before
{Heap before GC invocations=91 (full 0):
 garbage-first heap   total 519168K, used 407636K [0x0000000080000000, 0x0000000100000000)
  region size 1024K, 171 young (175104K), 1 survivors (1024K)
 Metaspace       used 146719K, committed 148032K, reserved 1179648K
  class space    used 19035K, committed 19648K, reserved 1048576K
}
Event: 2175.003 GC heap after
{Heap after GC invocations=92 (full 0):
 garbage-first heap   total 519168K, used 252500K [0x0000000080000000, 0x0000000100000000)
  region size 1024K, 20 young (20480K), 20 survivors (20480K)
 Metaspace       used 146719K, committed 148032K, reserved 1179648K
  class space    used 19035K, committed 19648K, reserved 1048576K
}
Event: 2175.018 GC heap before
{Heap before GC invocations=92 (full 0):
 garbage-first heap   total 519168K, used 257620K [0x0000000080000000, 0x0000000100000000)
  region size 1024K, 25 young (25600K), 20 survivors (20480K)
 Metaspace       used 146723K, committed 148032K, reserved 1179648K
  class space    used 19036K, committed 19648K, reserved 1048576K
}
Event: 2175.034 GC heap after
{Heap after GC invocations=93 (full 0):
 garbage-first heap   total 519168K, used 248606K [0x0000000080000000, 0x0000000100000000)
  region size 1024K, 2 young (2048K), 2 survivors (2048K)
 Metaspace       used 146723K, committed 148032K, reserved 1179648K
  class space    used 19036K, committed 19648K, reserved 1048576K
}
Event: 2175.570 GC heap before
{Heap before GC invocations=93 (full 0):
 garbage-first heap   total 519168K, used 305950K [0x0000000080000000, 0x0000000100000000)
  region size 1024K, 59 young (60416K), 2 survivors (2048K)
 Metaspace       used 146805K, committed 148096K, reserved 1179648K
  class space    used 19038K, committed 19648K, reserved 1048576K
}
Event: 2175.578 GC heap after
{Heap after GC invocations=94 (full 0):
 garbage-first heap   total 519168K, used 248886K [0x0000000080000000, 0x0000000100000000)
  region size 1024K, 3 young (3072K), 3 survivors (3072K)
 Metaspace       used 146805K, committed 148096K, reserved 1179648K
  class space    used 19038K, committed 19648K, reserved 1048576K
}
Event: 2177.513 GC heap before
{Heap before GC invocations=95 (full 0):
 garbage-first heap   total 519168K, used 429110K [0x0000000080000000, 0x0000000100000000)
  region size 1024K, 158 young (161792K), 3 survivors (3072K)
 Metaspace       used 147456K, committed 148800K, reserved 1179648K
  class space    used 19057K, committed 19712K, reserved 1048576K
}
Event: 2177.537 GC heap after
{Heap after GC invocations=96 (full 0):
 garbage-first heap   total 519168K, used 269266K [0x0000000080000000, 0x0000000100000000)
  region size 1024K, 20 young (20480K), 20 survivors (20480K)
 Metaspace       used 147456K, committed 148800K, reserved 1179648K
  class space    used 19057K, committed 19712K, reserved 1048576K
}
Event: 2177.553 GC heap before
{Heap before GC invocations=96 (full 0):
 garbage-first heap   total 519168K, used 276434K [0x0000000080000000, 0x0000000100000000)
  region size 1024K, 27 young (27648K), 20 survivors (20480K)
 Metaspace       used 147469K, committed 148800K, reserved 1179648K
  class space    used 19057K, committed 19712K, reserved 1048576K
}
Event: 2177.588 GC heap after
{Heap after GC invocations=97 (full 0):
 garbage-first heap   total 519168K, used 243651K [0x0000000080000000, 0x0000000100000000)
  region size 1024K, 2 young (2048K), 2 survivors (2048K)
 Metaspace       used 147469K, committed 148800K, reserved 1179648K
  class space    used 19057K, committed 19712K, reserved 1048576K
}
Event: 2177.620 GC heap before
{Heap before GC invocations=97 (full 0):
 garbage-first heap   total 519168K, used 257987K [0x0000000080000000, 0x0000000100000000)
  region size 1024K, 18 young (18432K), 2 survivors (2048K)
 Metaspace       used 147472K, committed 148800K, reserved 1179648K
  class space    used 19057K, committed 19712K, reserved 1048576K
}
Event: 2177.624 GC heap after
{Heap after GC invocations=98 (full 0):
 garbage-first heap   total 519168K, used 244893K [0x0000000080000000, 0x0000000100000000)
  region size 1024K, 4 young (4096K), 4 survivors (4096K)
 Metaspace       used 147472K, committed 148800K, reserved 1179648K
  class space    used 19057K, committed 19712K, reserved 1048576K
}
Event: 2178.617 GC heap before
{Heap before GC invocations=99 (full 0):
 garbage-first heap   total 519168K, used 345245K [0x0000000080000000, 0x0000000100000000)
  region size 1024K, 159 young (162816K), 4 survivors (4096K)
 Metaspace       used 147590K, committed 148992K, reserved 1179648K
  class space    used 19075K, committed 19712K, reserved 1048576K
}
Event: 2178.624 GC heap after
{Heap after GC invocations=100 (full 0):
 garbage-first heap   total 519168K, used 185806K [0x0000000080000000, 0x0000000100000000)
  region size 1024K, 5 young (5120K), 5 survivors (5120K)
 Metaspace       used 147590K, committed 148992K, reserved 1179648K
  class space    used 19075K, committed 19712K, reserved 1048576K
}
Event: 2178.822 GC heap before
{Heap before GC invocations=100 (full 0):
 garbage-first heap   total 519168K, used 206286K [0x0000000080000000, 0x0000000100000000)
  region size 1024K, 25 young (25600K), 5 survivors (5120K)
 Metaspace       used 147592K, committed 148992K, reserved 1179648K
  class space    used 19075K, committed 19712K, reserved 1048576K
}
Event: 2178.844 GC heap after
{Heap after GC invocations=101 (full 0):
 garbage-first heap   total 519168K, used 147968K [0x0000000080000000, 0x0000000100000000)
  region size 1024K, 4 young (4096K), 4 survivors (4096K)
 Metaspace       used 147592K, committed 148992K, reserved 1179648K
  class space    used 19075K, committed 19712K, reserved 1048576K
}
Event: 2179.047 GC heap before
{Heap before GC invocations=101 (full 0):
 garbage-first heap   total 519168K, used 161280K [0x0000000080000000, 0x0000000100000000)
  region size 1024K, 18 young (18432K), 4 survivors (4096K)
 Metaspace       used 147791K, committed 149184K, reserved 1179648K
  class space    used 19110K, committed 19776K, reserved 1048576K
}

