# JRE version: OpenJDK Runtime Environment (17.0.6) (build 17.0.6+0-b2043.56-10027231)
# Java VM: OpenJDK 64-Bit Server VM (17.0.6+0-b2043.56-10027231, mixed mode, tiered, compressed oops, compressed class ptrs, g1 gc, windows-amd64)
GC Precious Log:
 CPUs: 4 total, 4 available
 Memory: 14264M
 Large Page Support: Disabled
 NUMA Support: Disabled
 Compressed Oops: Enabled (32-bit)
 Heap Region Size: 1M
 Heap Min Capacity: 8M
 Heap Initial Capacity: 224M
 Heap Max Capacity: 2G
 Pre-touch: Disabled
 Parallel Workers: 4
 Concurrent Workers: 1
 Concurrent Refinement Workers: 4
 Periodic GC: Disabled
Heap:
 garbage-first heap   total 510976K, used 337408K [0x0000000080000000, 0x0000000100000000)
  region size 1024K, 59 young (60416K), 3 survivors (3072K)
 Metaspace       used 136812K, committed 137728K, reserved 1171456K
  class space    used 17813K, committed 18240K, reserved 1048576K
GC Heap History (20 events):
Event: 29.251 GC heap before
{Heap before GC invocations=65 (full 0):
 garbage-first heap   total 276480K, used 215040K [0x0000000080000000, 0x0000000100000000)
  region size 1024K, 50 young (51200K), 9 survivors (9216K)
 Metaspace       used 113693K, committed 114368K, reserved 1155072K
  class space    used 15335K, committed 15680K, reserved 1048576K
}
Event: 29.293 GC heap after
{Heap after GC invocations=66 (full 0):
 garbage-first heap   total 510976K, used 195584K [0x0000000080000000, 0x0000000100000000)
  region size 1024K, 7 young (7168K), 7 survivors (7168K)
 Metaspace       used 113693K, committed 114368K, reserved 1155072K
  class space    used 15335K, committed 15680K, reserved 1048576K
}
Event: 31.231 GC heap before
{Heap before GC invocations=66 (full 0):
 garbage-first heap   total 510976K, used 347136K [0x0000000080000000, 0x0000000100000000)
  region size 1024K, 146 young (149504K), 7 survivors (7168K)
 Metaspace       used 119195K, committed 119872K, reserved 1155072K
  class space    used 16062K, committed 16384K, reserved 1048576K
}
Event: 31.256 GC heap after
{Heap after GC invocations=67 (full 0):
 garbage-first heap   total 510976K, used 222400K [0x0000000080000000, 0x0000000100000000)
  region size 1024K, 19 young (19456K), 19 survivors (19456K)
 Metaspace       used 119195K, committed 119872K, reserved 1155072K
  class space    used 16062K, committed 16384K, reserved 1048576K
}
Event: 32.521 GC heap before
{Heap before GC invocations=67 (full 0):
 garbage-first heap   total 510976K, used 383168K [0x0000000080000000, 0x0000000100000000)
  region size 1024K, 155 young (158720K), 19 survivors (19456K)
 Metaspace       used 122029K, committed 122752K, reserved 1163264K
  class space    used 16335K, committed 16640K, reserved 1048576K
}
Event: 32.557 GC heap after
{Heap after GC invocations=68 (full 0):
 garbage-first heap   total 510976K, used 264201K [0x0000000080000000, 0x0000000100000000)
  region size 1024K, 20 young (20480K), 20 survivors (20480K)
 Metaspace       used 122029K, committed 122752K, reserved 1163264K
  class space    used 16335K, committed 16640K, reserved 1048576K
}
Event: 35.582 GC heap before
{Heap before GC invocations=68 (full 0):
 garbage-first heap   total 510976K, used 409609K [0x0000000080000000, 0x0000000100000000)
  region size 1024K, 144 young (147456K), 20 survivors (20480K)
 Metaspace       used 125187K, committed 125888K, reserved 1163264K
  class space    used 16624K, committed 16960K, reserved 1048576K
}
Event: 35.601 GC heap after
{Heap after GC invocations=69 (full 0):
 garbage-first heap   total 510976K, used 251392K [0x0000000080000000, 0x0000000100000000)
  region size 1024K, 12 young (12288K), 12 survivors (12288K)
 Metaspace       used 125187K, committed 125888K, reserved 1163264K
  class space    used 16624K, committed 16960K, reserved 1048576K
}
Event: 36.414 GC heap before
{Heap before GC invocations=69 (full 0):
 garbage-first heap   total 510976K, used 390656K [0x0000000080000000, 0x0000000100000000)
  region size 1024K, 148 young (151552K), 12 survivors (12288K)
 Metaspace       used 125247K, committed 125952K, reserved 1163264K
  class space    used 16629K, committed 16960K, reserved 1048576K
}
Event: 36.432 GC heap after
{Heap after GC invocations=70 (full 0):
 garbage-first heap   total 510976K, used 253915K [0x0000000080000000, 0x0000000100000000)
  region size 1024K, 3 young (3072K), 3 survivors (3072K)
 Metaspace       used 125247K, committed 125952K, reserved 1163264K
  class space    used 16629K, committed 16960K, reserved 1048576K
}
Event: 37.841 GC heap before
{Heap before GC invocations=70 (full 0):
 garbage-first heap   total 510976K, used 418779K [0x0000000080000000, 0x0000000100000000)
  region size 1024K, 147 young (150528K), 3 survivors (3072K)
 Metaspace       used 126961K, committed 127744K, reserved 1163264K
  class space    used 16833K, committed 17216K, reserved 1048576K
}
Event: 37.848 GC heap after
{Heap after GC invocations=71 (full 0):
 garbage-first heap   total 510976K, used 272859K [0x0000000080000000, 0x0000000100000000)
  region size 1024K, 3 young (3072K), 3 survivors (3072K)
 Metaspace       used 126961K, committed 127744K, reserved 1163264K
  class space    used 16833K, committed 17216K, reserved 1048576K
}
Event: 1328.053 GC heap before
{Heap before GC invocations=71 (full 0):
 garbage-first heap   total 510976K, used 450011K [0x0000000080000000, 0x0000000100000000)
  region size 1024K, 142 young (145408K), 3 survivors (3072K)
 Metaspace       used 133343K, committed 134208K, reserved 1171456K
  class space    used 17520K, committed 17920K, reserved 1048576K
}
Event: 1328.063 GC heap after
{Heap after GC invocations=72 (full 0):
 garbage-first heap   total 510976K, used 260571K [0x0000000080000000, 0x0000000100000000)
  region size 1024K, 9 young (9216K), 9 survivors (9216K)
 Metaspace       used 133343K, committed 134208K, reserved 1171456K
  class space    used 17520K, committed 17920K, reserved 1048576K
}
Event: 1332.548 GC heap before
{Heap before GC invocations=72 (full 0):
 garbage-first heap   total 510976K, used 420315K [0x0000000080000000, 0x0000000100000000)
  region size 1024K, 164 young (167936K), 9 survivors (9216K)
 Metaspace       used 135918K, committed 136768K, reserved 1171456K
  class space    used 17782K, committed 18176K, reserved 1048576K
}
Event: 1332.571 GC heap after
{Heap after GC invocations=73 (full 0):
 garbage-first heap   total 510976K, used 281065K [0x0000000080000000, 0x0000000100000000)
  region size 1024K, 21 young (21504K), 21 survivors (21504K)
 Metaspace       used 135918K, committed 136768K, reserved 1171456K
  class space    used 17782K, committed 18176K, reserved 1048576K
}
Event: 1334.984 GC heap before
{Heap before GC invocations=73 (full 0):
 garbage-first heap   total 510976K, used 417257K [0x0000000080000000, 0x0000000100000000)
  region size 1024K, 153 young (156672K), 21 survivors (21504K)
 Metaspace       used 136278K, committed 137152K, reserved 1171456K
  class space    used 17783K, committed 18176K, reserved 1048576K
}
Event: 1335.006 GC heap after
{Heap after GC invocations=74 (full 0):
 garbage-first heap   total 510976K, used 289654K [0x0000000080000000, 0x0000000100000000)
  region size 1024K, 13 young (13312K), 13 survivors (13312K)
 Metaspace       used 136278K, committed 137152K, reserved 1171456K
  class space    used 17783K, committed 18176K, reserved 1048576K
}
Event: 1336.502 GC heap before
{Heap before GC invocations=74 (full 0):
 garbage-first heap   total 510976K, used 440182K [0x0000000080000000, 0x0000000100000000)
  region size 1024K, 140 young (143360K), 13 survivors (13312K)
 Metaspace       used 136420K, committed 137216K, reserved 1171456K
  class space    used 17791K, committed 18176K, reserved 1048576K
}
Event: 1336.505 GC heap after
{Heap after GC invocations=75 (full 0):
 garbage-first heap   total 510976K, used 281088K [0x0000000080000000, 0x0000000100000000)
  region size 1024K, 3 young (3072K), 3 survivors (3072K)
 Metaspace       used 136420K, committed 137216K, reserved 1171456K
  class space    used 17791K, committed 18176K, reserved 1048576K
}

