# JRE version: OpenJDK Runtime Environment (17.0.6) (build 17.0.6+0-b2043.56-10027231)
# Java VM: OpenJDK 64-Bit Server VM (17.0.6+0-b2043.56-10027231, mixed mode, tiered, compressed oops, compressed class ptrs, g1 gc, windows-amd64)
GC Precious Log:
 CPUs: 4 total, 4 available
 Memory: 14264M
 Large Page Support: Disabled
 NUMA Support: Disabled
 Compressed Oops: Enabled (32-bit)
 Heap Region Size: 1M
 Heap Min Capacity: 8M
 Heap Initial Capacity: 224M
 Heap Max Capacity: 2G
 Pre-touch: Disabled
 Parallel Workers: 4
 Concurrent Workers: 1
 Concurrent Refinement Workers: 4
 Periodic GC: Disabled
Heap:
 garbage-first heap   total 454656K, used 188786K [0x0000000080000000, 0x0000000100000000)
  region size 1024K, 66 young (67584K), 13 survivors (13312K)
 Metaspace       used 138878K, committed 140544K, reserved 1171456K
  class space    used 18176K, committed 18944K, reserved 1048576K
GC Heap History (20 events):
Event: 4051.076 GC heap before
{Heap before GC invocations=72 (full 0):
 garbage-first heap   total 331776K, used 280503K [0x0000000080000000, 0x0000000100000000)
  region size 1024K, 46 young (47104K), 5 survivors (5120K)
 Metaspace       used 137023K, committed 138304K, reserved 1171456K
  class space    used 17911K, committed 18496K, reserved 1048576K
}
Event: 4051.080 GC heap after
{Heap after GC invocations=73 (full 0):
 garbage-first heap   total 331776K, used 238048K [0x0000000080000000, 0x0000000100000000)
  region size 1024K, 2 young (2048K), 2 survivors (2048K)
 Metaspace       used 137023K, committed 138304K, reserved 1171456K
  class space    used 17911K, committed 18496K, reserved 1048576K
}
Event: 4202.782 GC heap before
{Heap before GC invocations=73 (full 0):
 garbage-first heap   total 331776K, used 282080K [0x0000000080000000, 0x0000000100000000)
  region size 1024K, 46 young (47104K), 2 survivors (2048K)
 Metaspace       used 137094K, committed 138368K, reserved 1171456K
  class space    used 17911K, committed 18496K, reserved 1048576K
}
Event: 4202.789 GC heap after
{Heap after GC invocations=74 (full 0):
 garbage-first heap   total 331776K, used 243500K [0x0000000080000000, 0x0000000100000000)
  region size 1024K, 6 young (6144K), 6 survivors (6144K)
 Metaspace       used 137094K, committed 138368K, reserved 1171456K
  class space    used 17911K, committed 18496K, reserved 1048576K
}
Event: 4583.151 GC heap before
{Heap before GC invocations=74 (full 0):
 garbage-first heap   total 331776K, used 282412K [0x0000000080000000, 0x0000000100000000)
  region size 1024K, 45 young (46080K), 6 survivors (6144K)
 Metaspace       used 137136K, committed 138432K, reserved 1171456K
  class space    used 17911K, committed 18496K, reserved 1048576K
}
Event: 4583.160 GC heap after
{Heap after GC invocations=75 (full 0):
 garbage-first heap   total 331776K, used 246182K [0x0000000080000000, 0x0000000100000000)
  region size 1024K, 3 young (3072K), 3 survivors (3072K)
 Metaspace       used 137136K, committed 138432K, reserved 1171456K
  class space    used 17911K, committed 18496K, reserved 1048576K
}
Event: 4583.644 GC heap before
{Heap before GC invocations=75 (full 0):
 garbage-first heap   total 331776K, used 286118K [0x0000000080000000, 0x0000000100000000)
  region size 1024K, 41 young (41984K), 3 survivors (3072K)
 Metaspace       used 137203K, committed 138560K, reserved 1171456K
  class space    used 17911K, committed 18496K, reserved 1048576K
}
Event: 4583.657 GC heap after
{Heap after GC invocations=76 (full 0):
 garbage-first heap   total 331776K, used 257024K [0x0000000080000000, 0x0000000100000000)
  region size 1024K, 6 young (6144K), 6 survivors (6144K)
 Metaspace       used 137203K, committed 138560K, reserved 1171456K
  class space    used 17911K, committed 18496K, reserved 1048576K
}
Event: 4583.872 GC heap before
{Heap before GC invocations=76 (full 0):
 garbage-first heap   total 331776K, used 283648K [0x0000000080000000, 0x0000000100000000)
  region size 1024K, 33 young (33792K), 6 survivors (6144K)
 Metaspace       used 137242K, committed 138560K, reserved 1171456K
  class space    used 17911K, committed 18496K, reserved 1048576K
}
Event: 4583.881 GC heap after
{Heap after GC invocations=77 (full 0):
 garbage-first heap   total 331776K, used 263912K [0x0000000080000000, 0x0000000100000000)
  region size 1024K, 5 young (5120K), 5 survivors (5120K)
 Metaspace       used 137242K, committed 138560K, reserved 1171456K
  class space    used 17911K, committed 18496K, reserved 1048576K
}
Event: 4584.194 GC heap before
{Heap before GC invocations=78 (full 0):
 garbage-first heap   total 386048K, used 240360K [0x0000000080000000, 0x0000000100000000)
  region size 1024K, 23 young (23552K), 5 survivors (5120K)
 Metaspace       used 137043K, committed 138624K, reserved 1171456K
  class space    used 17855K, committed 18496K, reserved 1048576K
}
Event: 4584.200 GC heap after
{Heap after GC invocations=79 (full 0):
 garbage-first heap   total 386048K, used 224382K [0x0000000080000000, 0x0000000100000000)
  region size 1024K, 2 young (2048K), 2 survivors (2048K)
 Metaspace       used 137043K, committed 138624K, reserved 1171456K
  class space    used 17855K, committed 18496K, reserved 1048576K
}
Event: 4615.227 GC heap before
{Heap before GC invocations=79 (full 0):
 garbage-first heap   total 386048K, used 259198K [0x0000000080000000, 0x0000000100000000)
  region size 1024K, 18 young (18432K), 2 survivors (2048K)
 Metaspace       used 137077K, committed 138624K, reserved 1171456K
  class space    used 17855K, committed 18496K, reserved 1048576K
}
Event: 4615.232 GC heap after
{Heap after GC invocations=80 (full 0):
 garbage-first heap   total 386048K, used 184061K [0x0000000080000000, 0x0000000100000000)
  region size 1024K, 2 young (2048K), 2 survivors (2048K)
 Metaspace       used 137077K, committed 138624K, reserved 1171456K
  class space    used 17855K, committed 18496K, reserved 1048576K
}
Event: 4615.326 GC heap before
{Heap before GC invocations=80 (full 0):
 garbage-first heap   total 386048K, used 199421K [0x0000000080000000, 0x0000000100000000)
  region size 1024K, 18 young (18432K), 2 survivors (2048K)
 Metaspace       used 137094K, committed 138624K, reserved 1171456K
  class space    used 17855K, committed 18496K, reserved 1048576K
}
Event: 4615.334 GC heap after
{Heap after GC invocations=81 (full 0):
 garbage-first heap   total 386048K, used 147558K [0x0000000080000000, 0x0000000100000000)
  region size 1024K, 3 young (3072K), 3 survivors (3072K)
 Metaspace       used 137094K, committed 138624K, reserved 1171456K
  class space    used 17855K, committed 18496K, reserved 1048576K
}
Event: 4615.452 GC heap before
{Heap before GC invocations=81 (full 0):
 garbage-first heap   total 386048K, used 162918K [0x0000000080000000, 0x0000000100000000)
  region size 1024K, 18 young (18432K), 3 survivors (3072K)
 Metaspace       used 137128K, committed 138624K, reserved 1171456K
  class space    used 17856K, committed 18496K, reserved 1048576K
}
Event: 4615.472 GC heap after
{Heap after GC invocations=82 (full 0):
 garbage-first heap   total 454656K, used 123566K [0x0000000080000000, 0x0000000100000000)
  region size 1024K, 3 young (3072K), 3 survivors (3072K)
 Metaspace       used 137128K, committed 138624K, reserved 1171456K
  class space    used 17856K, committed 18496K, reserved 1048576K
}
Event: 4697.014 GC heap before
{Heap before GC invocations=82 (full 0):
 garbage-first heap   total 454656K, used 339630K [0x0000000080000000, 0x0000000100000000)
  region size 1024K, 194 young (198656K), 3 survivors (3072K)
 Metaspace       used 137354K, committed 138688K, reserved 1171456K
  class space    used 17868K, committed 18496K, reserved 1048576K
}
Event: 4697.028 GC heap after
{Heap after GC invocations=83 (full 0):
 garbage-first heap   total 454656K, used 135538K [0x0000000080000000, 0x0000000100000000)
  region size 1024K, 13 young (13312K), 13 survivors (13312K)
 Metaspace       used 137354K, committed 138688K, reserved 1171456K
  class space    used 17868K, committed 18496K, reserved 1048576K
}

